2023-01-21 03:10:37,806 INFO org.hibernate.validator.internal.util.Version [background-preinit] HV000001: Hibernate Validator 6.2.5.Final
2023-01-21 03:10:37,837 INFO org.springframework.boot.StartupInfoLogger [main] Starting MovieGatewayApiApplication using Java 17.0.4.1 on Hariharan with PID 20320 (C:\Users\HariharanB\FullstackFinal\movie-gateway-api\target\classes started by HariharanB in C:\Users\HariharanB\FullstackFinal\movie-gateway-api)
2023-01-21 03:10:37,839 DEBUG org.springframework.boot.StartupInfoLogger [main] Running with Spring Boot v2.7.7, Spring v5.3.24
2023-01-21 03:10:37,840 INFO org.springframework.boot.SpringApplication [main] No active profile set, falling back to 1 default profile: "default"
2023-01-21 03:10:37,920 INFO org.springframework.boot.logging.DeferredLog [main] Fetching config from server at : http://localhost:8888
2023-01-21 03:10:37,920 INFO org.springframework.boot.logging.DeferredLog [main] Located environment: name=MOVIE-GATEWAY, profiles=[default], label=null, version=859c16c98cdc5dea4ed03fb37a9541c751f918d5, state=null
2023-01-21 03:10:39,383 INFO org.springframework.cloud.context.scope.GenericScope [main] BeanFactory id=dc69adca-51a2-3211-a071-184e4175ed48
2023-01-21 03:10:39,479 INFO org.springframework.context.support.PostProcessorRegistrationDelegate$BeanPostProcessorChecker [main] Bean 'org.springframework.cloud.client.loadbalancer.reactive.LoadBalancerBeanPostProcessorAutoConfiguration' of type [org.springframework.cloud.client.loadbalancer.reactive.LoadBalancerBeanPostProcessorAutoConfiguration] is not eligible for getting processed by all BeanPostProcessors (for example: not eligible for auto-proxying)
2023-01-21 03:10:39,480 INFO org.springframework.context.support.PostProcessorRegistrationDelegate$BeanPostProcessorChecker [main] Bean 'org.springframework.cloud.client.loadbalancer.reactive.LoadBalancerBeanPostProcessorAutoConfiguration$ReactorDeferringLoadBalancerFilterConfig' of type [org.springframework.cloud.client.loadbalancer.reactive.LoadBalancerBeanPostProcessorAutoConfiguration$ReactorDeferringLoadBalancerFilterConfig] is not eligible for getting processed by all BeanPostProcessors (for example: not eligible for auto-proxying)
2023-01-21 03:10:39,483 INFO org.springframework.context.support.PostProcessorRegistrationDelegate$BeanPostProcessorChecker [main] Bean 'reactorDeferringLoadBalancerExchangeFilterFunction' of type [org.springframework.cloud.client.loadbalancer.reactive.DeferringLoadBalancerExchangeFilterFunction] is not eligible for getting processed by all BeanPostProcessors (for example: not eligible for auto-proxying)
2023-01-21 03:10:41,213 INFO org.springframework.cloud.gateway.route.RouteDefinitionRouteLocator [main] Loaded RoutePredicateFactory [After]
2023-01-21 03:10:41,214 INFO org.springframework.cloud.gateway.route.RouteDefinitionRouteLocator [main] Loaded RoutePredicateFactory [Before]
2023-01-21 03:10:41,214 INFO org.springframework.cloud.gateway.route.RouteDefinitionRouteLocator [main] Loaded RoutePredicateFactory [Between]
2023-01-21 03:10:41,215 INFO org.springframework.cloud.gateway.route.RouteDefinitionRouteLocator [main] Loaded RoutePredicateFactory [Cookie]
2023-01-21 03:10:41,216 INFO org.springframework.cloud.gateway.route.RouteDefinitionRouteLocator [main] Loaded RoutePredicateFactory [Header]
2023-01-21 03:10:41,216 INFO org.springframework.cloud.gateway.route.RouteDefinitionRouteLocator [main] Loaded RoutePredicateFactory [Host]
2023-01-21 03:10:41,216 INFO org.springframework.cloud.gateway.route.RouteDefinitionRouteLocator [main] Loaded RoutePredicateFactory [Method]
2023-01-21 03:10:41,217 INFO org.springframework.cloud.gateway.route.RouteDefinitionRouteLocator [main] Loaded RoutePredicateFactory [Path]
2023-01-21 03:10:41,217 INFO org.springframework.cloud.gateway.route.RouteDefinitionRouteLocator [main] Loaded RoutePredicateFactory [Query]
2023-01-21 03:10:41,217 INFO org.springframework.cloud.gateway.route.RouteDefinitionRouteLocator [main] Loaded RoutePredicateFactory [ReadBody]
2023-01-21 03:10:41,217 INFO org.springframework.cloud.gateway.route.RouteDefinitionRouteLocator [main] Loaded RoutePredicateFactory [RemoteAddr]
2023-01-21 03:10:41,218 INFO org.springframework.cloud.gateway.route.RouteDefinitionRouteLocator [main] Loaded RoutePredicateFactory [XForwardedRemoteAddr]
2023-01-21 03:10:41,219 INFO org.springframework.cloud.gateway.route.RouteDefinitionRouteLocator [main] Loaded RoutePredicateFactory [Weight]
2023-01-21 03:10:41,219 INFO org.springframework.cloud.gateway.route.RouteDefinitionRouteLocator [main] Loaded RoutePredicateFactory [CloudFoundryRouteService]
2023-01-21 03:10:42,291 INFO org.springframework.boot.actuate.endpoint.web.EndpointLinksResolver [main] Exposing 1 endpoint(s) beneath base path '/actuator'
2023-01-21 03:10:42,550 INFO org.springframework.cloud.netflix.eureka.config.DiscoveryClientOptionalArgsConfiguration [main] Eureka HTTP Client uses RestTemplate.
2023-01-21 03:10:42,622 WARN org.springframework.cloud.loadbalancer.config.LoadBalancerCacheAutoConfiguration$LoadBalancerCaffeineWarnLogger [main] Spring Cloud LoadBalancer is currently working with the default cache. While this cache implementation is useful for development and tests, it's recommended to use Caffeine cache in production.You can switch to using Caffeine cache, by adding it and org.springframework.cache.caffeine.CaffeineCacheManager to the classpath.
2023-01-21 03:10:42,696 INFO org.springframework.cloud.netflix.eureka.InstanceInfoFactory [main] Setting initial instance status as: STARTING
2023-01-21 03:10:42,749 INFO com.netflix.discovery.DiscoveryClient [main] Initializing Eureka in region us-east-1
2023-01-21 03:10:42,757 INFO com.netflix.discovery.shared.resolver.aws.ConfigClusterResolver [main] Resolving eureka endpoints via configuration
2023-01-21 03:10:42,789 INFO com.netflix.discovery.DiscoveryClient [main] Disable delta property : false
2023-01-21 03:10:42,790 INFO com.netflix.discovery.DiscoveryClient [main] Single vip registry refresh property : null
2023-01-21 03:10:42,790 INFO com.netflix.discovery.DiscoveryClient [main] Force full registry fetch : false
2023-01-21 03:10:42,791 INFO com.netflix.discovery.DiscoveryClient [main] Application is null : false
2023-01-21 03:10:42,791 INFO com.netflix.discovery.DiscoveryClient [main] Registered Applications size is zero : true
2023-01-21 03:10:42,791 INFO com.netflix.discovery.DiscoveryClient [main] Application version is -1: true
2023-01-21 03:10:42,791 INFO com.netflix.discovery.DiscoveryClient [main] Getting all instance registry info from the eureka server
2023-01-21 03:10:43,163 INFO com.netflix.discovery.DiscoveryClient [main] The response status is 200
2023-01-21 03:10:43,167 INFO com.netflix.discovery.DiscoveryClient [main] Starting heartbeat executor: renew interval is: 30
2023-01-21 03:10:43,170 INFO com.netflix.discovery.InstanceInfoReplicator [main] InstanceInfoReplicator onDemand update allowed rate per min is 4
2023-01-21 03:10:43,178 INFO com.netflix.discovery.DiscoveryClient [main] Discovery Client initialized at timestamp 1674250843176 with initial instances count: 0
2023-01-21 03:10:43,180 INFO org.springframework.cloud.netflix.eureka.serviceregistry.EurekaServiceRegistry [main] Registering application MOVIE-GATEWAY with eureka with status UP
2023-01-21 03:10:43,182 INFO com.netflix.discovery.DiscoveryClient$3 [main] Saw local status change event StatusChangeEvent [timestamp=1674250843181, current=UP, previous=STARTING]
2023-01-21 03:10:43,184 INFO com.netflix.discovery.DiscoveryClient [DiscoveryClient-InstanceInfoReplicator-0] DiscoveryClient_MOVIE-GATEWAY/host.docker.internal:MOVIE-GATEWAY:9000: registering service...
2023-01-21 03:10:43,257 INFO com.netflix.discovery.DiscoveryClient [DiscoveryClient-InstanceInfoReplicator-0] DiscoveryClient_MOVIE-GATEWAY/host.docker.internal:MOVIE-GATEWAY:9000 - registration status: 204
2023-01-21 03:10:43,608 INFO org.springframework.boot.web.embedded.netty.NettyWebServer [main] Netty started on port 9000
2023-01-21 03:10:43,609 INFO org.springframework.cloud.netflix.eureka.serviceregistry.EurekaAutoServiceRegistration [main] Updating port to 9000
2023-01-21 03:10:44,698 INFO org.springframework.boot.StartupInfoLogger [main] Started MovieGatewayApiApplication in 12.631 seconds (JVM running for 14.23)
2023-01-21 03:11:13,175 INFO com.netflix.discovery.DiscoveryClient [DiscoveryClient-CacheRefreshExecutor-0] Disable delta property : false
2023-01-21 03:11:13,177 INFO com.netflix.discovery.DiscoveryClient [DiscoveryClient-CacheRefreshExecutor-0] Single vip registry refresh property : null
2023-01-21 03:11:13,179 INFO com.netflix.discovery.DiscoveryClient [DiscoveryClient-CacheRefreshExecutor-0] Force full registry fetch : false
2023-01-21 03:11:13,181 INFO com.netflix.discovery.DiscoveryClient [DiscoveryClient-CacheRefreshExecutor-0] Application is null : false
2023-01-21 03:11:13,181 INFO com.netflix.discovery.DiscoveryClient [DiscoveryClient-CacheRefreshExecutor-0] Registered Applications size is zero : true
2023-01-21 03:11:13,182 INFO com.netflix.discovery.DiscoveryClient [DiscoveryClient-CacheRefreshExecutor-0] Application version is -1: false
2023-01-21 03:11:13,182 INFO com.netflix.discovery.DiscoveryClient [DiscoveryClient-CacheRefreshExecutor-0] Getting all instance registry info from the eureka server
2023-01-21 03:11:13,219 INFO com.netflix.discovery.DiscoveryClient [DiscoveryClient-CacheRefreshExecutor-0] The response status is 200
2023-01-21 03:15:42,805 INFO com.netflix.discovery.shared.resolver.aws.ConfigClusterResolver [AsyncResolver-bootstrap-executor-0] Resolving eureka endpoints via configuration
2023-01-21 03:20:42,817 INFO com.netflix.discovery.shared.resolver.aws.ConfigClusterResolver [AsyncResolver-bootstrap-executor-0] Resolving eureka endpoints via configuration
