2022-12-30 00:00:01,167 INFO com.netflix.eureka.registry.AbstractInstanceRegistry$EvictionTask [Eureka-EvictionTimer] Running the evict task with compensationTime 0ms
2022-12-30 00:01:01,167 INFO com.netflix.eureka.registry.AbstractInstanceRegistry$EvictionTask [Eureka-EvictionTimer] Running the evict task with compensationTime 0ms
2022-12-30 00:02:01,167 INFO com.netflix.eureka.registry.AbstractInstanceRegistry$EvictionTask [Eureka-EvictionTimer] Running the evict task with compensationTime 0ms
2022-12-30 00:02:02,342 WARN com.netflix.eureka.cluster.PeerEurekaNodes [Eureka-PeerNodesUpdater] The replica size seems to be empty. Check the route 53 DNS Registry
2022-12-30 00:03:01,168 INFO com.netflix.eureka.registry.AbstractInstanceRegistry$EvictionTask [Eureka-EvictionTimer] Running the evict task with compensationTime 0ms
2022-12-30 00:04:01,169 INFO com.netflix.eureka.registry.AbstractInstanceRegistry$EvictionTask [Eureka-EvictionTimer] Running the evict task with compensationTime 1ms
2022-12-30 00:05:01,170 INFO com.netflix.eureka.registry.AbstractInstanceRegistry$EvictionTask [Eureka-EvictionTimer] Running the evict task with compensationTime 0ms
2022-12-30 00:06:01,171 INFO com.netflix.eureka.registry.AbstractInstanceRegistry$EvictionTask [Eureka-EvictionTimer] Running the evict task with compensationTime 1ms
2022-12-30 00:07:00,817 INFO com.netflix.eureka.registry.PeerAwareInstanceRegistryImpl [ReplicaAwareInstanceRegistry - RenewalThresholdUpdater] Current renewal threshold is : 0
2022-12-30 00:07:01,171 INFO com.netflix.eureka.registry.AbstractInstanceRegistry$EvictionTask [Eureka-EvictionTimer] Running the evict task with compensationTime 0ms
2022-12-30 00:08:01,172 INFO com.netflix.eureka.registry.AbstractInstanceRegistry$EvictionTask [Eureka-EvictionTimer] Running the evict task with compensationTime 0ms
2022-12-30 00:09:01,172 INFO com.netflix.eureka.registry.AbstractInstanceRegistry$EvictionTask [Eureka-EvictionTimer] Running the evict task with compensationTime 0ms
2022-12-30 00:10:01,173 INFO com.netflix.eureka.registry.AbstractInstanceRegistry$EvictionTask [Eureka-EvictionTimer] Running the evict task with compensationTime 0ms
2022-12-30 00:11:01,174 INFO com.netflix.eureka.registry.AbstractInstanceRegistry$EvictionTask [Eureka-EvictionTimer] Running the evict task with compensationTime 1ms
2022-12-30 00:12:01,175 INFO com.netflix.eureka.registry.AbstractInstanceRegistry$EvictionTask [Eureka-EvictionTimer] Running the evict task with compensationTime 0ms
2022-12-30 00:12:02,352 WARN com.netflix.eureka.cluster.PeerEurekaNodes [Eureka-PeerNodesUpdater] The replica size seems to be empty. Check the route 53 DNS Registry
2022-12-30 00:13:01,176 INFO com.netflix.eureka.registry.AbstractInstanceRegistry$EvictionTask [Eureka-EvictionTimer] Running the evict task with compensationTime 1ms
2022-12-30 00:14:01,176 INFO com.netflix.eureka.registry.AbstractInstanceRegistry$EvictionTask [Eureka-EvictionTimer] Running the evict task with compensationTime 0ms
2022-12-30 00:15:01,176 INFO com.netflix.eureka.registry.AbstractInstanceRegistry$EvictionTask [Eureka-EvictionTimer] Running the evict task with compensationTime 0ms
2022-12-30 00:16:01,176 INFO com.netflix.eureka.registry.AbstractInstanceRegistry$EvictionTask [Eureka-EvictionTimer] Running the evict task with compensationTime 0ms
2022-12-30 00:17:01,176 INFO com.netflix.eureka.registry.AbstractInstanceRegistry$EvictionTask [Eureka-EvictionTimer] Running the evict task with compensationTime 0ms
2022-12-30 00:18:01,176 INFO com.netflix.eureka.registry.AbstractInstanceRegistry$EvictionTask [Eureka-EvictionTimer] Running the evict task with compensationTime 0ms
2022-12-30 00:19:01,177 INFO com.netflix.eureka.registry.AbstractInstanceRegistry$EvictionTask [Eureka-EvictionTimer] Running the evict task with compensationTime 0ms
2022-12-30 00:20:01,178 INFO com.netflix.eureka.registry.AbstractInstanceRegistry$EvictionTask [Eureka-EvictionTimer] Running the evict task with compensationTime 0ms
2022-12-30 00:21:01,179 INFO com.netflix.eureka.registry.AbstractInstanceRegistry$EvictionTask [Eureka-EvictionTimer] Running the evict task with compensationTime 0ms
2022-12-30 00:22:00,817 INFO com.netflix.eureka.registry.PeerAwareInstanceRegistryImpl [ReplicaAwareInstanceRegistry - RenewalThresholdUpdater] Current renewal threshold is : 0
2022-12-30 00:22:01,179 INFO com.netflix.eureka.registry.AbstractInstanceRegistry$EvictionTask [Eureka-EvictionTimer] Running the evict task with compensationTime 0ms
2022-12-30 00:22:02,355 WARN com.netflix.eureka.cluster.PeerEurekaNodes [Eureka-PeerNodesUpdater] The replica size seems to be empty. Check the route 53 DNS Registry
2022-12-30 00:23:01,179 INFO com.netflix.eureka.registry.AbstractInstanceRegistry$EvictionTask [Eureka-EvictionTimer] Running the evict task with compensationTime 0ms
2022-12-30 00:24:01,180 INFO com.netflix.eureka.registry.AbstractInstanceRegistry$EvictionTask [Eureka-EvictionTimer] Running the evict task with compensationTime 0ms
2022-12-30 00:25:01,181 INFO com.netflix.eureka.registry.AbstractInstanceRegistry$EvictionTask [Eureka-EvictionTimer] Running the evict task with compensationTime 0ms
2022-12-30 00:26:01,182 INFO com.netflix.eureka.registry.AbstractInstanceRegistry$EvictionTask [Eureka-EvictionTimer] Running the evict task with compensationTime 0ms
2022-12-30 00:27:01,182 INFO com.netflix.eureka.registry.AbstractInstanceRegistry$EvictionTask [Eureka-EvictionTimer] Running the evict task with compensationTime 0ms
2022-12-30 00:28:01,182 INFO com.netflix.eureka.registry.AbstractInstanceRegistry$EvictionTask [Eureka-EvictionTimer] Running the evict task with compensationTime 0ms
2022-12-30 00:29:01,183 INFO com.netflix.eureka.registry.AbstractInstanceRegistry$EvictionTask [Eureka-EvictionTimer] Running the evict task with compensationTime 0ms
2022-12-30 00:30:01,183 INFO com.netflix.eureka.registry.AbstractInstanceRegistry$EvictionTask [Eureka-EvictionTimer] Running the evict task with compensationTime 0ms
2022-12-30 00:31:01,183 INFO com.netflix.eureka.registry.AbstractInstanceRegistry$EvictionTask [Eureka-EvictionTimer] Running the evict task with compensationTime 0ms
2022-12-30 00:32:01,184 INFO com.netflix.eureka.registry.AbstractInstanceRegistry$EvictionTask [Eureka-EvictionTimer] Running the evict task with compensationTime 0ms
2022-12-30 00:32:02,364 WARN com.netflix.eureka.cluster.PeerEurekaNodes [Eureka-PeerNodesUpdater] The replica size seems to be empty. Check the route 53 DNS Registry
2022-12-30 00:33:01,184 INFO com.netflix.eureka.registry.AbstractInstanceRegistry$EvictionTask [Eureka-EvictionTimer] Running the evict task with compensationTime 0ms
2022-12-30 00:34:01,185 INFO com.netflix.eureka.registry.AbstractInstanceRegistry$EvictionTask [Eureka-EvictionTimer] Running the evict task with compensationTime 0ms
2022-12-30 00:35:01,185 INFO com.netflix.eureka.registry.AbstractInstanceRegistry$EvictionTask [Eureka-EvictionTimer] Running the evict task with compensationTime 0ms
2022-12-30 00:36:01,186 INFO com.netflix.eureka.registry.AbstractInstanceRegistry$EvictionTask [Eureka-EvictionTimer] Running the evict task with compensationTime 0ms
2022-12-30 00:37:00,818 INFO com.netflix.eureka.registry.PeerAwareInstanceRegistryImpl [ReplicaAwareInstanceRegistry - RenewalThresholdUpdater] Current renewal threshold is : 0
2022-12-30 00:37:01,187 INFO com.netflix.eureka.registry.AbstractInstanceRegistry$EvictionTask [Eureka-EvictionTimer] Running the evict task with compensationTime 1ms
2022-12-30 00:38:01,187 INFO com.netflix.eureka.registry.AbstractInstanceRegistry$EvictionTask [Eureka-EvictionTimer] Running the evict task with compensationTime 0ms
2022-12-30 00:39:01,188 INFO com.netflix.eureka.registry.AbstractInstanceRegistry$EvictionTask [Eureka-EvictionTimer] Running the evict task with compensationTime 0ms
2022-12-30 00:40:01,188 INFO com.netflix.eureka.registry.AbstractInstanceRegistry$EvictionTask [Eureka-EvictionTimer] Running the evict task with compensationTime 0ms
2022-12-30 00:41:01,189 INFO com.netflix.eureka.registry.AbstractInstanceRegistry$EvictionTask [Eureka-EvictionTimer] Running the evict task with compensationTime 1ms
2022-12-30 00:42:01,190 INFO com.netflix.eureka.registry.AbstractInstanceRegistry$EvictionTask [Eureka-EvictionTimer] Running the evict task with compensationTime 0ms
2022-12-30 00:42:02,371 WARN com.netflix.eureka.cluster.PeerEurekaNodes [Eureka-PeerNodesUpdater] The replica size seems to be empty. Check the route 53 DNS Registry
2022-12-30 00:43:01,191 INFO com.netflix.eureka.registry.AbstractInstanceRegistry$EvictionTask [Eureka-EvictionTimer] Running the evict task with compensationTime 1ms
2022-12-30 00:44:01,191 INFO com.netflix.eureka.registry.AbstractInstanceRegistry$EvictionTask [Eureka-EvictionTimer] Running the evict task with compensationTime 0ms
2022-12-30 00:45:01,196 INFO com.netflix.eureka.registry.AbstractInstanceRegistry$EvictionTask [Eureka-EvictionTimer] Running the evict task with compensationTime 0ms
2022-12-30 00:46:01,193 INFO com.netflix.eureka.registry.AbstractInstanceRegistry$EvictionTask [Eureka-EvictionTimer] Running the evict task with compensationTime 0ms
2022-12-30 00:47:01,193 INFO com.netflix.eureka.registry.AbstractInstanceRegistry$EvictionTask [Eureka-EvictionTimer] Running the evict task with compensationTime 0ms
2022-12-30 00:48:01,193 INFO com.netflix.eureka.registry.AbstractInstanceRegistry$EvictionTask [Eureka-EvictionTimer] Running the evict task with compensationTime 0ms
2022-12-30 00:49:01,194 INFO com.netflix.eureka.registry.AbstractInstanceRegistry$EvictionTask [Eureka-EvictionTimer] Running the evict task with compensationTime 0ms
2022-12-30 00:50:01,194 INFO com.netflix.eureka.registry.AbstractInstanceRegistry$EvictionTask [Eureka-EvictionTimer] Running the evict task with compensationTime 0ms
2022-12-30 00:51:01,194 INFO com.netflix.eureka.registry.AbstractInstanceRegistry$EvictionTask [Eureka-EvictionTimer] Running the evict task with compensationTime 0ms
2022-12-30 00:52:00,819 INFO com.netflix.eureka.registry.PeerAwareInstanceRegistryImpl [ReplicaAwareInstanceRegistry - RenewalThresholdUpdater] Current renewal threshold is : 0
2022-12-30 00:52:01,194 INFO com.netflix.eureka.registry.AbstractInstanceRegistry$EvictionTask [Eureka-EvictionTimer] Running the evict task with compensationTime 0ms
2022-12-30 00:52:02,379 WARN com.netflix.eureka.cluster.PeerEurekaNodes [Eureka-PeerNodesUpdater] The replica size seems to be empty. Check the route 53 DNS Registry
2022-12-30 00:53:01,195 INFO com.netflix.eureka.registry.AbstractInstanceRegistry$EvictionTask [Eureka-EvictionTimer] Running the evict task with compensationTime 0ms
2022-12-30 00:54:01,195 INFO com.netflix.eureka.registry.AbstractInstanceRegistry$EvictionTask [Eureka-EvictionTimer] Running the evict task with compensationTime 0ms
2022-12-30 00:55:01,195 INFO com.netflix.eureka.registry.AbstractInstanceRegistry$EvictionTask [Eureka-EvictionTimer] Running the evict task with compensationTime 0ms
2022-12-30 07:45:02,231 INFO com.netflix.eureka.registry.AbstractInstanceRegistry$EvictionTask [Eureka-EvictionTimer] Running the evict task with compensationTime 24541061ms
2022-12-30 07:46:02,232 INFO com.netflix.eureka.registry.AbstractInstanceRegistry$EvictionTask [Eureka-EvictionTimer] Running the evict task with compensationTime 0ms
2022-12-30 07:47:02,232 INFO com.netflix.eureka.registry.AbstractInstanceRegistry$EvictionTask [Eureka-EvictionTimer] Running the evict task with compensationTime 0ms
2022-12-30 07:48:02,232 INFO com.netflix.eureka.registry.AbstractInstanceRegistry$EvictionTask [Eureka-EvictionTimer] Running the evict task with compensationTime 0ms
2022-12-30 07:49:02,233 INFO com.netflix.eureka.registry.AbstractInstanceRegistry$EvictionTask [Eureka-EvictionTimer] Running the evict task with compensationTime 0ms
2022-12-30 07:50:02,233 INFO com.netflix.eureka.registry.AbstractInstanceRegistry$EvictionTask [Eureka-EvictionTimer] Running the evict task with compensationTime 0ms
2022-12-30 07:51:02,233 INFO com.netflix.eureka.registry.AbstractInstanceRegistry$EvictionTask [Eureka-EvictionTimer] Running the evict task with compensationTime 0ms
2022-12-30 07:51:03,417 WARN com.netflix.eureka.cluster.PeerEurekaNodes [Eureka-PeerNodesUpdater] The replica size seems to be empty. Check the route 53 DNS Registry
2022-12-30 07:52:02,234 INFO com.netflix.eureka.registry.AbstractInstanceRegistry$EvictionTask [Eureka-EvictionTimer] Running the evict task with compensationTime 0ms
2022-12-30 07:53:02,234 INFO com.netflix.eureka.registry.AbstractInstanceRegistry$EvictionTask [Eureka-EvictionTimer] Running the evict task with compensationTime 0ms
2022-12-30 07:54:02,234 INFO com.netflix.eureka.registry.AbstractInstanceRegistry$EvictionTask [Eureka-EvictionTimer] Running the evict task with compensationTime 0ms
2022-12-30 07:55:02,235 INFO com.netflix.eureka.registry.AbstractInstanceRegistry$EvictionTask [Eureka-EvictionTimer] Running the evict task with compensationTime 0ms
2022-12-30 07:56:01,856 INFO com.netflix.eureka.registry.PeerAwareInstanceRegistryImpl [ReplicaAwareInstanceRegistry - RenewalThresholdUpdater] Current renewal threshold is : 0
2022-12-30 07:56:02,236 INFO com.netflix.eureka.registry.AbstractInstanceRegistry$EvictionTask [Eureka-EvictionTimer] Running the evict task with compensationTime 1ms
2022-12-30 07:57:02,236 INFO com.netflix.eureka.registry.AbstractInstanceRegistry$EvictionTask [Eureka-EvictionTimer] Running the evict task with compensationTime 0ms
2022-12-30 07:58:02,237 INFO com.netflix.eureka.registry.AbstractInstanceRegistry$EvictionTask [Eureka-EvictionTimer] Running the evict task with compensationTime 1ms
2022-12-30 07:59:02,238 INFO com.netflix.eureka.registry.AbstractInstanceRegistry$EvictionTask [Eureka-EvictionTimer] Running the evict task with compensationTime 0ms
2022-12-30 08:00:02,238 INFO com.netflix.eureka.registry.AbstractInstanceRegistry$EvictionTask [Eureka-EvictionTimer] Running the evict task with compensationTime 0ms
2022-12-30 08:01:02,239 INFO com.netflix.eureka.registry.AbstractInstanceRegistry$EvictionTask [Eureka-EvictionTimer] Running the evict task with compensationTime 1ms
2022-12-30 08:01:03,419 WARN com.netflix.eureka.cluster.PeerEurekaNodes [Eureka-PeerNodesUpdater] The replica size seems to be empty. Check the route 53 DNS Registry
2022-12-30 08:02:02,239 INFO com.netflix.eureka.registry.AbstractInstanceRegistry$EvictionTask [Eureka-EvictionTimer] Running the evict task with compensationTime 0ms
2022-12-30 08:03:02,240 INFO com.netflix.eureka.registry.AbstractInstanceRegistry$EvictionTask [Eureka-EvictionTimer] Running the evict task with compensationTime 0ms
2022-12-30 08:04:02,241 INFO com.netflix.eureka.registry.AbstractInstanceRegistry$EvictionTask [Eureka-EvictionTimer] Running the evict task with compensationTime 0ms
2022-12-30 08:05:02,242 INFO com.netflix.eureka.registry.AbstractInstanceRegistry$EvictionTask [Eureka-EvictionTimer] Running the evict task with compensationTime 0ms
2022-12-30 08:06:02,242 INFO com.netflix.eureka.registry.AbstractInstanceRegistry$EvictionTask [Eureka-EvictionTimer] Running the evict task with compensationTime 0ms
2022-12-30 08:07:02,242 INFO com.netflix.eureka.registry.AbstractInstanceRegistry$EvictionTask [Eureka-EvictionTimer] Running the evict task with compensationTime 0ms
2022-12-30 08:08:02,242 INFO com.netflix.eureka.registry.AbstractInstanceRegistry$EvictionTask [Eureka-EvictionTimer] Running the evict task with compensationTime 0ms
2022-12-30 08:09:02,243 INFO com.netflix.eureka.registry.AbstractInstanceRegistry$EvictionTask [Eureka-EvictionTimer] Running the evict task with compensationTime 1ms
2022-12-30 08:10:02,243 INFO com.netflix.eureka.registry.AbstractInstanceRegistry$EvictionTask [Eureka-EvictionTimer] Running the evict task with compensationTime 0ms
2022-12-30 08:11:01,857 INFO com.netflix.eureka.registry.PeerAwareInstanceRegistryImpl [ReplicaAwareInstanceRegistry - RenewalThresholdUpdater] Current renewal threshold is : 0
2022-12-30 08:11:02,243 INFO com.netflix.eureka.registry.AbstractInstanceRegistry$EvictionTask [Eureka-EvictionTimer] Running the evict task with compensationTime 0ms
2022-12-30 08:11:03,423 WARN com.netflix.eureka.cluster.PeerEurekaNodes [Eureka-PeerNodesUpdater] The replica size seems to be empty. Check the route 53 DNS Registry
2022-12-30 08:12:02,244 INFO com.netflix.eureka.registry.AbstractInstanceRegistry$EvictionTask [Eureka-EvictionTimer] Running the evict task with compensationTime 0ms
2022-12-30 08:13:02,250 INFO com.netflix.eureka.registry.AbstractInstanceRegistry$EvictionTask [Eureka-EvictionTimer] Running the evict task with compensationTime 6ms
2022-12-30 08:14:02,250 INFO com.netflix.eureka.registry.AbstractInstanceRegistry$EvictionTask [Eureka-EvictionTimer] Running the evict task with compensationTime 0ms
2022-12-30 08:15:02,251 INFO com.netflix.eureka.registry.AbstractInstanceRegistry$EvictionTask [Eureka-EvictionTimer] Running the evict task with compensationTime 0ms
2022-12-30 08:16:02,251 INFO com.netflix.eureka.registry.AbstractInstanceRegistry$EvictionTask [Eureka-EvictionTimer] Running the evict task with compensationTime 0ms
2022-12-30 08:17:02,262 INFO com.netflix.eureka.registry.AbstractInstanceRegistry$EvictionTask [Eureka-EvictionTimer] Running the evict task with compensationTime 10ms
2022-12-30 08:18:02,263 INFO com.netflix.eureka.registry.AbstractInstanceRegistry$EvictionTask [Eureka-EvictionTimer] Running the evict task with compensationTime 0ms
2022-12-30 08:19:02,271 INFO com.netflix.eureka.registry.AbstractInstanceRegistry$EvictionTask [Eureka-EvictionTimer] Running the evict task with compensationTime 8ms
2022-12-30 08:20:02,272 INFO com.netflix.eureka.registry.AbstractInstanceRegistry$EvictionTask [Eureka-EvictionTimer] Running the evict task with compensationTime 0ms
2022-12-30 08:21:02,272 INFO com.netflix.eureka.registry.AbstractInstanceRegistry$EvictionTask [Eureka-EvictionTimer] Running the evict task with compensationTime 0ms
2022-12-30 08:21:03,431 WARN com.netflix.eureka.cluster.PeerEurekaNodes [Eureka-PeerNodesUpdater] The replica size seems to be empty. Check the route 53 DNS Registry
2022-12-30 08:22:02,287 INFO com.netflix.eureka.registry.AbstractInstanceRegistry$EvictionTask [Eureka-EvictionTimer] Running the evict task with compensationTime 15ms
2022-12-30 08:23:02,288 INFO com.netflix.eureka.registry.AbstractInstanceRegistry$EvictionTask [Eureka-EvictionTimer] Running the evict task with compensationTime 0ms
2022-12-30 08:24:02,293 INFO com.netflix.eureka.registry.AbstractInstanceRegistry$EvictionTask [Eureka-EvictionTimer] Running the evict task with compensationTime 5ms
2022-12-30 08:25:02,294 INFO com.netflix.eureka.registry.AbstractInstanceRegistry$EvictionTask [Eureka-EvictionTimer] Running the evict task with compensationTime 0ms
2022-12-30 08:26:01,857 INFO com.netflix.eureka.registry.PeerAwareInstanceRegistryImpl [ReplicaAwareInstanceRegistry - RenewalThresholdUpdater] Current renewal threshold is : 0
2022-12-30 08:26:02,303 INFO com.netflix.eureka.registry.AbstractInstanceRegistry$EvictionTask [Eureka-EvictionTimer] Running the evict task with compensationTime 8ms
2022-12-30 08:27:02,303 INFO com.netflix.eureka.registry.AbstractInstanceRegistry$EvictionTask [Eureka-EvictionTimer] Running the evict task with compensationTime 0ms
2022-12-30 08:28:02,303 INFO com.netflix.eureka.registry.AbstractInstanceRegistry$EvictionTask [Eureka-EvictionTimer] Running the evict task with compensationTime 0ms
2022-12-30 08:29:02,304 INFO com.netflix.eureka.registry.AbstractInstanceRegistry$EvictionTask [Eureka-EvictionTimer] Running the evict task with compensationTime 0ms
2022-12-30 08:30:02,304 INFO com.netflix.eureka.registry.AbstractInstanceRegistry$EvictionTask [Eureka-EvictionTimer] Running the evict task with compensationTime 0ms
2022-12-30 08:31:02,305 INFO com.netflix.eureka.registry.AbstractInstanceRegistry$EvictionTask [Eureka-EvictionTimer] Running the evict task with compensationTime 0ms
2022-12-30 08:31:03,453 WARN com.netflix.eureka.cluster.PeerEurekaNodes [Eureka-PeerNodesUpdater] The replica size seems to be empty. Check the route 53 DNS Registry
2022-12-30 08:32:02,306 INFO com.netflix.eureka.registry.AbstractInstanceRegistry$EvictionTask [Eureka-EvictionTimer] Running the evict task with compensationTime 1ms
2022-12-30 08:33:02,306 INFO com.netflix.eureka.registry.AbstractInstanceRegistry$EvictionTask [Eureka-EvictionTimer] Running the evict task with compensationTime 0ms
2022-12-30 08:34:02,307 INFO com.netflix.eureka.registry.AbstractInstanceRegistry$EvictionTask [Eureka-EvictionTimer] Running the evict task with compensationTime 0ms
2022-12-30 08:35:02,307 INFO com.netflix.eureka.registry.AbstractInstanceRegistry$EvictionTask [Eureka-EvictionTimer] Running the evict task with compensationTime 0ms
2022-12-30 08:36:02,307 INFO com.netflix.eureka.registry.AbstractInstanceRegistry$EvictionTask [Eureka-EvictionTimer] Running the evict task with compensationTime 0ms
2022-12-30 08:37:02,307 INFO com.netflix.eureka.registry.AbstractInstanceRegistry$EvictionTask [Eureka-EvictionTimer] Running the evict task with compensationTime 0ms
2022-12-30 08:38:02,308 INFO com.netflix.eureka.registry.AbstractInstanceRegistry$EvictionTask [Eureka-EvictionTimer] Running the evict task with compensationTime 0ms
2022-12-30 08:39:02,309 INFO com.netflix.eureka.registry.AbstractInstanceRegistry$EvictionTask [Eureka-EvictionTimer] Running the evict task with compensationTime 0ms
2022-12-30 08:40:02,310 INFO com.netflix.eureka.registry.AbstractInstanceRegistry$EvictionTask [Eureka-EvictionTimer] Running the evict task with compensationTime 1ms
2022-12-30 08:41:01,857 INFO com.netflix.eureka.registry.PeerAwareInstanceRegistryImpl [ReplicaAwareInstanceRegistry - RenewalThresholdUpdater] Current renewal threshold is : 0
2022-12-30 08:41:02,310 INFO com.netflix.eureka.registry.AbstractInstanceRegistry$EvictionTask [Eureka-EvictionTimer] Running the evict task with compensationTime 0ms
2022-12-30 08:41:03,456 WARN com.netflix.eureka.cluster.PeerEurekaNodes [Eureka-PeerNodesUpdater] The replica size seems to be empty. Check the route 53 DNS Registry
2022-12-30 08:42:02,310 INFO com.netflix.eureka.registry.AbstractInstanceRegistry$EvictionTask [Eureka-EvictionTimer] Running the evict task with compensationTime 0ms
2022-12-30 08:43:02,318 INFO com.netflix.eureka.registry.AbstractInstanceRegistry$EvictionTask [Eureka-EvictionTimer] Running the evict task with compensationTime 8ms
2022-12-30 08:44:02,319 INFO com.netflix.eureka.registry.AbstractInstanceRegistry$EvictionTask [Eureka-EvictionTimer] Running the evict task with compensationTime 0ms
2022-12-30 08:45:02,320 INFO com.netflix.eureka.registry.AbstractInstanceRegistry$EvictionTask [Eureka-EvictionTimer] Running the evict task with compensationTime 1ms
2022-12-30 08:46:02,321 INFO com.netflix.eureka.registry.AbstractInstanceRegistry$EvictionTask [Eureka-EvictionTimer] Running the evict task with compensationTime 0ms
2022-12-30 08:47:02,322 INFO com.netflix.eureka.registry.AbstractInstanceRegistry$EvictionTask [Eureka-EvictionTimer] Running the evict task with compensationTime 0ms
2022-12-30 08:48:02,323 INFO com.netflix.eureka.registry.AbstractInstanceRegistry$EvictionTask [Eureka-EvictionTimer] Running the evict task with compensationTime 1ms
2022-12-30 08:49:02,324 INFO com.netflix.eureka.registry.AbstractInstanceRegistry$EvictionTask [Eureka-EvictionTimer] Running the evict task with compensationTime 0ms
2022-12-30 08:50:02,325 INFO com.netflix.eureka.registry.AbstractInstanceRegistry$EvictionTask [Eureka-EvictionTimer] Running the evict task with compensationTime 1ms
2022-12-30 08:51:02,325 INFO com.netflix.eureka.registry.AbstractInstanceRegistry$EvictionTask [Eureka-EvictionTimer] Running the evict task with compensationTime 0ms
2022-12-30 08:51:03,458 WARN com.netflix.eureka.cluster.PeerEurekaNodes [Eureka-PeerNodesUpdater] The replica size seems to be empty. Check the route 53 DNS Registry
2022-12-30 08:52:02,325 INFO com.netflix.eureka.registry.AbstractInstanceRegistry$EvictionTask [Eureka-EvictionTimer] Running the evict task with compensationTime 0ms
2022-12-30 08:53:02,334 INFO com.netflix.eureka.registry.AbstractInstanceRegistry$EvictionTask [Eureka-EvictionTimer] Running the evict task with compensationTime 8ms
2022-12-30 08:54:02,336 INFO com.netflix.eureka.registry.AbstractInstanceRegistry$EvictionTask [Eureka-EvictionTimer] Running the evict task with compensationTime 2ms
2022-12-30 08:55:02,336 INFO com.netflix.eureka.registry.AbstractInstanceRegistry$EvictionTask [Eureka-EvictionTimer] Running the evict task with compensationTime 0ms
2022-12-30 08:56:01,858 INFO com.netflix.eureka.registry.PeerAwareInstanceRegistryImpl [ReplicaAwareInstanceRegistry - RenewalThresholdUpdater] Current renewal threshold is : 0
2022-12-30 08:56:02,341 INFO com.netflix.eureka.registry.AbstractInstanceRegistry$EvictionTask [Eureka-EvictionTimer] Running the evict task with compensationTime 4ms
2022-12-30 08:57:02,341 INFO com.netflix.eureka.registry.AbstractInstanceRegistry$EvictionTask [Eureka-EvictionTimer] Running the evict task with compensationTime 0ms
2022-12-30 08:58:02,341 INFO com.netflix.eureka.registry.AbstractInstanceRegistry$EvictionTask [Eureka-EvictionTimer] Running the evict task with compensationTime 0ms
2022-12-30 08:59:02,341 INFO com.netflix.eureka.registry.AbstractInstanceRegistry$EvictionTask [Eureka-EvictionTimer] Running the evict task with compensationTime 0ms
2022-12-30 09:00:02,341 INFO com.netflix.eureka.registry.AbstractInstanceRegistry$EvictionTask [Eureka-EvictionTimer] Running the evict task with compensationTime 0ms
2022-12-30 09:01:02,341 INFO com.netflix.eureka.registry.AbstractInstanceRegistry$EvictionTask [Eureka-EvictionTimer] Running the evict task with compensationTime 0ms
2022-12-30 09:01:03,465 WARN com.netflix.eureka.cluster.PeerEurekaNodes [Eureka-PeerNodesUpdater] The replica size seems to be empty. Check the route 53 DNS Registry
2022-12-30 09:02:02,342 INFO com.netflix.eureka.registry.AbstractInstanceRegistry$EvictionTask [Eureka-EvictionTimer] Running the evict task with compensationTime 0ms
2022-12-30 09:03:02,342 INFO com.netflix.eureka.registry.AbstractInstanceRegistry$EvictionTask [Eureka-EvictionTimer] Running the evict task with compensationTime 0ms
2022-12-30 09:04:02,343 INFO com.netflix.eureka.registry.AbstractInstanceRegistry$EvictionTask [Eureka-EvictionTimer] Running the evict task with compensationTime 0ms
2022-12-30 09:05:02,344 INFO com.netflix.eureka.registry.AbstractInstanceRegistry$EvictionTask [Eureka-EvictionTimer] Running the evict task with compensationTime 0ms
2022-12-30 09:06:02,344 INFO com.netflix.eureka.registry.AbstractInstanceRegistry$EvictionTask [Eureka-EvictionTimer] Running the evict task with compensationTime 0ms
2022-12-30 09:07:02,345 INFO com.netflix.eureka.registry.AbstractInstanceRegistry$EvictionTask [Eureka-EvictionTimer] Running the evict task with compensationTime 0ms
2022-12-30 09:08:02,346 INFO com.netflix.eureka.registry.AbstractInstanceRegistry$EvictionTask [Eureka-EvictionTimer] Running the evict task with compensationTime 0ms
2022-12-30 09:09:02,346 INFO com.netflix.eureka.registry.AbstractInstanceRegistry$EvictionTask [Eureka-EvictionTimer] Running the evict task with compensationTime 0ms
2022-12-30 09:10:02,346 INFO com.netflix.eureka.registry.AbstractInstanceRegistry$EvictionTask [Eureka-EvictionTimer] Running the evict task with compensationTime 0ms
2022-12-30 09:11:01,858 INFO com.netflix.eureka.registry.PeerAwareInstanceRegistryImpl [ReplicaAwareInstanceRegistry - RenewalThresholdUpdater] Current renewal threshold is : 0
2022-12-30 09:11:02,346 INFO com.netflix.eureka.registry.AbstractInstanceRegistry$EvictionTask [Eureka-EvictionTimer] Running the evict task with compensationTime 0ms
2022-12-30 09:11:03,477 WARN com.netflix.eureka.cluster.PeerEurekaNodes [Eureka-PeerNodesUpdater] The replica size seems to be empty. Check the route 53 DNS Registry
2022-12-30 09:12:02,349 INFO com.netflix.eureka.registry.AbstractInstanceRegistry$EvictionTask [Eureka-EvictionTimer] Running the evict task with compensationTime 3ms
2022-12-30 09:13:02,364 INFO com.netflix.eureka.registry.AbstractInstanceRegistry$EvictionTask [Eureka-EvictionTimer] Running the evict task with compensationTime 15ms
2022-12-30 09:14:02,365 INFO com.netflix.eureka.registry.AbstractInstanceRegistry$EvictionTask [Eureka-EvictionTimer] Running the evict task with compensationTime 0ms
2022-12-30 09:15:02,366 INFO com.netflix.eureka.registry.AbstractInstanceRegistry$EvictionTask [Eureka-EvictionTimer] Running the evict task with compensationTime 0ms
2022-12-30 09:16:02,366 INFO com.netflix.eureka.registry.AbstractInstanceRegistry$EvictionTask [Eureka-EvictionTimer] Running the evict task with compensationTime 0ms
2022-12-30 09:17:02,377 INFO com.netflix.eureka.registry.AbstractInstanceRegistry$EvictionTask [Eureka-EvictionTimer] Running the evict task with compensationTime 10ms
2022-12-30 09:18:02,386 INFO com.netflix.eureka.registry.AbstractInstanceRegistry$EvictionTask [Eureka-EvictionTimer] Running the evict task with compensationTime 9ms
2022-12-30 09:19:02,386 INFO com.netflix.eureka.registry.AbstractInstanceRegistry$EvictionTask [Eureka-EvictionTimer] Running the evict task with compensationTime 0ms
2022-12-30 09:20:02,387 INFO com.netflix.eureka.registry.AbstractInstanceRegistry$EvictionTask [Eureka-EvictionTimer] Running the evict task with compensationTime 0ms
2022-12-30 09:21:02,387 INFO com.netflix.eureka.registry.AbstractInstanceRegistry$EvictionTask [Eureka-EvictionTimer] Running the evict task with compensationTime 0ms
2022-12-30 09:21:03,495 WARN com.netflix.eureka.cluster.PeerEurekaNodes [Eureka-PeerNodesUpdater] The replica size seems to be empty. Check the route 53 DNS Registry
2022-12-30 09:22:02,388 INFO com.netflix.eureka.registry.AbstractInstanceRegistry$EvictionTask [Eureka-EvictionTimer] Running the evict task with compensationTime 0ms
2022-12-30 09:23:02,389 INFO com.netflix.eureka.registry.AbstractInstanceRegistry$EvictionTask [Eureka-EvictionTimer] Running the evict task with compensationTime 0ms
2022-12-30 09:24:02,403 INFO com.netflix.eureka.registry.AbstractInstanceRegistry$EvictionTask [Eureka-EvictionTimer] Running the evict task with compensationTime 14ms
2022-12-30 09:25:02,403 INFO com.netflix.eureka.registry.AbstractInstanceRegistry$EvictionTask [Eureka-EvictionTimer] Running the evict task with compensationTime 0ms
2022-12-30 09:26:01,871 INFO com.netflix.eureka.registry.PeerAwareInstanceRegistryImpl [ReplicaAwareInstanceRegistry - RenewalThresholdUpdater] Current renewal threshold is : 0
2022-12-30 09:26:02,406 INFO com.netflix.eureka.registry.AbstractInstanceRegistry$EvictionTask [Eureka-EvictionTimer] Running the evict task with compensationTime 2ms
2022-12-30 09:27:02,406 INFO com.netflix.eureka.registry.AbstractInstanceRegistry$EvictionTask [Eureka-EvictionTimer] Running the evict task with compensationTime 0ms
2022-12-30 09:28:02,407 INFO com.netflix.eureka.registry.AbstractInstanceRegistry$EvictionTask [Eureka-EvictionTimer] Running the evict task with compensationTime 0ms
2022-12-30 09:29:02,407 INFO com.netflix.eureka.registry.AbstractInstanceRegistry$EvictionTask [Eureka-EvictionTimer] Running the evict task with compensationTime 0ms
2022-12-30 09:30:02,407 INFO com.netflix.eureka.registry.AbstractInstanceRegistry$EvictionTask [Eureka-EvictionTimer] Running the evict task with compensationTime 0ms
2022-12-30 09:31:02,408 INFO com.netflix.eureka.registry.AbstractInstanceRegistry$EvictionTask [Eureka-EvictionTimer] Running the evict task with compensationTime 0ms
2022-12-30 09:31:03,498 WARN com.netflix.eureka.cluster.PeerEurekaNodes [Eureka-PeerNodesUpdater] The replica size seems to be empty. Check the route 53 DNS Registry
2022-12-30 09:32:02,409 INFO com.netflix.eureka.registry.AbstractInstanceRegistry$EvictionTask [Eureka-EvictionTimer] Running the evict task with compensationTime 1ms
2022-12-30 09:33:02,409 INFO com.netflix.eureka.registry.AbstractInstanceRegistry$EvictionTask [Eureka-EvictionTimer] Running the evict task with compensationTime 0ms
2022-12-30 09:34:02,410 INFO com.netflix.eureka.registry.AbstractInstanceRegistry$EvictionTask [Eureka-EvictionTimer] Running the evict task with compensationTime 0ms
2022-12-30 09:35:02,410 INFO com.netflix.eureka.registry.AbstractInstanceRegistry$EvictionTask [Eureka-EvictionTimer] Running the evict task with compensationTime 0ms
2022-12-30 09:36:02,410 INFO com.netflix.eureka.registry.AbstractInstanceRegistry$EvictionTask [Eureka-EvictionTimer] Running the evict task with compensationTime 0ms
2022-12-30 09:37:02,411 INFO com.netflix.eureka.registry.AbstractInstanceRegistry$EvictionTask [Eureka-EvictionTimer] Running the evict task with compensationTime 0ms
2022-12-30 09:38:02,412 INFO com.netflix.eureka.registry.AbstractInstanceRegistry$EvictionTask [Eureka-EvictionTimer] Running the evict task with compensationTime 1ms
2022-12-30 09:39:02,413 INFO com.netflix.eureka.registry.AbstractInstanceRegistry$EvictionTask [Eureka-EvictionTimer] Running the evict task with compensationTime 0ms
2022-12-30 09:40:02,413 INFO com.netflix.eureka.registry.AbstractInstanceRegistry$EvictionTask [Eureka-EvictionTimer] Running the evict task with compensationTime 0ms
2022-12-30 09:41:01,872 INFO com.netflix.eureka.registry.PeerAwareInstanceRegistryImpl [ReplicaAwareInstanceRegistry - RenewalThresholdUpdater] Current renewal threshold is : 0
2022-12-30 09:41:02,414 INFO com.netflix.eureka.registry.AbstractInstanceRegistry$EvictionTask [Eureka-EvictionTimer] Running the evict task with compensationTime 0ms
2022-12-30 09:41:03,501 WARN com.netflix.eureka.cluster.PeerEurekaNodes [Eureka-PeerNodesUpdater] The replica size seems to be empty. Check the route 53 DNS Registry
2022-12-30 09:42:02,414 INFO com.netflix.eureka.registry.AbstractInstanceRegistry$EvictionTask [Eureka-EvictionTimer] Running the evict task with compensationTime 0ms
2022-12-30 09:43:02,414 INFO com.netflix.eureka.registry.AbstractInstanceRegistry$EvictionTask [Eureka-EvictionTimer] Running the evict task with compensationTime 0ms
2022-12-30 09:44:02,415 INFO com.netflix.eureka.registry.AbstractInstanceRegistry$EvictionTask [Eureka-EvictionTimer] Running the evict task with compensationTime 0ms
2022-12-30 09:45:02,415 INFO com.netflix.eureka.registry.AbstractInstanceRegistry$EvictionTask [Eureka-EvictionTimer] Running the evict task with compensationTime 0ms
2022-12-30 09:46:02,416 INFO com.netflix.eureka.registry.AbstractInstanceRegistry$EvictionTask [Eureka-EvictionTimer] Running the evict task with compensationTime 0ms
2022-12-30 09:47:02,417 INFO com.netflix.eureka.registry.AbstractInstanceRegistry$EvictionTask [Eureka-EvictionTimer] Running the evict task with compensationTime 0ms
2022-12-30 09:48:02,417 INFO com.netflix.eureka.registry.AbstractInstanceRegistry$EvictionTask [Eureka-EvictionTimer] Running the evict task with compensationTime 0ms
2022-12-30 09:49:02,417 INFO com.netflix.eureka.registry.AbstractInstanceRegistry$EvictionTask [Eureka-EvictionTimer] Running the evict task with compensationTime 0ms
2022-12-30 09:50:02,418 INFO com.netflix.eureka.registry.AbstractInstanceRegistry$EvictionTask [Eureka-EvictionTimer] Running the evict task with compensationTime 0ms
2022-12-30 09:51:02,418 INFO com.netflix.eureka.registry.AbstractInstanceRegistry$EvictionTask [Eureka-EvictionTimer] Running the evict task with compensationTime 0ms
2022-12-30 09:51:03,504 WARN com.netflix.eureka.cluster.PeerEurekaNodes [Eureka-PeerNodesUpdater] The replica size seems to be empty. Check the route 53 DNS Registry
2022-12-30 09:52:02,418 INFO com.netflix.eureka.registry.AbstractInstanceRegistry$EvictionTask [Eureka-EvictionTimer] Running the evict task with compensationTime 0ms
2022-12-30 09:53:02,418 INFO com.netflix.eureka.registry.AbstractInstanceRegistry$EvictionTask [Eureka-EvictionTimer] Running the evict task with compensationTime 0ms
2022-12-30 09:54:02,419 INFO com.netflix.eureka.registry.AbstractInstanceRegistry$EvictionTask [Eureka-EvictionTimer] Running the evict task with compensationTime 0ms
2022-12-30 09:55:02,419 INFO com.netflix.eureka.registry.AbstractInstanceRegistry$EvictionTask [Eureka-EvictionTimer] Running the evict task with compensationTime 0ms
2022-12-30 09:56:01,873 INFO com.netflix.eureka.registry.PeerAwareInstanceRegistryImpl [ReplicaAwareInstanceRegistry - RenewalThresholdUpdater] Current renewal threshold is : 0
2022-12-30 09:56:02,420 INFO com.netflix.eureka.registry.AbstractInstanceRegistry$EvictionTask [Eureka-EvictionTimer] Running the evict task with compensationTime 0ms
2022-12-30 09:57:02,420 INFO com.netflix.eureka.registry.AbstractInstanceRegistry$EvictionTask [Eureka-EvictionTimer] Running the evict task with compensationTime 0ms
2022-12-30 09:58:02,420 INFO com.netflix.eureka.registry.AbstractInstanceRegistry$EvictionTask [Eureka-EvictionTimer] Running the evict task with compensationTime 0ms
2022-12-30 09:59:02,421 INFO com.netflix.eureka.registry.AbstractInstanceRegistry$EvictionTask [Eureka-EvictionTimer] Running the evict task with compensationTime 0ms
2022-12-30 10:00:02,421 INFO com.netflix.eureka.registry.AbstractInstanceRegistry$EvictionTask [Eureka-EvictionTimer] Running the evict task with compensationTime 0ms
2022-12-30 10:01:02,422 INFO com.netflix.eureka.registry.AbstractInstanceRegistry$EvictionTask [Eureka-EvictionTimer] Running the evict task with compensationTime 0ms
2022-12-30 10:01:03,505 WARN com.netflix.eureka.cluster.PeerEurekaNodes [Eureka-PeerNodesUpdater] The replica size seems to be empty. Check the route 53 DNS Registry
2022-12-30 10:02:02,422 INFO com.netflix.eureka.registry.AbstractInstanceRegistry$EvictionTask [Eureka-EvictionTimer] Running the evict task with compensationTime 0ms
2022-12-30 10:03:02,423 INFO com.netflix.eureka.registry.AbstractInstanceRegistry$EvictionTask [Eureka-EvictionTimer] Running the evict task with compensationTime 0ms
2022-12-30 10:04:02,424 INFO com.netflix.eureka.registry.AbstractInstanceRegistry$EvictionTask [Eureka-EvictionTimer] Running the evict task with compensationTime 0ms
2022-12-30 10:04:24,282 INFO com.netflix.eureka.registry.AbstractInstanceRegistry [http-nio-8761-exec-4] Registered instance MOVIE-SERVICE/host.docker.internal:MOVIE-SERVICE:8082 with status DOWN (replication=false)
2022-12-30 10:04:27,738 INFO com.netflix.eureka.registry.AbstractInstanceRegistry [http-nio-8761-exec-2] Cancelled instance MOVIE-SERVICE/host.docker.internal:MOVIE-SERVICE:8082 (replication=false)
2022-12-30 10:04:46,315 INFO com.netflix.eureka.registry.AbstractInstanceRegistry [http-nio-8761-exec-6] Registered instance MOVIE-SERVICE/Hariharan:MOVIE-SERVICE:8082 with status UP (replication=false)
2022-12-30 10:05:02,425 INFO com.netflix.eureka.registry.AbstractInstanceRegistry$EvictionTask [Eureka-EvictionTimer] Running the evict task with compensationTime 0ms
2022-12-30 10:06:02,426 INFO com.netflix.eureka.registry.AbstractInstanceRegistry$EvictionTask [Eureka-EvictionTimer] Running the evict task with compensationTime 1ms
2022-12-30 10:07:02,426 INFO com.netflix.eureka.registry.AbstractInstanceRegistry$EvictionTask [Eureka-EvictionTimer] Running the evict task with compensationTime 0ms
2022-12-30 10:08:02,426 INFO com.netflix.eureka.registry.AbstractInstanceRegistry$EvictionTask [Eureka-EvictionTimer] Running the evict task with compensationTime 0ms
2022-12-30 10:09:02,427 INFO com.netflix.eureka.registry.AbstractInstanceRegistry$EvictionTask [Eureka-EvictionTimer] Running the evict task with compensationTime 0ms
2022-12-30 10:10:02,427 INFO com.netflix.eureka.registry.AbstractInstanceRegistry$EvictionTask [Eureka-EvictionTimer] Running the evict task with compensationTime 0ms
2022-12-30 10:11:01,874 INFO com.netflix.eureka.registry.PeerAwareInstanceRegistryImpl [ReplicaAwareInstanceRegistry - RenewalThresholdUpdater] Current renewal threshold is : 0
2022-12-30 10:11:02,427 INFO com.netflix.eureka.registry.AbstractInstanceRegistry$EvictionTask [Eureka-EvictionTimer] Running the evict task with compensationTime 0ms
2022-12-30 10:11:03,508 WARN com.netflix.eureka.cluster.PeerEurekaNodes [Eureka-PeerNodesUpdater] The replica size seems to be empty. Check the route 53 DNS Registry
2022-12-30 10:12:02,428 INFO com.netflix.eureka.registry.AbstractInstanceRegistry$EvictionTask [Eureka-EvictionTimer] Running the evict task with compensationTime 0ms
2022-12-30 10:13:02,428 INFO com.netflix.eureka.registry.AbstractInstanceRegistry$EvictionTask [Eureka-EvictionTimer] Running the evict task with compensationTime 0ms
2022-12-30 10:14:02,429 INFO com.netflix.eureka.registry.AbstractInstanceRegistry$EvictionTask [Eureka-EvictionTimer] Running the evict task with compensationTime 0ms
2022-12-30 10:15:02,429 INFO com.netflix.eureka.registry.AbstractInstanceRegistry$EvictionTask [Eureka-EvictionTimer] Running the evict task with compensationTime 0ms
2022-12-30 10:16:02,429 INFO com.netflix.eureka.registry.AbstractInstanceRegistry$EvictionTask [Eureka-EvictionTimer] Running the evict task with compensationTime 0ms
2022-12-30 10:31:48,567 INFO com.netflix.eureka.registry.AbstractInstanceRegistry$EvictionTask [Eureka-EvictionTimer] Running the evict task with compensationTime 886163ms
2022-12-30 10:32:48,568 INFO com.netflix.eureka.registry.AbstractInstanceRegistry$EvictionTask [Eureka-EvictionTimer] Running the evict task with compensationTime 0ms
2022-12-30 10:33:48,568 INFO com.netflix.eureka.registry.AbstractInstanceRegistry$EvictionTask [Eureka-EvictionTimer] Running the evict task with compensationTime 0ms
2022-12-30 10:34:48,569 INFO com.netflix.eureka.registry.AbstractInstanceRegistry$EvictionTask [Eureka-EvictionTimer] Running the evict task with compensationTime 0ms
2022-12-30 10:35:48,569 INFO com.netflix.eureka.registry.AbstractInstanceRegistry$EvictionTask [Eureka-EvictionTimer] Running the evict task with compensationTime 0ms
2022-12-30 10:35:49,645 WARN com.netflix.eureka.cluster.PeerEurekaNodes [Eureka-PeerNodesUpdater] The replica size seems to be empty. Check the route 53 DNS Registry
2022-12-30 10:36:48,570 INFO com.netflix.eureka.registry.AbstractInstanceRegistry$EvictionTask [Eureka-EvictionTimer] Running the evict task with compensationTime 0ms
2022-12-30 10:37:48,571 INFO com.netflix.eureka.registry.AbstractInstanceRegistry$EvictionTask [Eureka-EvictionTimer] Running the evict task with compensationTime 0ms
2022-12-30 10:38:48,571 INFO com.netflix.eureka.registry.AbstractInstanceRegistry$EvictionTask [Eureka-EvictionTimer] Running the evict task with compensationTime 0ms
2022-12-30 10:39:48,571 INFO com.netflix.eureka.registry.AbstractInstanceRegistry$EvictionTask [Eureka-EvictionTimer] Running the evict task with compensationTime 0ms
2022-12-30 10:40:48,012 INFO com.netflix.eureka.registry.PeerAwareInstanceRegistryImpl [ReplicaAwareInstanceRegistry - RenewalThresholdUpdater] Current renewal threshold is : 0
2022-12-30 10:40:48,571 INFO com.netflix.eureka.registry.AbstractInstanceRegistry$EvictionTask [Eureka-EvictionTimer] Running the evict task with compensationTime 0ms
2022-12-30 10:41:48,571 INFO com.netflix.eureka.registry.AbstractInstanceRegistry$EvictionTask [Eureka-EvictionTimer] Running the evict task with compensationTime 0ms
2022-12-30 10:42:48,572 INFO com.netflix.eureka.registry.AbstractInstanceRegistry$EvictionTask [Eureka-EvictionTimer] Running the evict task with compensationTime 0ms
2022-12-30 10:43:48,572 INFO com.netflix.eureka.registry.AbstractInstanceRegistry$EvictionTask [Eureka-EvictionTimer] Running the evict task with compensationTime 0ms
2022-12-30 10:44:48,573 INFO com.netflix.eureka.registry.AbstractInstanceRegistry$EvictionTask [Eureka-EvictionTimer] Running the evict task with compensationTime 0ms
2022-12-30 10:45:48,574 INFO com.netflix.eureka.registry.AbstractInstanceRegistry$EvictionTask [Eureka-EvictionTimer] Running the evict task with compensationTime 0ms
2022-12-30 10:45:49,647 WARN com.netflix.eureka.cluster.PeerEurekaNodes [Eureka-PeerNodesUpdater] The replica size seems to be empty. Check the route 53 DNS Registry
2022-12-30 10:46:48,574 INFO com.netflix.eureka.registry.AbstractInstanceRegistry$EvictionTask [Eureka-EvictionTimer] Running the evict task with compensationTime 0ms
2022-12-30 10:47:48,574 INFO com.netflix.eureka.registry.AbstractInstanceRegistry$EvictionTask [Eureka-EvictionTimer] Running the evict task with compensationTime 0ms
2022-12-30 10:48:48,575 INFO com.netflix.eureka.registry.AbstractInstanceRegistry$EvictionTask [Eureka-EvictionTimer] Running the evict task with compensationTime 1ms
2022-12-30 10:49:48,576 INFO com.netflix.eureka.registry.AbstractInstanceRegistry$EvictionTask [Eureka-EvictionTimer] Running the evict task with compensationTime 0ms
2022-12-30 10:50:48,577 INFO com.netflix.eureka.registry.AbstractInstanceRegistry$EvictionTask [Eureka-EvictionTimer] Running the evict task with compensationTime 0ms
2022-12-30 10:51:48,577 INFO com.netflix.eureka.registry.AbstractInstanceRegistry$EvictionTask [Eureka-EvictionTimer] Running the evict task with compensationTime 0ms
2022-12-30 10:52:48,577 INFO com.netflix.eureka.registry.AbstractInstanceRegistry$EvictionTask [Eureka-EvictionTimer] Running the evict task with compensationTime 0ms
2022-12-30 10:53:48,578 INFO com.netflix.eureka.registry.AbstractInstanceRegistry$EvictionTask [Eureka-EvictionTimer] Running the evict task with compensationTime 0ms
2022-12-30 10:54:48,578 INFO com.netflix.eureka.registry.AbstractInstanceRegistry$EvictionTask [Eureka-EvictionTimer] Running the evict task with compensationTime 0ms
2022-12-30 10:55:48,012 INFO com.netflix.eureka.registry.PeerAwareInstanceRegistryImpl [ReplicaAwareInstanceRegistry - RenewalThresholdUpdater] Current renewal threshold is : 0
2022-12-30 10:55:48,578 INFO com.netflix.eureka.registry.AbstractInstanceRegistry$EvictionTask [Eureka-EvictionTimer] Running the evict task with compensationTime 0ms
2022-12-30 10:55:49,651 WARN com.netflix.eureka.cluster.PeerEurekaNodes [Eureka-PeerNodesUpdater] The replica size seems to be empty. Check the route 53 DNS Registry
2022-12-30 10:56:48,579 INFO com.netflix.eureka.registry.AbstractInstanceRegistry$EvictionTask [Eureka-EvictionTimer] Running the evict task with compensationTime 0ms
2022-12-30 10:57:48,579 INFO com.netflix.eureka.registry.AbstractInstanceRegistry$EvictionTask [Eureka-EvictionTimer] Running the evict task with compensationTime 0ms
2022-12-30 10:58:48,579 INFO com.netflix.eureka.registry.AbstractInstanceRegistry$EvictionTask [Eureka-EvictionTimer] Running the evict task with compensationTime 0ms
2022-12-30 10:59:48,579 INFO com.netflix.eureka.registry.AbstractInstanceRegistry$EvictionTask [Eureka-EvictionTimer] Running the evict task with compensationTime 0ms
2022-12-30 11:00:48,580 INFO com.netflix.eureka.registry.AbstractInstanceRegistry$EvictionTask [Eureka-EvictionTimer] Running the evict task with compensationTime 0ms
2022-12-30 11:01:48,580 INFO com.netflix.eureka.registry.AbstractInstanceRegistry$EvictionTask [Eureka-EvictionTimer] Running the evict task with compensationTime 0ms
2022-12-30 11:02:48,580 INFO com.netflix.eureka.registry.AbstractInstanceRegistry$EvictionTask [Eureka-EvictionTimer] Running the evict task with compensationTime 0ms
2022-12-30 11:03:48,580 INFO com.netflix.eureka.registry.AbstractInstanceRegistry$EvictionTask [Eureka-EvictionTimer] Running the evict task with compensationTime 0ms
2022-12-30 11:04:06,695 INFO com.netflix.eureka.registry.AbstractInstanceRegistry [http-nio-8761-exec-7] Registered instance MOVIE-SERVICE/Hariharan:MOVIE-SERVICE:8082 with status DOWN (replication=false)
2022-12-30 11:04:09,864 INFO com.netflix.eureka.registry.AbstractInstanceRegistry [http-nio-8761-exec-9] Cancelled instance MOVIE-SERVICE/Hariharan:MOVIE-SERVICE:8082 (replication=false)
2022-12-30 11:04:24,639 INFO com.netflix.eureka.registry.AbstractInstanceRegistry [http-nio-8761-exec-6] Registered instance MOVIE-SERVICE/host.docker.internal:MOVIE-SERVICE:8082 with status UP (replication=false)
2022-12-30 11:04:48,580 INFO com.netflix.eureka.registry.AbstractInstanceRegistry$EvictionTask [Eureka-EvictionTimer] Running the evict task with compensationTime 0ms
2022-12-30 11:05:48,581 INFO com.netflix.eureka.registry.AbstractInstanceRegistry$EvictionTask [Eureka-EvictionTimer] Running the evict task with compensationTime 0ms
2022-12-30 11:05:49,653 WARN com.netflix.eureka.cluster.PeerEurekaNodes [Eureka-PeerNodesUpdater] The replica size seems to be empty. Check the route 53 DNS Registry
2022-12-30 11:06:48,581 INFO com.netflix.eureka.registry.AbstractInstanceRegistry$EvictionTask [Eureka-EvictionTimer] Running the evict task with compensationTime 0ms
2022-12-30 11:07:48,581 INFO com.netflix.eureka.registry.AbstractInstanceRegistry$EvictionTask [Eureka-EvictionTimer] Running the evict task with compensationTime 0ms
2022-12-30 11:08:48,581 INFO com.netflix.eureka.registry.AbstractInstanceRegistry$EvictionTask [Eureka-EvictionTimer] Running the evict task with compensationTime 0ms
2022-12-30 11:09:48,581 INFO com.netflix.eureka.registry.AbstractInstanceRegistry$EvictionTask [Eureka-EvictionTimer] Running the evict task with compensationTime 0ms
2022-12-30 11:10:48,013 INFO com.netflix.eureka.registry.PeerAwareInstanceRegistryImpl [ReplicaAwareInstanceRegistry - RenewalThresholdUpdater] Current renewal threshold is : 0
2022-12-30 11:10:48,582 INFO com.netflix.eureka.registry.AbstractInstanceRegistry$EvictionTask [Eureka-EvictionTimer] Running the evict task with compensationTime 0ms
2022-12-30 11:11:48,582 INFO com.netflix.eureka.registry.AbstractInstanceRegistry$EvictionTask [Eureka-EvictionTimer] Running the evict task with compensationTime 0ms
2022-12-30 11:12:48,584 INFO com.netflix.eureka.registry.AbstractInstanceRegistry$EvictionTask [Eureka-EvictionTimer] Running the evict task with compensationTime 1ms
2022-12-30 11:13:48,584 INFO com.netflix.eureka.registry.AbstractInstanceRegistry$EvictionTask [Eureka-EvictionTimer] Running the evict task with compensationTime 0ms
2022-12-30 11:14:04,541 INFO com.netflix.eureka.registry.AbstractInstanceRegistry [http-nio-8761-exec-1] Registered instance MOVIE-SERVICE/host.docker.internal:MOVIE-SERVICE:8082 with status DOWN (replication=false)
2022-12-30 11:14:07,788 INFO com.netflix.eureka.registry.AbstractInstanceRegistry [http-nio-8761-exec-5] Cancelled instance MOVIE-SERVICE/host.docker.internal:MOVIE-SERVICE:8082 (replication=false)
2022-12-30 11:14:23,227 INFO com.netflix.eureka.registry.AbstractInstanceRegistry [http-nio-8761-exec-1] Registered instance MOVIE-SERVICE/host.docker.internal:MOVIE-SERVICE:8082 with status UP (replication=false)
2022-12-30 11:14:48,585 INFO com.netflix.eureka.registry.AbstractInstanceRegistry$EvictionTask [Eureka-EvictionTimer] Running the evict task with compensationTime 0ms
2022-12-30 11:15:48,584 INFO com.netflix.eureka.registry.AbstractInstanceRegistry$EvictionTask [Eureka-EvictionTimer] Running the evict task with compensationTime 0ms
2022-12-30 11:15:49,655 WARN com.netflix.eureka.cluster.PeerEurekaNodes [Eureka-PeerNodesUpdater] The replica size seems to be empty. Check the route 53 DNS Registry
2022-12-30 11:16:48,584 INFO com.netflix.eureka.registry.AbstractInstanceRegistry$EvictionTask [Eureka-EvictionTimer] Running the evict task with compensationTime 0ms
2022-12-30 11:17:48,585 INFO com.netflix.eureka.registry.AbstractInstanceRegistry$EvictionTask [Eureka-EvictionTimer] Running the evict task with compensationTime 0ms
2022-12-30 11:18:48,585 INFO com.netflix.eureka.registry.AbstractInstanceRegistry$EvictionTask [Eureka-EvictionTimer] Running the evict task with compensationTime 0ms
2022-12-30 11:19:48,586 INFO com.netflix.eureka.registry.AbstractInstanceRegistry$EvictionTask [Eureka-EvictionTimer] Running the evict task with compensationTime 1ms
2022-12-30 11:20:48,587 INFO com.netflix.eureka.registry.AbstractInstanceRegistry$EvictionTask [Eureka-EvictionTimer] Running the evict task with compensationTime 0ms
2022-12-30 11:21:48,588 INFO com.netflix.eureka.registry.AbstractInstanceRegistry$EvictionTask [Eureka-EvictionTimer] Running the evict task with compensationTime 0ms
2022-12-30 11:22:48,588 INFO com.netflix.eureka.registry.AbstractInstanceRegistry$EvictionTask [Eureka-EvictionTimer] Running the evict task with compensationTime 0ms
2022-12-30 11:23:48,588 INFO com.netflix.eureka.registry.AbstractInstanceRegistry$EvictionTask [Eureka-EvictionTimer] Running the evict task with compensationTime 0ms
2022-12-30 11:24:48,589 INFO com.netflix.eureka.registry.AbstractInstanceRegistry$EvictionTask [Eureka-EvictionTimer] Running the evict task with compensationTime 1ms
2022-12-30 11:25:48,013 INFO com.netflix.eureka.registry.PeerAwareInstanceRegistryImpl [ReplicaAwareInstanceRegistry - RenewalThresholdUpdater] Current renewal threshold is : 0
2022-12-30 11:25:48,589 INFO com.netflix.eureka.registry.AbstractInstanceRegistry$EvictionTask [Eureka-EvictionTimer] Running the evict task with compensationTime 0ms
2022-12-30 11:25:49,659 WARN com.netflix.eureka.cluster.PeerEurekaNodes [Eureka-PeerNodesUpdater] The replica size seems to be empty. Check the route 53 DNS Registry
2022-12-30 11:26:48,590 INFO com.netflix.eureka.registry.AbstractInstanceRegistry$EvictionTask [Eureka-EvictionTimer] Running the evict task with compensationTime 0ms
2022-12-30 11:27:12,611 INFO com.netflix.eureka.registry.AbstractInstanceRegistry [http-nio-8761-exec-10] Registered instance MOVIE-SERVICE/host.docker.internal:MOVIE-SERVICE:8082 with status DOWN (replication=false)
2022-12-30 11:27:15,728 INFO com.netflix.eureka.registry.AbstractInstanceRegistry [http-nio-8761-exec-1] Cancelled instance MOVIE-SERVICE/host.docker.internal:MOVIE-SERVICE:8082 (replication=false)
2022-12-30 11:27:29,519 INFO com.netflix.eureka.registry.AbstractInstanceRegistry [http-nio-8761-exec-5] Registered instance MOVIE-SERVICE/host.docker.internal:MOVIE-SERVICE:8082 with status UP (replication=false)
2022-12-30 11:27:48,591 INFO com.netflix.eureka.registry.AbstractInstanceRegistry$EvictionTask [Eureka-EvictionTimer] Running the evict task with compensationTime 1ms
2022-12-30 11:28:48,591 INFO com.netflix.eureka.registry.AbstractInstanceRegistry$EvictionTask [Eureka-EvictionTimer] Running the evict task with compensationTime 0ms
2022-12-30 11:29:48,592 INFO com.netflix.eureka.registry.AbstractInstanceRegistry$EvictionTask [Eureka-EvictionTimer] Running the evict task with compensationTime 0ms
2022-12-30 11:30:48,592 INFO com.netflix.eureka.registry.AbstractInstanceRegistry$EvictionTask [Eureka-EvictionTimer] Running the evict task with compensationTime 0ms
2022-12-30 11:31:11,917 INFO com.netflix.eureka.registry.AbstractInstanceRegistry [http-nio-8761-exec-2] Registered instance MOVIE-SERVICE/host.docker.internal:MOVIE-SERVICE:8082 with status DOWN (replication=false)
2022-12-30 11:31:15,124 INFO com.netflix.eureka.registry.AbstractInstanceRegistry [http-nio-8761-exec-4] Cancelled instance MOVIE-SERVICE/host.docker.internal:MOVIE-SERVICE:8082 (replication=false)
2022-12-30 11:31:28,721 INFO com.netflix.eureka.registry.AbstractInstanceRegistry [http-nio-8761-exec-10] Registered instance MOVIE-SERVICE/host.docker.internal:MOVIE-SERVICE:8082 with status UP (replication=false)
2022-12-30 11:31:48,593 INFO com.netflix.eureka.registry.AbstractInstanceRegistry$EvictionTask [Eureka-EvictionTimer] Running the evict task with compensationTime 0ms
2022-12-30 11:32:48,594 INFO com.netflix.eureka.registry.AbstractInstanceRegistry$EvictionTask [Eureka-EvictionTimer] Running the evict task with compensationTime 0ms
2022-12-30 11:33:48,595 INFO com.netflix.eureka.registry.AbstractInstanceRegistry$EvictionTask [Eureka-EvictionTimer] Running the evict task with compensationTime 1ms
2022-12-30 11:34:48,595 INFO com.netflix.eureka.registry.AbstractInstanceRegistry$EvictionTask [Eureka-EvictionTimer] Running the evict task with compensationTime 0ms
2022-12-30 11:35:48,595 INFO com.netflix.eureka.registry.AbstractInstanceRegistry$EvictionTask [Eureka-EvictionTimer] Running the evict task with compensationTime 0ms
2022-12-30 11:35:49,666 WARN com.netflix.eureka.cluster.PeerEurekaNodes [Eureka-PeerNodesUpdater] The replica size seems to be empty. Check the route 53 DNS Registry
2022-12-30 11:36:48,596 INFO com.netflix.eureka.registry.AbstractInstanceRegistry$EvictionTask [Eureka-EvictionTimer] Running the evict task with compensationTime 0ms
2022-12-30 11:37:48,596 INFO com.netflix.eureka.registry.AbstractInstanceRegistry$EvictionTask [Eureka-EvictionTimer] Running the evict task with compensationTime 0ms
2022-12-30 11:38:48,597 INFO com.netflix.eureka.registry.AbstractInstanceRegistry$EvictionTask [Eureka-EvictionTimer] Running the evict task with compensationTime 0ms
2022-12-30 11:39:48,597 INFO com.netflix.eureka.registry.AbstractInstanceRegistry$EvictionTask [Eureka-EvictionTimer] Running the evict task with compensationTime 0ms
2022-12-30 11:40:48,013 INFO com.netflix.eureka.registry.PeerAwareInstanceRegistryImpl [ReplicaAwareInstanceRegistry - RenewalThresholdUpdater] Current renewal threshold is : 0
2022-12-30 11:40:48,597 INFO com.netflix.eureka.registry.AbstractInstanceRegistry$EvictionTask [Eureka-EvictionTimer] Running the evict task with compensationTime 0ms
2022-12-30 11:41:48,597 INFO com.netflix.eureka.registry.AbstractInstanceRegistry$EvictionTask [Eureka-EvictionTimer] Running the evict task with compensationTime 0ms
2022-12-30 11:42:48,597 INFO com.netflix.eureka.registry.AbstractInstanceRegistry$EvictionTask [Eureka-EvictionTimer] Running the evict task with compensationTime 0ms
2022-12-30 11:43:48,597 INFO com.netflix.eureka.registry.AbstractInstanceRegistry$EvictionTask [Eureka-EvictionTimer] Running the evict task with compensationTime 0ms
2022-12-30 11:44:48,598 INFO com.netflix.eureka.registry.AbstractInstanceRegistry$EvictionTask [Eureka-EvictionTimer] Running the evict task with compensationTime 0ms
2022-12-30 11:45:48,598 INFO com.netflix.eureka.registry.AbstractInstanceRegistry$EvictionTask [Eureka-EvictionTimer] Running the evict task with compensationTime 0ms
2022-12-30 11:45:49,670 WARN com.netflix.eureka.cluster.PeerEurekaNodes [Eureka-PeerNodesUpdater] The replica size seems to be empty. Check the route 53 DNS Registry
2022-12-30 11:46:48,599 INFO com.netflix.eureka.registry.AbstractInstanceRegistry$EvictionTask [Eureka-EvictionTimer] Running the evict task with compensationTime 0ms
2022-12-30 11:47:48,599 INFO com.netflix.eureka.registry.AbstractInstanceRegistry$EvictionTask [Eureka-EvictionTimer] Running the evict task with compensationTime 0ms
2022-12-30 11:48:48,599 INFO com.netflix.eureka.registry.AbstractInstanceRegistry$EvictionTask [Eureka-EvictionTimer] Running the evict task with compensationTime 0ms
2022-12-30 11:49:48,600 INFO com.netflix.eureka.registry.AbstractInstanceRegistry$EvictionTask [Eureka-EvictionTimer] Running the evict task with compensationTime 0ms
2022-12-30 11:50:48,600 INFO com.netflix.eureka.registry.AbstractInstanceRegistry$EvictionTask [Eureka-EvictionTimer] Running the evict task with compensationTime 0ms
2022-12-30 11:51:48,601 INFO com.netflix.eureka.registry.AbstractInstanceRegistry$EvictionTask [Eureka-EvictionTimer] Running the evict task with compensationTime 1ms
2022-12-30 11:52:48,601 INFO com.netflix.eureka.registry.AbstractInstanceRegistry$EvictionTask [Eureka-EvictionTimer] Running the evict task with compensationTime 0ms
2022-12-30 11:53:48,602 INFO com.netflix.eureka.registry.AbstractInstanceRegistry$EvictionTask [Eureka-EvictionTimer] Running the evict task with compensationTime 0ms
2022-12-30 11:54:48,602 INFO com.netflix.eureka.registry.AbstractInstanceRegistry$EvictionTask [Eureka-EvictionTimer] Running the evict task with compensationTime 0ms
2022-12-30 11:55:48,013 INFO com.netflix.eureka.registry.PeerAwareInstanceRegistryImpl [ReplicaAwareInstanceRegistry - RenewalThresholdUpdater] Current renewal threshold is : 0
2022-12-30 11:55:48,602 INFO com.netflix.eureka.registry.AbstractInstanceRegistry$EvictionTask [Eureka-EvictionTimer] Running the evict task with compensationTime 0ms
2022-12-30 11:55:49,672 WARN com.netflix.eureka.cluster.PeerEurekaNodes [Eureka-PeerNodesUpdater] The replica size seems to be empty. Check the route 53 DNS Registry
2022-12-30 11:56:48,602 INFO com.netflix.eureka.registry.AbstractInstanceRegistry$EvictionTask [Eureka-EvictionTimer] Running the evict task with compensationTime 0ms
2022-12-30 11:57:48,603 INFO com.netflix.eureka.registry.AbstractInstanceRegistry$EvictionTask [Eureka-EvictionTimer] Running the evict task with compensationTime 0ms
2022-12-30 11:58:48,603 INFO com.netflix.eureka.registry.AbstractInstanceRegistry$EvictionTask [Eureka-EvictionTimer] Running the evict task with compensationTime 0ms
2022-12-30 11:59:48,603 INFO com.netflix.eureka.registry.AbstractInstanceRegistry$EvictionTask [Eureka-EvictionTimer] Running the evict task with compensationTime 0ms
2022-12-30 12:00:48,604 INFO com.netflix.eureka.registry.AbstractInstanceRegistry$EvictionTask [Eureka-EvictionTimer] Running the evict task with compensationTime 0ms
2022-12-30 12:01:48,605 INFO com.netflix.eureka.registry.AbstractInstanceRegistry$EvictionTask [Eureka-EvictionTimer] Running the evict task with compensationTime 0ms
2022-12-30 12:02:48,605 INFO com.netflix.eureka.registry.AbstractInstanceRegistry$EvictionTask [Eureka-EvictionTimer] Running the evict task with compensationTime 0ms
2022-12-30 12:03:48,606 INFO com.netflix.eureka.registry.AbstractInstanceRegistry$EvictionTask [Eureka-EvictionTimer] Running the evict task with compensationTime 0ms
2022-12-30 12:04:48,606 INFO com.netflix.eureka.registry.AbstractInstanceRegistry$EvictionTask [Eureka-EvictionTimer] Running the evict task with compensationTime 0ms
2022-12-30 12:05:48,606 INFO com.netflix.eureka.registry.AbstractInstanceRegistry$EvictionTask [Eureka-EvictionTimer] Running the evict task with compensationTime 0ms
2022-12-30 12:05:49,675 WARN com.netflix.eureka.cluster.PeerEurekaNodes [Eureka-PeerNodesUpdater] The replica size seems to be empty. Check the route 53 DNS Registry
2022-12-30 12:06:48,606 INFO com.netflix.eureka.registry.AbstractInstanceRegistry$EvictionTask [Eureka-EvictionTimer] Running the evict task with compensationTime 0ms
2022-12-30 12:07:48,607 INFO com.netflix.eureka.registry.AbstractInstanceRegistry$EvictionTask [Eureka-EvictionTimer] Running the evict task with compensationTime 0ms
2022-12-30 12:08:48,607 INFO com.netflix.eureka.registry.AbstractInstanceRegistry$EvictionTask [Eureka-EvictionTimer] Running the evict task with compensationTime 0ms
2022-12-30 12:09:48,608 INFO com.netflix.eureka.registry.AbstractInstanceRegistry$EvictionTask [Eureka-EvictionTimer] Running the evict task with compensationTime 0ms
2022-12-30 12:10:48,014 INFO com.netflix.eureka.registry.PeerAwareInstanceRegistryImpl [ReplicaAwareInstanceRegistry - RenewalThresholdUpdater] Current renewal threshold is : 0
2022-12-30 12:10:48,609 INFO com.netflix.eureka.registry.AbstractInstanceRegistry$EvictionTask [Eureka-EvictionTimer] Running the evict task with compensationTime 0ms
2022-12-30 12:11:48,609 INFO com.netflix.eureka.registry.AbstractInstanceRegistry$EvictionTask [Eureka-EvictionTimer] Running the evict task with compensationTime 0ms
2022-12-30 12:12:48,609 INFO com.netflix.eureka.registry.AbstractInstanceRegistry$EvictionTask [Eureka-EvictionTimer] Running the evict task with compensationTime 0ms
2022-12-30 12:13:48,609 INFO com.netflix.eureka.registry.AbstractInstanceRegistry$EvictionTask [Eureka-EvictionTimer] Running the evict task with compensationTime 0ms
2022-12-30 12:14:48,609 INFO com.netflix.eureka.registry.AbstractInstanceRegistry$EvictionTask [Eureka-EvictionTimer] Running the evict task with compensationTime 0ms
2022-12-30 12:15:48,610 INFO com.netflix.eureka.registry.AbstractInstanceRegistry$EvictionTask [Eureka-EvictionTimer] Running the evict task with compensationTime 0ms
2022-12-30 12:15:49,679 WARN com.netflix.eureka.cluster.PeerEurekaNodes [Eureka-PeerNodesUpdater] The replica size seems to be empty. Check the route 53 DNS Registry
2022-12-30 12:16:48,611 INFO com.netflix.eureka.registry.AbstractInstanceRegistry$EvictionTask [Eureka-EvictionTimer] Running the evict task with compensationTime 0ms
2022-12-30 12:17:48,612 INFO com.netflix.eureka.registry.AbstractInstanceRegistry$EvictionTask [Eureka-EvictionTimer] Running the evict task with compensationTime 0ms
2022-12-30 12:18:48,612 INFO com.netflix.eureka.registry.AbstractInstanceRegistry$EvictionTask [Eureka-EvictionTimer] Running the evict task with compensationTime 0ms
2022-12-30 12:19:48,613 INFO com.netflix.eureka.registry.AbstractInstanceRegistry$EvictionTask [Eureka-EvictionTimer] Running the evict task with compensationTime 0ms
2022-12-30 12:20:48,613 INFO com.netflix.eureka.registry.AbstractInstanceRegistry$EvictionTask [Eureka-EvictionTimer] Running the evict task with compensationTime 0ms
2022-12-30 12:21:48,613 INFO com.netflix.eureka.registry.AbstractInstanceRegistry$EvictionTask [Eureka-EvictionTimer] Running the evict task with compensationTime 0ms
2022-12-30 12:22:48,614 INFO com.netflix.eureka.registry.AbstractInstanceRegistry$EvictionTask [Eureka-EvictionTimer] Running the evict task with compensationTime 0ms
2022-12-30 12:23:48,614 INFO com.netflix.eureka.registry.AbstractInstanceRegistry$EvictionTask [Eureka-EvictionTimer] Running the evict task with compensationTime 0ms
2022-12-30 12:24:48,615 INFO com.netflix.eureka.registry.AbstractInstanceRegistry$EvictionTask [Eureka-EvictionTimer] Running the evict task with compensationTime 0ms
2022-12-30 12:25:48,015 INFO com.netflix.eureka.registry.PeerAwareInstanceRegistryImpl [ReplicaAwareInstanceRegistry - RenewalThresholdUpdater] Current renewal threshold is : 0
2022-12-30 12:25:48,615 INFO com.netflix.eureka.registry.AbstractInstanceRegistry$EvictionTask [Eureka-EvictionTimer] Running the evict task with compensationTime 0ms
2022-12-30 12:25:49,681 WARN com.netflix.eureka.cluster.PeerEurekaNodes [Eureka-PeerNodesUpdater] The replica size seems to be empty. Check the route 53 DNS Registry
2022-12-30 12:26:48,616 INFO com.netflix.eureka.registry.AbstractInstanceRegistry$EvictionTask [Eureka-EvictionTimer] Running the evict task with compensationTime 1ms
2022-12-30 12:27:48,617 INFO com.netflix.eureka.registry.AbstractInstanceRegistry$EvictionTask [Eureka-EvictionTimer] Running the evict task with compensationTime 0ms
2022-12-30 12:28:48,618 INFO com.netflix.eureka.registry.AbstractInstanceRegistry$EvictionTask [Eureka-EvictionTimer] Running the evict task with compensationTime 0ms
2022-12-30 12:29:48,618 INFO com.netflix.eureka.registry.AbstractInstanceRegistry$EvictionTask [Eureka-EvictionTimer] Running the evict task with compensationTime 0ms
2022-12-30 12:30:48,618 INFO com.netflix.eureka.registry.AbstractInstanceRegistry$EvictionTask [Eureka-EvictionTimer] Running the evict task with compensationTime 0ms
2022-12-30 12:31:48,623 INFO com.netflix.eureka.registry.AbstractInstanceRegistry$EvictionTask [Eureka-EvictionTimer] Running the evict task with compensationTime 0ms
2022-12-30 12:32:48,619 INFO com.netflix.eureka.registry.AbstractInstanceRegistry$EvictionTask [Eureka-EvictionTimer] Running the evict task with compensationTime 0ms
2022-12-30 12:33:48,620 INFO com.netflix.eureka.registry.AbstractInstanceRegistry$EvictionTask [Eureka-EvictionTimer] Running the evict task with compensationTime 0ms
2022-12-30 12:34:48,620 INFO com.netflix.eureka.registry.AbstractInstanceRegistry$EvictionTask [Eureka-EvictionTimer] Running the evict task with compensationTime 0ms
2022-12-30 12:35:48,621 INFO com.netflix.eureka.registry.AbstractInstanceRegistry$EvictionTask [Eureka-EvictionTimer] Running the evict task with compensationTime 0ms
2022-12-30 12:35:49,689 WARN com.netflix.eureka.cluster.PeerEurekaNodes [Eureka-PeerNodesUpdater] The replica size seems to be empty. Check the route 53 DNS Registry
2022-12-30 12:36:48,622 INFO com.netflix.eureka.registry.AbstractInstanceRegistry$EvictionTask [Eureka-EvictionTimer] Running the evict task with compensationTime 0ms
2022-12-30 12:37:48,623 INFO com.netflix.eureka.registry.AbstractInstanceRegistry$EvictionTask [Eureka-EvictionTimer] Running the evict task with compensationTime 0ms
2022-12-30 12:38:48,623 INFO com.netflix.eureka.registry.AbstractInstanceRegistry$EvictionTask [Eureka-EvictionTimer] Running the evict task with compensationTime 0ms
2022-12-30 12:39:48,624 INFO com.netflix.eureka.registry.AbstractInstanceRegistry$EvictionTask [Eureka-EvictionTimer] Running the evict task with compensationTime 1ms
2022-12-30 12:40:48,015 INFO com.netflix.eureka.registry.PeerAwareInstanceRegistryImpl [ReplicaAwareInstanceRegistry - RenewalThresholdUpdater] Current renewal threshold is : 0
2022-12-30 12:40:48,624 INFO com.netflix.eureka.registry.AbstractInstanceRegistry$EvictionTask [Eureka-EvictionTimer] Running the evict task with compensationTime 0ms
2022-12-30 12:41:48,625 INFO com.netflix.eureka.registry.AbstractInstanceRegistry$EvictionTask [Eureka-EvictionTimer] Running the evict task with compensationTime 0ms
2022-12-30 12:42:48,625 INFO com.netflix.eureka.registry.AbstractInstanceRegistry$EvictionTask [Eureka-EvictionTimer] Running the evict task with compensationTime 0ms
2022-12-30 12:43:48,625 INFO com.netflix.eureka.registry.AbstractInstanceRegistry$EvictionTask [Eureka-EvictionTimer] Running the evict task with compensationTime 0ms
2022-12-30 12:44:48,626 INFO com.netflix.eureka.registry.AbstractInstanceRegistry$EvictionTask [Eureka-EvictionTimer] Running the evict task with compensationTime 0ms
2022-12-30 12:45:48,626 INFO com.netflix.eureka.registry.AbstractInstanceRegistry$EvictionTask [Eureka-EvictionTimer] Running the evict task with compensationTime 0ms
2022-12-30 12:45:49,691 WARN com.netflix.eureka.cluster.PeerEurekaNodes [Eureka-PeerNodesUpdater] The replica size seems to be empty. Check the route 53 DNS Registry
2022-12-30 12:46:48,626 INFO com.netflix.eureka.registry.AbstractInstanceRegistry$EvictionTask [Eureka-EvictionTimer] Running the evict task with compensationTime 0ms
2022-12-30 12:47:48,627 INFO com.netflix.eureka.registry.AbstractInstanceRegistry$EvictionTask [Eureka-EvictionTimer] Running the evict task with compensationTime 0ms
2022-12-30 12:48:48,628 INFO com.netflix.eureka.registry.AbstractInstanceRegistry$EvictionTask [Eureka-EvictionTimer] Running the evict task with compensationTime 0ms
2022-12-30 12:49:48,628 INFO com.netflix.eureka.registry.AbstractInstanceRegistry$EvictionTask [Eureka-EvictionTimer] Running the evict task with compensationTime 0ms
2022-12-30 12:50:48,628 INFO com.netflix.eureka.registry.AbstractInstanceRegistry$EvictionTask [Eureka-EvictionTimer] Running the evict task with compensationTime 0ms
2022-12-30 12:51:48,628 INFO com.netflix.eureka.registry.AbstractInstanceRegistry$EvictionTask [Eureka-EvictionTimer] Running the evict task with compensationTime 0ms
2022-12-30 12:52:48,629 INFO com.netflix.eureka.registry.AbstractInstanceRegistry$EvictionTask [Eureka-EvictionTimer] Running the evict task with compensationTime 0ms
2022-12-30 12:53:48,629 INFO com.netflix.eureka.registry.AbstractInstanceRegistry$EvictionTask [Eureka-EvictionTimer] Running the evict task with compensationTime 0ms
2022-12-30 12:54:48,630 INFO com.netflix.eureka.registry.AbstractInstanceRegistry$EvictionTask [Eureka-EvictionTimer] Running the evict task with compensationTime 0ms
2022-12-30 12:55:48,016 INFO com.netflix.eureka.registry.PeerAwareInstanceRegistryImpl [ReplicaAwareInstanceRegistry - RenewalThresholdUpdater] Current renewal threshold is : 0
2022-12-30 12:55:48,630 INFO com.netflix.eureka.registry.AbstractInstanceRegistry$EvictionTask [Eureka-EvictionTimer] Running the evict task with compensationTime 0ms
2022-12-30 12:55:49,692 WARN com.netflix.eureka.cluster.PeerEurekaNodes [Eureka-PeerNodesUpdater] The replica size seems to be empty. Check the route 53 DNS Registry
2022-12-30 12:56:48,630 INFO com.netflix.eureka.registry.AbstractInstanceRegistry$EvictionTask [Eureka-EvictionTimer] Running the evict task with compensationTime 0ms
2022-12-30 12:57:48,631 INFO com.netflix.eureka.registry.AbstractInstanceRegistry$EvictionTask [Eureka-EvictionTimer] Running the evict task with compensationTime 0ms
2022-12-30 12:58:48,631 INFO com.netflix.eureka.registry.AbstractInstanceRegistry$EvictionTask [Eureka-EvictionTimer] Running the evict task with compensationTime 0ms
2022-12-30 12:59:48,632 INFO com.netflix.eureka.registry.AbstractInstanceRegistry$EvictionTask [Eureka-EvictionTimer] Running the evict task with compensationTime 0ms
2022-12-30 13:00:48,632 INFO com.netflix.eureka.registry.AbstractInstanceRegistry$EvictionTask [Eureka-EvictionTimer] Running the evict task with compensationTime 0ms
2022-12-30 13:01:48,633 INFO com.netflix.eureka.registry.AbstractInstanceRegistry$EvictionTask [Eureka-EvictionTimer] Running the evict task with compensationTime 0ms
2022-12-30 13:02:48,633 INFO com.netflix.eureka.registry.AbstractInstanceRegistry$EvictionTask [Eureka-EvictionTimer] Running the evict task with compensationTime 0ms
2022-12-30 13:03:48,634 INFO com.netflix.eureka.registry.AbstractInstanceRegistry$EvictionTask [Eureka-EvictionTimer] Running the evict task with compensationTime 1ms
2022-12-30 13:04:48,635 INFO com.netflix.eureka.registry.AbstractInstanceRegistry$EvictionTask [Eureka-EvictionTimer] Running the evict task with compensationTime 0ms
2022-12-30 13:05:48,635 INFO com.netflix.eureka.registry.AbstractInstanceRegistry$EvictionTask [Eureka-EvictionTimer] Running the evict task with compensationTime 0ms
2022-12-30 13:05:49,694 WARN com.netflix.eureka.cluster.PeerEurekaNodes [Eureka-PeerNodesUpdater] The replica size seems to be empty. Check the route 53 DNS Registry
2022-12-30 13:06:48,636 INFO com.netflix.eureka.registry.AbstractInstanceRegistry$EvictionTask [Eureka-EvictionTimer] Running the evict task with compensationTime 1ms
2022-12-30 13:07:48,636 INFO com.netflix.eureka.registry.AbstractInstanceRegistry$EvictionTask [Eureka-EvictionTimer] Running the evict task with compensationTime 0ms
2022-12-30 13:08:48,636 INFO com.netflix.eureka.registry.AbstractInstanceRegistry$EvictionTask [Eureka-EvictionTimer] Running the evict task with compensationTime 0ms
2022-12-30 13:09:48,637 INFO com.netflix.eureka.registry.AbstractInstanceRegistry$EvictionTask [Eureka-EvictionTimer] Running the evict task with compensationTime 0ms
2022-12-30 13:10:48,016 INFO com.netflix.eureka.registry.PeerAwareInstanceRegistryImpl [ReplicaAwareInstanceRegistry - RenewalThresholdUpdater] Current renewal threshold is : 0
2022-12-30 13:10:48,637 INFO com.netflix.eureka.registry.AbstractInstanceRegistry$EvictionTask [Eureka-EvictionTimer] Running the evict task with compensationTime 0ms
2022-12-30 13:11:48,638 INFO com.netflix.eureka.registry.AbstractInstanceRegistry$EvictionTask [Eureka-EvictionTimer] Running the evict task with compensationTime 0ms
2022-12-30 13:12:48,638 INFO com.netflix.eureka.registry.AbstractInstanceRegistry$EvictionTask [Eureka-EvictionTimer] Running the evict task with compensationTime 0ms
2022-12-30 13:13:48,639 INFO com.netflix.eureka.registry.AbstractInstanceRegistry$EvictionTask [Eureka-EvictionTimer] Running the evict task with compensationTime 0ms
2022-12-30 13:14:48,639 INFO com.netflix.eureka.registry.AbstractInstanceRegistry$EvictionTask [Eureka-EvictionTimer] Running the evict task with compensationTime 0ms
2022-12-30 13:15:48,640 INFO com.netflix.eureka.registry.AbstractInstanceRegistry$EvictionTask [Eureka-EvictionTimer] Running the evict task with compensationTime 0ms
2022-12-30 13:15:49,695 WARN com.netflix.eureka.cluster.PeerEurekaNodes [Eureka-PeerNodesUpdater] The replica size seems to be empty. Check the route 53 DNS Registry
2022-12-30 13:16:48,641 INFO com.netflix.eureka.registry.AbstractInstanceRegistry$EvictionTask [Eureka-EvictionTimer] Running the evict task with compensationTime 0ms
2022-12-30 13:17:48,642 INFO com.netflix.eureka.registry.AbstractInstanceRegistry$EvictionTask [Eureka-EvictionTimer] Running the evict task with compensationTime 1ms
2022-12-30 13:18:48,643 INFO com.netflix.eureka.registry.AbstractInstanceRegistry$EvictionTask [Eureka-EvictionTimer] Running the evict task with compensationTime 0ms
2022-12-30 13:19:48,643 INFO com.netflix.eureka.registry.AbstractInstanceRegistry$EvictionTask [Eureka-EvictionTimer] Running the evict task with compensationTime 0ms
2022-12-30 13:20:48,644 INFO com.netflix.eureka.registry.AbstractInstanceRegistry$EvictionTask [Eureka-EvictionTimer] Running the evict task with compensationTime 0ms
2022-12-30 13:21:48,644 INFO com.netflix.eureka.registry.AbstractInstanceRegistry$EvictionTask [Eureka-EvictionTimer] Running the evict task with compensationTime 0ms
2022-12-30 13:22:48,645 INFO com.netflix.eureka.registry.AbstractInstanceRegistry$EvictionTask [Eureka-EvictionTimer] Running the evict task with compensationTime 0ms
2022-12-30 13:23:48,645 INFO com.netflix.eureka.registry.AbstractInstanceRegistry$EvictionTask [Eureka-EvictionTimer] Running the evict task with compensationTime 0ms
2022-12-30 13:24:48,645 INFO com.netflix.eureka.registry.AbstractInstanceRegistry$EvictionTask [Eureka-EvictionTimer] Running the evict task with compensationTime 0ms
2022-12-30 13:25:48,016 INFO com.netflix.eureka.registry.PeerAwareInstanceRegistryImpl [ReplicaAwareInstanceRegistry - RenewalThresholdUpdater] Current renewal threshold is : 0
2022-12-30 13:25:48,646 INFO com.netflix.eureka.registry.AbstractInstanceRegistry$EvictionTask [Eureka-EvictionTimer] Running the evict task with compensationTime 0ms
2022-12-30 13:25:49,697 WARN com.netflix.eureka.cluster.PeerEurekaNodes [Eureka-PeerNodesUpdater] The replica size seems to be empty. Check the route 53 DNS Registry
2022-12-30 13:26:48,646 INFO com.netflix.eureka.registry.AbstractInstanceRegistry$EvictionTask [Eureka-EvictionTimer] Running the evict task with compensationTime 0ms
2022-12-30 13:27:48,647 INFO com.netflix.eureka.registry.AbstractInstanceRegistry$EvictionTask [Eureka-EvictionTimer] Running the evict task with compensationTime 0ms
2022-12-30 13:28:48,648 INFO com.netflix.eureka.registry.AbstractInstanceRegistry$EvictionTask [Eureka-EvictionTimer] Running the evict task with compensationTime 0ms
2022-12-30 13:29:48,649 INFO com.netflix.eureka.registry.AbstractInstanceRegistry$EvictionTask [Eureka-EvictionTimer] Running the evict task with compensationTime 0ms
2022-12-30 13:30:48,650 INFO com.netflix.eureka.registry.AbstractInstanceRegistry$EvictionTask [Eureka-EvictionTimer] Running the evict task with compensationTime 1ms
2022-12-30 13:31:48,650 INFO com.netflix.eureka.registry.AbstractInstanceRegistry$EvictionTask [Eureka-EvictionTimer] Running the evict task with compensationTime 0ms
2022-12-30 13:32:48,651 INFO com.netflix.eureka.registry.AbstractInstanceRegistry$EvictionTask [Eureka-EvictionTimer] Running the evict task with compensationTime 0ms
2022-12-30 13:33:48,652 INFO com.netflix.eureka.registry.AbstractInstanceRegistry$EvictionTask [Eureka-EvictionTimer] Running the evict task with compensationTime 1ms
2022-12-30 13:34:48,652 INFO com.netflix.eureka.registry.AbstractInstanceRegistry$EvictionTask [Eureka-EvictionTimer] Running the evict task with compensationTime 0ms
2022-12-30 13:35:48,652 INFO com.netflix.eureka.registry.AbstractInstanceRegistry$EvictionTask [Eureka-EvictionTimer] Running the evict task with compensationTime 0ms
2022-12-30 13:35:49,700 WARN com.netflix.eureka.cluster.PeerEurekaNodes [Eureka-PeerNodesUpdater] The replica size seems to be empty. Check the route 53 DNS Registry
2022-12-30 13:36:48,652 INFO com.netflix.eureka.registry.AbstractInstanceRegistry$EvictionTask [Eureka-EvictionTimer] Running the evict task with compensationTime 0ms
2022-12-30 13:37:48,653 INFO com.netflix.eureka.registry.AbstractInstanceRegistry$EvictionTask [Eureka-EvictionTimer] Running the evict task with compensationTime 0ms
2022-12-30 13:38:48,654 INFO com.netflix.eureka.registry.AbstractInstanceRegistry$EvictionTask [Eureka-EvictionTimer] Running the evict task with compensationTime 1ms
2022-12-30 13:39:48,655 INFO com.netflix.eureka.registry.AbstractInstanceRegistry$EvictionTask [Eureka-EvictionTimer] Running the evict task with compensationTime 0ms
2022-12-30 13:40:48,017 INFO com.netflix.eureka.registry.PeerAwareInstanceRegistryImpl [ReplicaAwareInstanceRegistry - RenewalThresholdUpdater] Current renewal threshold is : 0
2022-12-30 13:40:48,655 INFO com.netflix.eureka.registry.AbstractInstanceRegistry$EvictionTask [Eureka-EvictionTimer] Running the evict task with compensationTime 0ms
2022-12-30 13:41:48,656 INFO com.netflix.eureka.registry.AbstractInstanceRegistry$EvictionTask [Eureka-EvictionTimer] Running the evict task with compensationTime 0ms
2022-12-30 13:42:48,656 INFO com.netflix.eureka.registry.AbstractInstanceRegistry$EvictionTask [Eureka-EvictionTimer] Running the evict task with compensationTime 0ms
2022-12-30 13:43:48,657 INFO com.netflix.eureka.registry.AbstractInstanceRegistry$EvictionTask [Eureka-EvictionTimer] Running the evict task with compensationTime 1ms
2022-12-30 13:44:48,658 INFO com.netflix.eureka.registry.AbstractInstanceRegistry$EvictionTask [Eureka-EvictionTimer] Running the evict task with compensationTime 0ms
2022-12-30 13:45:48,658 INFO com.netflix.eureka.registry.AbstractInstanceRegistry$EvictionTask [Eureka-EvictionTimer] Running the evict task with compensationTime 0ms
2022-12-30 13:45:49,702 WARN com.netflix.eureka.cluster.PeerEurekaNodes [Eureka-PeerNodesUpdater] The replica size seems to be empty. Check the route 53 DNS Registry
2022-12-30 13:46:48,659 INFO com.netflix.eureka.registry.AbstractInstanceRegistry$EvictionTask [Eureka-EvictionTimer] Running the evict task with compensationTime 1ms
2022-12-30 13:47:48,659 INFO com.netflix.eureka.registry.AbstractInstanceRegistry$EvictionTask [Eureka-EvictionTimer] Running the evict task with compensationTime 0ms
2022-12-30 13:48:48,659 INFO com.netflix.eureka.registry.AbstractInstanceRegistry$EvictionTask [Eureka-EvictionTimer] Running the evict task with compensationTime 0ms
2022-12-30 13:49:48,660 INFO com.netflix.eureka.registry.AbstractInstanceRegistry$EvictionTask [Eureka-EvictionTimer] Running the evict task with compensationTime 0ms
2022-12-30 13:50:48,661 INFO com.netflix.eureka.registry.AbstractInstanceRegistry$EvictionTask [Eureka-EvictionTimer] Running the evict task with compensationTime 0ms
2022-12-30 13:51:48,661 INFO com.netflix.eureka.registry.AbstractInstanceRegistry$EvictionTask [Eureka-EvictionTimer] Running the evict task with compensationTime 0ms
2022-12-30 13:52:48,661 INFO com.netflix.eureka.registry.AbstractInstanceRegistry$EvictionTask [Eureka-EvictionTimer] Running the evict task with compensationTime 0ms
2022-12-30 13:53:48,662 INFO com.netflix.eureka.registry.AbstractInstanceRegistry$EvictionTask [Eureka-EvictionTimer] Running the evict task with compensationTime 0ms
2022-12-30 13:54:48,662 INFO com.netflix.eureka.registry.AbstractInstanceRegistry$EvictionTask [Eureka-EvictionTimer] Running the evict task with compensationTime 0ms
2022-12-30 13:55:48,017 INFO com.netflix.eureka.registry.PeerAwareInstanceRegistryImpl [ReplicaAwareInstanceRegistry - RenewalThresholdUpdater] Current renewal threshold is : 0
2022-12-30 13:55:48,663 INFO com.netflix.eureka.registry.AbstractInstanceRegistry$EvictionTask [Eureka-EvictionTimer] Running the evict task with compensationTime 0ms
2022-12-30 13:55:49,703 WARN com.netflix.eureka.cluster.PeerEurekaNodes [Eureka-PeerNodesUpdater] The replica size seems to be empty. Check the route 53 DNS Registry
2022-12-30 13:56:48,663 INFO com.netflix.eureka.registry.AbstractInstanceRegistry$EvictionTask [Eureka-EvictionTimer] Running the evict task with compensationTime 0ms
2022-12-30 13:57:48,664 INFO com.netflix.eureka.registry.AbstractInstanceRegistry$EvictionTask [Eureka-EvictionTimer] Running the evict task with compensationTime 0ms
2022-12-30 13:58:48,664 INFO com.netflix.eureka.registry.AbstractInstanceRegistry$EvictionTask [Eureka-EvictionTimer] Running the evict task with compensationTime 0ms
2022-12-30 13:59:48,665 INFO com.netflix.eureka.registry.AbstractInstanceRegistry$EvictionTask [Eureka-EvictionTimer] Running the evict task with compensationTime 1ms
2022-12-30 14:00:48,665 INFO com.netflix.eureka.registry.AbstractInstanceRegistry$EvictionTask [Eureka-EvictionTimer] Running the evict task with compensationTime 0ms
2022-12-30 14:01:48,666 INFO com.netflix.eureka.registry.AbstractInstanceRegistry$EvictionTask [Eureka-EvictionTimer] Running the evict task with compensationTime 0ms
2022-12-30 14:02:48,666 INFO com.netflix.eureka.registry.AbstractInstanceRegistry$EvictionTask [Eureka-EvictionTimer] Running the evict task with compensationTime 0ms
2022-12-30 14:03:48,666 INFO com.netflix.eureka.registry.AbstractInstanceRegistry$EvictionTask [Eureka-EvictionTimer] Running the evict task with compensationTime 0ms
2022-12-30 14:04:48,666 INFO com.netflix.eureka.registry.AbstractInstanceRegistry$EvictionTask [Eureka-EvictionTimer] Running the evict task with compensationTime 0ms
2022-12-30 14:05:48,667 INFO com.netflix.eureka.registry.AbstractInstanceRegistry$EvictionTask [Eureka-EvictionTimer] Running the evict task with compensationTime 0ms
2022-12-30 14:05:49,705 WARN com.netflix.eureka.cluster.PeerEurekaNodes [Eureka-PeerNodesUpdater] The replica size seems to be empty. Check the route 53 DNS Registry
