2023-01-21 03:10:40,793 INFO org.springframework.boot.StartupInfoLogger [main] Starting MovieServiceApiApplication using Java 17.0.4.1 on Hariharan with PID 15648 (C:\Users\HariharanB\FullstackFinal\movie-service-api\target\classes started by HariharanB in C:\Users\HariharanB\FullstackFinal\movie-service-api)
2023-01-21 03:10:40,801 DEBUG org.springframework.boot.StartupInfoLogger [main] Running with Spring Boot v2.7.7, Spring v5.3.24
2023-01-21 03:10:40,801 INFO org.springframework.boot.SpringApplication [main] No active profile set, falling back to 1 default profile: "default"
2023-01-21 03:10:40,864 INFO org.springframework.boot.logging.DeferredLog [main] Fetching config from server at : http://localhost:8888
2023-01-21 03:10:40,865 INFO org.springframework.boot.logging.DeferredLog [main] Located environment: name=MOVIE-SERVICE, profiles=[default], label=null, version=859c16c98cdc5dea4ed03fb37a9541c751f918d5, state=null
2023-01-21 03:10:42,125 INFO org.springframework.cloud.context.scope.GenericScope [main] BeanFactory id=c54b0e7d-f416-3299-9b21-d3e056875b01
2023-01-21 03:10:42,557 INFO org.springframework.boot.web.embedded.tomcat.TomcatWebServer [main] Tomcat initialized with port(s): 8081 (http)
2023-01-21 03:10:42,571 INFO org.apache.juli.logging.DirectJDKLog [main] Initializing ProtocolHandler ["http-nio-8081"]
2023-01-21 03:10:42,572 INFO org.apache.juli.logging.DirectJDKLog [main] Starting service [Tomcat]
2023-01-21 03:10:42,572 INFO org.apache.juli.logging.DirectJDKLog [main] Starting Servlet engine: [Apache Tomcat/9.0.70]
2023-01-21 03:10:42,795 INFO org.apache.juli.logging.DirectJDKLog [main] Initializing Spring embedded WebApplicationContext
2023-01-21 03:10:42,795 INFO org.springframework.boot.web.servlet.context.ServletWebServerApplicationContext [main] Root WebApplicationContext: initialization completed in 1927 ms
2023-01-21 03:10:43,196 INFO com.orientechnologies.common.log.OLogManager [main] Windows OS is detected, 262144 limit of open files will be set for the disk cache.
2023-01-21 03:10:44,512 INFO org.springframework.boot.actuate.endpoint.web.EndpointLinksResolver [main] Exposing 1 endpoint(s) beneath base path '/actuator'
2023-01-21 03:10:44,664 INFO org.springframework.security.web.DefaultSecurityFilterChain [main] Will secure any request with [org.springframework.security.web.session.DisableEncodeUrlFilter@55c46ec1, org.springframework.security.web.context.request.async.WebAsyncManagerIntegrationFilter@3eff6846, org.springframework.security.web.context.SecurityContextPersistenceFilter@3b65084e, org.springframework.security.web.header.HeaderWriterFilter@ba562e0, org.springframework.web.filter.CorsFilter@6ae6d078, org.springframework.security.web.csrf.CsrfFilter@2830315f, org.springframework.security.web.authentication.logout.LogoutFilter@280484c7, org.springframework.security.oauth2.server.resource.web.BearerTokenAuthenticationFilter@3f1d6a13, org.springframework.security.web.savedrequest.RequestCacheAwareFilter@cae2a97, org.springframework.security.web.servletapi.SecurityContextHolderAwareRequestFilter@7d12429, org.springframework.security.web.authentication.AnonymousAuthenticationFilter@6ca33187, org.springframework.security.web.session.SessionManagementFilter@61dd1c3d, org.springframework.security.web.access.ExceptionTranslationFilter@2f471037, org.springframework.security.web.access.intercept.FilterSecurityInterceptor@18e8eb59]
2023-01-21 03:10:45,832 INFO org.springframework.cloud.netflix.eureka.config.DiscoveryClientOptionalArgsConfiguration [main] Eureka HTTP Client uses RestTemplate.
2023-01-21 03:10:45,940 WARN org.springframework.cloud.loadbalancer.config.LoadBalancerCacheAutoConfiguration$LoadBalancerCaffeineWarnLogger [main] Spring Cloud LoadBalancer is currently working with the default cache. While this cache implementation is useful for development and tests, it's recommended to use Caffeine cache in production.You can switch to using Caffeine cache, by adding it and org.springframework.cache.caffeine.CaffeineCacheManager to the classpath.
2023-01-21 03:10:46,053 INFO org.springframework.cloud.netflix.eureka.InstanceInfoFactory [main] Setting initial instance status as: STARTING
2023-01-21 03:10:46,138 INFO com.netflix.discovery.DiscoveryClient [main] Initializing Eureka in region us-east-1
2023-01-21 03:10:46,151 INFO com.netflix.discovery.shared.resolver.aws.ConfigClusterResolver [main] Resolving eureka endpoints via configuration
2023-01-21 03:10:46,200 INFO com.netflix.discovery.DiscoveryClient [main] Disable delta property : false
2023-01-21 03:10:46,201 INFO com.netflix.discovery.DiscoveryClient [main] Single vip registry refresh property : null
2023-01-21 03:10:46,202 INFO com.netflix.discovery.DiscoveryClient [main] Force full registry fetch : false
2023-01-21 03:10:46,202 INFO com.netflix.discovery.DiscoveryClient [main] Application is null : false
2023-01-21 03:10:46,202 INFO com.netflix.discovery.DiscoveryClient [main] Registered Applications size is zero : true
2023-01-21 03:10:46,203 INFO com.netflix.discovery.DiscoveryClient [main] Application version is -1: true
2023-01-21 03:10:46,203 INFO com.netflix.discovery.DiscoveryClient [main] Getting all instance registry info from the eureka server
2023-01-21 03:10:46,685 INFO com.netflix.discovery.DiscoveryClient [main] The response status is 200
2023-01-21 03:10:46,688 INFO com.netflix.discovery.DiscoveryClient [main] Starting heartbeat executor: renew interval is: 30
2023-01-21 03:10:46,693 INFO com.netflix.discovery.InstanceInfoReplicator [main] InstanceInfoReplicator onDemand update allowed rate per min is 4
2023-01-21 03:10:46,700 INFO com.netflix.discovery.DiscoveryClient [main] Discovery Client initialized at timestamp 1674250846699 with initial instances count: 0
2023-01-21 03:10:46,704 INFO org.springframework.cloud.netflix.eureka.serviceregistry.EurekaServiceRegistry [main] Registering application MOVIE-SERVICE with eureka with status UP
2023-01-21 03:10:46,705 INFO com.netflix.discovery.DiscoveryClient$3 [main] Saw local status change event StatusChangeEvent [timestamp=1674250846705, current=UP, previous=STARTING]
2023-01-21 03:10:46,708 INFO com.netflix.discovery.DiscoveryClient [DiscoveryClient-InstanceInfoReplicator-0] DiscoveryClient_MOVIE-SERVICE/host.docker.internal:MOVIE-SERVICE:8081: registering service...
2023-01-21 03:10:46,709 INFO org.apache.juli.logging.DirectJDKLog [main] Starting ProtocolHandler ["http-nio-8081"]
2023-01-21 03:10:46,756 INFO org.springframework.boot.web.embedded.tomcat.TomcatWebServer [main] Tomcat started on port(s): 8081 (http) with context path ''
2023-01-21 03:10:46,757 INFO org.springframework.cloud.netflix.eureka.serviceregistry.EurekaAutoServiceRegistration [main] Updating port to 8081
2023-01-21 03:10:46,787 INFO com.netflix.discovery.DiscoveryClient [DiscoveryClient-InstanceInfoReplicator-0] DiscoveryClient_MOVIE-SERVICE/host.docker.internal:MOVIE-SERVICE:8081 - registration status: 204
2023-01-21 03:10:47,102 INFO org.springframework.boot.StartupInfoLogger [main] Started MovieServiceApiApplication in 8.696 seconds (JVM running for 10.147)
2023-01-21 03:10:47,967 INFO org.apache.juli.logging.DirectJDKLog [RMI TCP Connection(7)-127.0.0.1] Initializing Spring DispatcherServlet 'dispatcherServlet'
2023-01-21 03:10:47,968 INFO org.springframework.web.servlet.FrameworkServlet [RMI TCP Connection(7)-127.0.0.1] Initializing Servlet 'dispatcherServlet'
2023-01-21 03:10:47,972 INFO org.springframework.web.servlet.FrameworkServlet [RMI TCP Connection(7)-127.0.0.1] Completed initialization in 3 ms
2023-01-21 03:11:16,692 INFO com.netflix.discovery.DiscoveryClient [DiscoveryClient-CacheRefreshExecutor-0] Disable delta property : false
2023-01-21 03:11:16,693 INFO com.netflix.discovery.DiscoveryClient [DiscoveryClient-CacheRefreshExecutor-0] Single vip registry refresh property : null
2023-01-21 03:11:16,695 INFO com.netflix.discovery.DiscoveryClient [DiscoveryClient-CacheRefreshExecutor-0] Force full registry fetch : false
2023-01-21 03:11:16,697 INFO com.netflix.discovery.DiscoveryClient [DiscoveryClient-CacheRefreshExecutor-0] Application is null : false
2023-01-21 03:11:16,698 INFO com.netflix.discovery.DiscoveryClient [DiscoveryClient-CacheRefreshExecutor-0] Registered Applications size is zero : true
2023-01-21 03:11:16,699 INFO com.netflix.discovery.DiscoveryClient [DiscoveryClient-CacheRefreshExecutor-0] Application version is -1: false
2023-01-21 03:11:16,700 INFO com.netflix.discovery.DiscoveryClient [DiscoveryClient-CacheRefreshExecutor-0] Getting all instance registry info from the eureka server
2023-01-21 03:11:16,730 INFO com.netflix.discovery.DiscoveryClient [DiscoveryClient-CacheRefreshExecutor-0] The response status is 200
2023-01-21 03:15:46,217 INFO com.netflix.discovery.shared.resolver.aws.ConfigClusterResolver [AsyncResolver-bootstrap-executor-0] Resolving eureka endpoints via configuration
2023-01-21 03:20:46,220 INFO com.netflix.discovery.shared.resolver.aws.ConfigClusterResolver [AsyncResolver-bootstrap-executor-0] Resolving eureka endpoints via configuration
2023-01-21 03:22:23,432 INFO com.movie.controllers.MovieController [http-nio-8081-exec-1] In Controller, Updating
2023-01-21 03:22:23,434 INFO com.movie.service.MovieServiceImpl [http-nio-8081-exec-1] Connecting to the databaseMovieDB
2023-01-21 03:22:23,970 INFO com.movie.service.MovieServiceImpl [http-nio-8081-exec-1] MovieDBconnected
2023-01-21 03:22:23,972 INFO com.movie.service.MovieServiceImpl [http-nio-8081-exec-1] executing query
