2023-01-07 00:03:57,496 INFO com.netflix.discovery.shared.resolver.aws.ConfigClusterResolver [AsyncResolver-bootstrap-executor-0] Resolving eureka endpoints via configuration
2023-01-07 00:08:57,513 INFO com.netflix.discovery.shared.resolver.aws.ConfigClusterResolver [AsyncResolver-bootstrap-executor-0] Resolving eureka endpoints via configuration
2023-01-07 00:13:57,526 INFO com.netflix.discovery.shared.resolver.aws.ConfigClusterResolver [AsyncResolver-bootstrap-executor-0] Resolving eureka endpoints via configuration
2023-01-07 00:18:57,539 INFO com.netflix.discovery.shared.resolver.aws.ConfigClusterResolver [AsyncResolver-bootstrap-executor-0] Resolving eureka endpoints via configuration
2023-01-07 00:23:57,559 INFO com.netflix.discovery.shared.resolver.aws.ConfigClusterResolver [AsyncResolver-bootstrap-executor-0] Resolving eureka endpoints via configuration
2023-01-07 00:28:57,565 INFO com.netflix.discovery.shared.resolver.aws.ConfigClusterResolver [AsyncResolver-bootstrap-executor-0] Resolving eureka endpoints via configuration
2023-01-07 00:33:57,568 INFO com.netflix.discovery.shared.resolver.aws.ConfigClusterResolver [AsyncResolver-bootstrap-executor-0] Resolving eureka endpoints via configuration
2023-01-07 00:38:57,571 INFO com.netflix.discovery.shared.resolver.aws.ConfigClusterResolver [AsyncResolver-bootstrap-executor-0] Resolving eureka endpoints via configuration
2023-01-07 00:43:57,575 INFO com.netflix.discovery.shared.resolver.aws.ConfigClusterResolver [AsyncResolver-bootstrap-executor-0] Resolving eureka endpoints via configuration
2023-01-07 00:48:57,578 INFO com.netflix.discovery.shared.resolver.aws.ConfigClusterResolver [AsyncResolver-bootstrap-executor-0] Resolving eureka endpoints via configuration
2023-01-07 00:53:57,580 INFO com.netflix.discovery.shared.resolver.aws.ConfigClusterResolver [AsyncResolver-bootstrap-executor-0] Resolving eureka endpoints via configuration
2023-01-07 00:58:57,593 INFO com.netflix.discovery.shared.resolver.aws.ConfigClusterResolver [AsyncResolver-bootstrap-executor-0] Resolving eureka endpoints via configuration
2023-01-07 01:03:57,605 INFO com.netflix.discovery.shared.resolver.aws.ConfigClusterResolver [AsyncResolver-bootstrap-executor-0] Resolving eureka endpoints via configuration
2023-01-07 01:08:57,607 INFO com.netflix.discovery.shared.resolver.aws.ConfigClusterResolver [AsyncResolver-bootstrap-executor-0] Resolving eureka endpoints via configuration
2023-01-07 01:13:57,609 INFO com.netflix.discovery.shared.resolver.aws.ConfigClusterResolver [AsyncResolver-bootstrap-executor-0] Resolving eureka endpoints via configuration
2023-01-07 01:18:57,619 INFO com.netflix.discovery.shared.resolver.aws.ConfigClusterResolver [AsyncResolver-bootstrap-executor-0] Resolving eureka endpoints via configuration
2023-01-07 01:23:57,624 INFO com.netflix.discovery.shared.resolver.aws.ConfigClusterResolver [AsyncResolver-bootstrap-executor-0] Resolving eureka endpoints via configuration
2023-01-07 01:28:57,630 INFO com.netflix.discovery.shared.resolver.aws.ConfigClusterResolver [AsyncResolver-bootstrap-executor-0] Resolving eureka endpoints via configuration
2023-01-07 01:33:57,638 INFO com.netflix.discovery.shared.resolver.aws.ConfigClusterResolver [AsyncResolver-bootstrap-executor-0] Resolving eureka endpoints via configuration
2023-01-07 01:38:57,641 INFO com.netflix.discovery.shared.resolver.aws.ConfigClusterResolver [AsyncResolver-bootstrap-executor-0] Resolving eureka endpoints via configuration
2023-01-07 01:43:57,647 INFO com.netflix.discovery.shared.resolver.aws.ConfigClusterResolver [AsyncResolver-bootstrap-executor-0] Resolving eureka endpoints via configuration
2023-01-07 01:48:57,660 INFO com.netflix.discovery.shared.resolver.aws.ConfigClusterResolver [AsyncResolver-bootstrap-executor-0] Resolving eureka endpoints via configuration
2023-01-07 01:53:57,668 INFO com.netflix.discovery.shared.resolver.aws.ConfigClusterResolver [AsyncResolver-bootstrap-executor-0] Resolving eureka endpoints via configuration
2023-01-07 01:58:57,673 INFO com.netflix.discovery.shared.resolver.aws.ConfigClusterResolver [AsyncResolver-bootstrap-executor-0] Resolving eureka endpoints via configuration
2023-01-07 02:03:57,681 INFO com.netflix.discovery.shared.resolver.aws.ConfigClusterResolver [AsyncResolver-bootstrap-executor-0] Resolving eureka endpoints via configuration
2023-01-07 02:08:57,690 INFO com.netflix.discovery.shared.resolver.aws.ConfigClusterResolver [AsyncResolver-bootstrap-executor-0] Resolving eureka endpoints via configuration
2023-01-07 02:13:57,702 INFO com.netflix.discovery.shared.resolver.aws.ConfigClusterResolver [AsyncResolver-bootstrap-executor-0] Resolving eureka endpoints via configuration
2023-01-07 02:18:57,710 INFO com.netflix.discovery.shared.resolver.aws.ConfigClusterResolver [AsyncResolver-bootstrap-executor-0] Resolving eureka endpoints via configuration
2023-01-07 02:23:57,718 INFO com.netflix.discovery.shared.resolver.aws.ConfigClusterResolver [AsyncResolver-bootstrap-executor-0] Resolving eureka endpoints via configuration
2023-01-07 02:28:57,734 INFO com.netflix.discovery.shared.resolver.aws.ConfigClusterResolver [AsyncResolver-bootstrap-executor-0] Resolving eureka endpoints via configuration
2023-01-07 02:33:57,737 INFO com.netflix.discovery.shared.resolver.aws.ConfigClusterResolver [AsyncResolver-bootstrap-executor-0] Resolving eureka endpoints via configuration
2023-01-07 02:38:57,741 INFO com.netflix.discovery.shared.resolver.aws.ConfigClusterResolver [AsyncResolver-bootstrap-executor-0] Resolving eureka endpoints via configuration
2023-01-07 02:43:57,754 INFO com.netflix.discovery.shared.resolver.aws.ConfigClusterResolver [AsyncResolver-bootstrap-executor-0] Resolving eureka endpoints via configuration
2023-01-07 02:48:57,769 INFO com.netflix.discovery.shared.resolver.aws.ConfigClusterResolver [AsyncResolver-bootstrap-executor-0] Resolving eureka endpoints via configuration
2023-01-07 02:53:57,770 INFO com.netflix.discovery.shared.resolver.aws.ConfigClusterResolver [AsyncResolver-bootstrap-executor-0] Resolving eureka endpoints via configuration
2023-01-07 02:58:57,775 INFO com.netflix.discovery.shared.resolver.aws.ConfigClusterResolver [AsyncResolver-bootstrap-executor-0] Resolving eureka endpoints via configuration
2023-01-07 03:03:57,776 INFO com.netflix.discovery.shared.resolver.aws.ConfigClusterResolver [AsyncResolver-bootstrap-executor-0] Resolving eureka endpoints via configuration
2023-01-07 03:08:57,787 INFO com.netflix.discovery.shared.resolver.aws.ConfigClusterResolver [AsyncResolver-bootstrap-executor-0] Resolving eureka endpoints via configuration
2023-01-07 03:13:57,792 INFO com.netflix.discovery.shared.resolver.aws.ConfigClusterResolver [AsyncResolver-bootstrap-executor-0] Resolving eureka endpoints via configuration
2023-01-07 03:18:57,793 INFO com.netflix.discovery.shared.resolver.aws.ConfigClusterResolver [AsyncResolver-bootstrap-executor-0] Resolving eureka endpoints via configuration
2023-01-07 03:23:57,795 INFO com.netflix.discovery.shared.resolver.aws.ConfigClusterResolver [AsyncResolver-bootstrap-executor-0] Resolving eureka endpoints via configuration
2023-01-07 03:28:57,805 INFO com.netflix.discovery.shared.resolver.aws.ConfigClusterResolver [AsyncResolver-bootstrap-executor-0] Resolving eureka endpoints via configuration
2023-01-07 03:33:57,817 INFO com.netflix.discovery.shared.resolver.aws.ConfigClusterResolver [AsyncResolver-bootstrap-executor-0] Resolving eureka endpoints via configuration
2023-01-07 03:38:57,833 INFO com.netflix.discovery.shared.resolver.aws.ConfigClusterResolver [AsyncResolver-bootstrap-executor-0] Resolving eureka endpoints via configuration
2023-01-07 03:43:57,840 INFO com.netflix.discovery.shared.resolver.aws.ConfigClusterResolver [AsyncResolver-bootstrap-executor-0] Resolving eureka endpoints via configuration
2023-01-07 03:48:57,854 INFO com.netflix.discovery.shared.resolver.aws.ConfigClusterResolver [AsyncResolver-bootstrap-executor-0] Resolving eureka endpoints via configuration
2023-01-07 03:53:57,866 INFO com.netflix.discovery.shared.resolver.aws.ConfigClusterResolver [AsyncResolver-bootstrap-executor-0] Resolving eureka endpoints via configuration
2023-01-07 03:58:57,881 INFO com.netflix.discovery.shared.resolver.aws.ConfigClusterResolver [AsyncResolver-bootstrap-executor-0] Resolving eureka endpoints via configuration
2023-01-07 04:03:57,889 INFO com.netflix.discovery.shared.resolver.aws.ConfigClusterResolver [AsyncResolver-bootstrap-executor-0] Resolving eureka endpoints via configuration
2023-01-07 04:08:57,903 INFO com.netflix.discovery.shared.resolver.aws.ConfigClusterResolver [AsyncResolver-bootstrap-executor-0] Resolving eureka endpoints via configuration
2023-01-07 04:13:57,917 INFO com.netflix.discovery.shared.resolver.aws.ConfigClusterResolver [AsyncResolver-bootstrap-executor-0] Resolving eureka endpoints via configuration
2023-01-07 04:18:57,923 INFO com.netflix.discovery.shared.resolver.aws.ConfigClusterResolver [AsyncResolver-bootstrap-executor-0] Resolving eureka endpoints via configuration
2023-01-07 04:23:57,931 INFO com.netflix.discovery.shared.resolver.aws.ConfigClusterResolver [AsyncResolver-bootstrap-executor-0] Resolving eureka endpoints via configuration
2023-01-07 04:28:57,948 INFO com.netflix.discovery.shared.resolver.aws.ConfigClusterResolver [AsyncResolver-bootstrap-executor-0] Resolving eureka endpoints via configuration
2023-01-07 04:33:57,961 INFO com.netflix.discovery.shared.resolver.aws.ConfigClusterResolver [AsyncResolver-bootstrap-executor-0] Resolving eureka endpoints via configuration
2023-01-07 04:38:57,966 INFO com.netflix.discovery.shared.resolver.aws.ConfigClusterResolver [AsyncResolver-bootstrap-executor-0] Resolving eureka endpoints via configuration
2023-01-07 04:43:57,976 INFO com.netflix.discovery.shared.resolver.aws.ConfigClusterResolver [AsyncResolver-bootstrap-executor-0] Resolving eureka endpoints via configuration
2023-01-07 04:48:57,986 INFO com.netflix.discovery.shared.resolver.aws.ConfigClusterResolver [AsyncResolver-bootstrap-executor-0] Resolving eureka endpoints via configuration
2023-01-07 04:53:57,994 INFO com.netflix.discovery.shared.resolver.aws.ConfigClusterResolver [AsyncResolver-bootstrap-executor-0] Resolving eureka endpoints via configuration
2023-01-07 04:58:58,000 INFO com.netflix.discovery.shared.resolver.aws.ConfigClusterResolver [AsyncResolver-bootstrap-executor-0] Resolving eureka endpoints via configuration
2023-01-07 05:03:58,012 INFO com.netflix.discovery.shared.resolver.aws.ConfigClusterResolver [AsyncResolver-bootstrap-executor-0] Resolving eureka endpoints via configuration
2023-01-07 05:08:58,018 INFO com.netflix.discovery.shared.resolver.aws.ConfigClusterResolver [AsyncResolver-bootstrap-executor-0] Resolving eureka endpoints via configuration
2023-01-07 05:13:58,025 INFO com.netflix.discovery.shared.resolver.aws.ConfigClusterResolver [AsyncResolver-bootstrap-executor-0] Resolving eureka endpoints via configuration
2023-01-07 05:18:58,028 INFO com.netflix.discovery.shared.resolver.aws.ConfigClusterResolver [AsyncResolver-bootstrap-executor-0] Resolving eureka endpoints via configuration
2023-01-07 05:23:58,030 INFO com.netflix.discovery.shared.resolver.aws.ConfigClusterResolver [AsyncResolver-bootstrap-executor-0] Resolving eureka endpoints via configuration
2023-01-07 05:28:58,042 INFO com.netflix.discovery.shared.resolver.aws.ConfigClusterResolver [AsyncResolver-bootstrap-executor-0] Resolving eureka endpoints via configuration
2023-01-07 05:33:58,056 INFO com.netflix.discovery.shared.resolver.aws.ConfigClusterResolver [AsyncResolver-bootstrap-executor-0] Resolving eureka endpoints via configuration
2023-01-07 05:38:58,061 INFO com.netflix.discovery.shared.resolver.aws.ConfigClusterResolver [AsyncResolver-bootstrap-executor-0] Resolving eureka endpoints via configuration
2023-01-07 05:43:58,064 INFO com.netflix.discovery.shared.resolver.aws.ConfigClusterResolver [AsyncResolver-bootstrap-executor-0] Resolving eureka endpoints via configuration
2023-01-07 05:48:58,082 INFO com.netflix.discovery.shared.resolver.aws.ConfigClusterResolver [AsyncResolver-bootstrap-executor-0] Resolving eureka endpoints via configuration
2023-01-07 05:53:58,090 INFO com.netflix.discovery.shared.resolver.aws.ConfigClusterResolver [AsyncResolver-bootstrap-executor-0] Resolving eureka endpoints via configuration
2023-01-07 05:58:58,103 INFO com.netflix.discovery.shared.resolver.aws.ConfigClusterResolver [AsyncResolver-bootstrap-executor-0] Resolving eureka endpoints via configuration
2023-01-07 06:03:58,105 INFO com.netflix.discovery.shared.resolver.aws.ConfigClusterResolver [AsyncResolver-bootstrap-executor-0] Resolving eureka endpoints via configuration
2023-01-07 06:08:58,121 INFO com.netflix.discovery.shared.resolver.aws.ConfigClusterResolver [AsyncResolver-bootstrap-executor-0] Resolving eureka endpoints via configuration
2023-01-07 06:13:58,124 INFO com.netflix.discovery.shared.resolver.aws.ConfigClusterResolver [AsyncResolver-bootstrap-executor-0] Resolving eureka endpoints via configuration
2023-01-07 06:18:58,135 INFO com.netflix.discovery.shared.resolver.aws.ConfigClusterResolver [AsyncResolver-bootstrap-executor-0] Resolving eureka endpoints via configuration
2023-01-07 06:23:58,147 INFO com.netflix.discovery.shared.resolver.aws.ConfigClusterResolver [AsyncResolver-bootstrap-executor-0] Resolving eureka endpoints via configuration
2023-01-07 06:28:58,159 INFO com.netflix.discovery.shared.resolver.aws.ConfigClusterResolver [AsyncResolver-bootstrap-executor-0] Resolving eureka endpoints via configuration
2023-01-07 06:33:58,177 INFO com.netflix.discovery.shared.resolver.aws.ConfigClusterResolver [AsyncResolver-bootstrap-executor-0] Resolving eureka endpoints via configuration
2023-01-07 06:38:58,179 INFO com.netflix.discovery.shared.resolver.aws.ConfigClusterResolver [AsyncResolver-bootstrap-executor-0] Resolving eureka endpoints via configuration
2023-01-07 06:43:58,181 INFO com.netflix.discovery.shared.resolver.aws.ConfigClusterResolver [AsyncResolver-bootstrap-executor-0] Resolving eureka endpoints via configuration
2023-01-07 06:48:58,183 INFO com.netflix.discovery.shared.resolver.aws.ConfigClusterResolver [AsyncResolver-bootstrap-executor-0] Resolving eureka endpoints via configuration
2023-01-07 06:53:58,189 INFO com.netflix.discovery.shared.resolver.aws.ConfigClusterResolver [AsyncResolver-bootstrap-executor-0] Resolving eureka endpoints via configuration
2023-01-07 06:58:58,203 INFO com.netflix.discovery.shared.resolver.aws.ConfigClusterResolver [AsyncResolver-bootstrap-executor-0] Resolving eureka endpoints via configuration
2023-01-07 07:03:58,217 INFO com.netflix.discovery.shared.resolver.aws.ConfigClusterResolver [AsyncResolver-bootstrap-executor-0] Resolving eureka endpoints via configuration
2023-01-07 07:08:58,224 INFO com.netflix.discovery.shared.resolver.aws.ConfigClusterResolver [AsyncResolver-bootstrap-executor-0] Resolving eureka endpoints via configuration
2023-01-07 07:13:58,237 INFO com.netflix.discovery.shared.resolver.aws.ConfigClusterResolver [AsyncResolver-bootstrap-executor-0] Resolving eureka endpoints via configuration
2023-01-07 07:18:58,243 INFO com.netflix.discovery.shared.resolver.aws.ConfigClusterResolver [AsyncResolver-bootstrap-executor-0] Resolving eureka endpoints via configuration
2023-01-07 07:23:58,245 INFO com.netflix.discovery.shared.resolver.aws.ConfigClusterResolver [AsyncResolver-bootstrap-executor-0] Resolving eureka endpoints via configuration
2023-01-07 07:28:58,263 INFO com.netflix.discovery.shared.resolver.aws.ConfigClusterResolver [AsyncResolver-bootstrap-executor-0] Resolving eureka endpoints via configuration
2023-01-07 07:33:58,276 INFO com.netflix.discovery.shared.resolver.aws.ConfigClusterResolver [AsyncResolver-bootstrap-executor-0] Resolving eureka endpoints via configuration
2023-01-07 07:38:58,285 INFO com.netflix.discovery.shared.resolver.aws.ConfigClusterResolver [AsyncResolver-bootstrap-executor-0] Resolving eureka endpoints via configuration
2023-01-07 07:43:58,289 INFO com.netflix.discovery.shared.resolver.aws.ConfigClusterResolver [AsyncResolver-bootstrap-executor-0] Resolving eureka endpoints via configuration
2023-01-07 07:48:58,305 INFO com.netflix.discovery.shared.resolver.aws.ConfigClusterResolver [AsyncResolver-bootstrap-executor-0] Resolving eureka endpoints via configuration
2023-01-07 07:53:58,307 INFO com.netflix.discovery.shared.resolver.aws.ConfigClusterResolver [AsyncResolver-bootstrap-executor-0] Resolving eureka endpoints via configuration
2023-01-07 07:58:58,309 INFO com.netflix.discovery.shared.resolver.aws.ConfigClusterResolver [AsyncResolver-bootstrap-executor-0] Resolving eureka endpoints via configuration
2023-01-07 08:03:58,324 INFO com.netflix.discovery.shared.resolver.aws.ConfigClusterResolver [AsyncResolver-bootstrap-executor-0] Resolving eureka endpoints via configuration
2023-01-07 08:08:58,331 INFO com.netflix.discovery.shared.resolver.aws.ConfigClusterResolver [AsyncResolver-bootstrap-executor-0] Resolving eureka endpoints via configuration
2023-01-07 08:13:58,344 INFO com.netflix.discovery.shared.resolver.aws.ConfigClusterResolver [AsyncResolver-bootstrap-executor-0] Resolving eureka endpoints via configuration
2023-01-07 08:18:58,346 INFO com.netflix.discovery.shared.resolver.aws.ConfigClusterResolver [AsyncResolver-bootstrap-executor-0] Resolving eureka endpoints via configuration
2023-01-07 08:23:58,359 INFO com.netflix.discovery.shared.resolver.aws.ConfigClusterResolver [AsyncResolver-bootstrap-executor-0] Resolving eureka endpoints via configuration
2023-01-07 08:28:58,366 INFO com.netflix.discovery.shared.resolver.aws.ConfigClusterResolver [AsyncResolver-bootstrap-executor-0] Resolving eureka endpoints via configuration
2023-01-07 08:33:58,378 INFO com.netflix.discovery.shared.resolver.aws.ConfigClusterResolver [AsyncResolver-bootstrap-executor-0] Resolving eureka endpoints via configuration
2023-01-07 08:38:58,388 INFO com.netflix.discovery.shared.resolver.aws.ConfigClusterResolver [AsyncResolver-bootstrap-executor-0] Resolving eureka endpoints via configuration
2023-01-07 08:43:58,399 INFO com.netflix.discovery.shared.resolver.aws.ConfigClusterResolver [AsyncResolver-bootstrap-executor-0] Resolving eureka endpoints via configuration
2023-01-07 08:48:58,415 INFO com.netflix.discovery.shared.resolver.aws.ConfigClusterResolver [AsyncResolver-bootstrap-executor-0] Resolving eureka endpoints via configuration
2023-01-07 08:53:58,429 INFO com.netflix.discovery.shared.resolver.aws.ConfigClusterResolver [AsyncResolver-bootstrap-executor-0] Resolving eureka endpoints via configuration
2023-01-07 08:58:58,434 INFO com.netflix.discovery.shared.resolver.aws.ConfigClusterResolver [AsyncResolver-bootstrap-executor-0] Resolving eureka endpoints via configuration
2023-01-07 09:03:58,447 INFO com.netflix.discovery.shared.resolver.aws.ConfigClusterResolver [AsyncResolver-bootstrap-executor-0] Resolving eureka endpoints via configuration
2023-01-07 09:08:58,448 INFO com.netflix.discovery.shared.resolver.aws.ConfigClusterResolver [AsyncResolver-bootstrap-executor-0] Resolving eureka endpoints via configuration
2023-01-07 09:13:58,460 INFO com.netflix.discovery.shared.resolver.aws.ConfigClusterResolver [AsyncResolver-bootstrap-executor-0] Resolving eureka endpoints via configuration
2023-01-07 09:18:58,467 INFO com.netflix.discovery.shared.resolver.aws.ConfigClusterResolver [AsyncResolver-bootstrap-executor-0] Resolving eureka endpoints via configuration
2023-01-07 09:23:58,469 INFO com.netflix.discovery.shared.resolver.aws.ConfigClusterResolver [AsyncResolver-bootstrap-executor-0] Resolving eureka endpoints via configuration
2023-01-07 09:28:58,484 INFO com.netflix.discovery.shared.resolver.aws.ConfigClusterResolver [AsyncResolver-bootstrap-executor-0] Resolving eureka endpoints via configuration
2023-01-07 09:33:58,500 INFO com.netflix.discovery.shared.resolver.aws.ConfigClusterResolver [AsyncResolver-bootstrap-executor-0] Resolving eureka endpoints via configuration
2023-01-07 09:38:58,503 INFO com.netflix.discovery.shared.resolver.aws.ConfigClusterResolver [AsyncResolver-bootstrap-executor-0] Resolving eureka endpoints via configuration
2023-01-07 09:43:58,512 INFO com.netflix.discovery.shared.resolver.aws.ConfigClusterResolver [AsyncResolver-bootstrap-executor-0] Resolving eureka endpoints via configuration
2023-01-07 09:48:58,520 INFO com.netflix.discovery.shared.resolver.aws.ConfigClusterResolver [AsyncResolver-bootstrap-executor-0] Resolving eureka endpoints via configuration
2023-01-07 09:53:58,524 INFO com.netflix.discovery.shared.resolver.aws.ConfigClusterResolver [AsyncResolver-bootstrap-executor-0] Resolving eureka endpoints via configuration
2023-01-07 09:58:58,534 INFO com.netflix.discovery.shared.resolver.aws.ConfigClusterResolver [AsyncResolver-bootstrap-executor-0] Resolving eureka endpoints via configuration
2023-01-07 10:03:58,542 INFO com.netflix.discovery.shared.resolver.aws.ConfigClusterResolver [AsyncResolver-bootstrap-executor-0] Resolving eureka endpoints via configuration
2023-01-07 10:08:58,545 INFO com.netflix.discovery.shared.resolver.aws.ConfigClusterResolver [AsyncResolver-bootstrap-executor-0] Resolving eureka endpoints via configuration
2023-01-07 10:13:58,554 INFO com.netflix.discovery.shared.resolver.aws.ConfigClusterResolver [AsyncResolver-bootstrap-executor-0] Resolving eureka endpoints via configuration
2023-01-07 10:18:58,558 INFO com.netflix.discovery.shared.resolver.aws.ConfigClusterResolver [AsyncResolver-bootstrap-executor-0] Resolving eureka endpoints via configuration
2023-01-07 10:23:58,562 INFO com.netflix.discovery.shared.resolver.aws.ConfigClusterResolver [AsyncResolver-bootstrap-executor-0] Resolving eureka endpoints via configuration
2023-01-07 10:28:58,564 INFO com.netflix.discovery.shared.resolver.aws.ConfigClusterResolver [AsyncResolver-bootstrap-executor-0] Resolving eureka endpoints via configuration
2023-01-07 10:33:58,566 INFO com.netflix.discovery.shared.resolver.aws.ConfigClusterResolver [AsyncResolver-bootstrap-executor-0] Resolving eureka endpoints via configuration
2023-01-07 10:38:58,582 INFO com.netflix.discovery.shared.resolver.aws.ConfigClusterResolver [AsyncResolver-bootstrap-executor-0] Resolving eureka endpoints via configuration
2023-01-07 10:43:58,593 INFO com.netflix.discovery.shared.resolver.aws.ConfigClusterResolver [AsyncResolver-bootstrap-executor-0] Resolving eureka endpoints via configuration
2023-01-07 10:48:58,597 INFO com.netflix.discovery.shared.resolver.aws.ConfigClusterResolver [AsyncResolver-bootstrap-executor-0] Resolving eureka endpoints via configuration
2023-01-07 10:53:58,611 INFO com.netflix.discovery.shared.resolver.aws.ConfigClusterResolver [AsyncResolver-bootstrap-executor-0] Resolving eureka endpoints via configuration
2023-01-07 10:58:58,613 INFO com.netflix.discovery.shared.resolver.aws.ConfigClusterResolver [AsyncResolver-bootstrap-executor-0] Resolving eureka endpoints via configuration
2023-01-07 11:03:58,624 INFO com.netflix.discovery.shared.resolver.aws.ConfigClusterResolver [AsyncResolver-bootstrap-executor-0] Resolving eureka endpoints via configuration
2023-01-07 11:08:58,638 INFO com.netflix.discovery.shared.resolver.aws.ConfigClusterResolver [AsyncResolver-bootstrap-executor-0] Resolving eureka endpoints via configuration
2023-01-07 11:13:58,641 INFO com.netflix.discovery.shared.resolver.aws.ConfigClusterResolver [AsyncResolver-bootstrap-executor-0] Resolving eureka endpoints via configuration
2023-01-07 11:18:58,643 INFO com.netflix.discovery.shared.resolver.aws.ConfigClusterResolver [AsyncResolver-bootstrap-executor-0] Resolving eureka endpoints via configuration
2023-01-07 11:23:58,647 INFO com.netflix.discovery.shared.resolver.aws.ConfigClusterResolver [AsyncResolver-bootstrap-executor-0] Resolving eureka endpoints via configuration
2023-01-07 11:28:58,649 INFO com.netflix.discovery.shared.resolver.aws.ConfigClusterResolver [AsyncResolver-bootstrap-executor-0] Resolving eureka endpoints via configuration
2023-01-07 11:33:58,654 INFO com.netflix.discovery.shared.resolver.aws.ConfigClusterResolver [AsyncResolver-bootstrap-executor-0] Resolving eureka endpoints via configuration
2023-01-07 11:38:58,656 INFO com.netflix.discovery.shared.resolver.aws.ConfigClusterResolver [AsyncResolver-bootstrap-executor-0] Resolving eureka endpoints via configuration
2023-01-07 11:43:58,659 INFO com.netflix.discovery.shared.resolver.aws.ConfigClusterResolver [AsyncResolver-bootstrap-executor-0] Resolving eureka endpoints via configuration
2023-01-07 11:48:58,673 INFO com.netflix.discovery.shared.resolver.aws.ConfigClusterResolver [AsyncResolver-bootstrap-executor-0] Resolving eureka endpoints via configuration
2023-01-07 11:53:58,681 INFO com.netflix.discovery.shared.resolver.aws.ConfigClusterResolver [AsyncResolver-bootstrap-executor-0] Resolving eureka endpoints via configuration
2023-01-07 11:58:58,693 INFO com.netflix.discovery.shared.resolver.aws.ConfigClusterResolver [AsyncResolver-bootstrap-executor-0] Resolving eureka endpoints via configuration
2023-01-07 12:03:58,704 INFO com.netflix.discovery.shared.resolver.aws.ConfigClusterResolver [AsyncResolver-bootstrap-executor-0] Resolving eureka endpoints via configuration
2023-01-07 12:08:58,715 INFO com.netflix.discovery.shared.resolver.aws.ConfigClusterResolver [AsyncResolver-bootstrap-executor-0] Resolving eureka endpoints via configuration
2023-01-07 12:13:58,725 INFO com.netflix.discovery.shared.resolver.aws.ConfigClusterResolver [AsyncResolver-bootstrap-executor-0] Resolving eureka endpoints via configuration
2023-01-07 12:18:58,728 INFO com.netflix.discovery.shared.resolver.aws.ConfigClusterResolver [AsyncResolver-bootstrap-executor-0] Resolving eureka endpoints via configuration
2023-01-07 12:23:58,736 INFO com.netflix.discovery.shared.resolver.aws.ConfigClusterResolver [AsyncResolver-bootstrap-executor-0] Resolving eureka endpoints via configuration
2023-01-07 12:28:58,748 INFO com.netflix.discovery.shared.resolver.aws.ConfigClusterResolver [AsyncResolver-bootstrap-executor-0] Resolving eureka endpoints via configuration
2023-01-07 12:33:58,750 INFO com.netflix.discovery.shared.resolver.aws.ConfigClusterResolver [AsyncResolver-bootstrap-executor-0] Resolving eureka endpoints via configuration
2023-01-07 12:38:58,751 INFO com.netflix.discovery.shared.resolver.aws.ConfigClusterResolver [AsyncResolver-bootstrap-executor-0] Resolving eureka endpoints via configuration
2023-01-07 12:43:58,758 INFO com.netflix.discovery.shared.resolver.aws.ConfigClusterResolver [AsyncResolver-bootstrap-executor-0] Resolving eureka endpoints via configuration
2023-01-07 12:48:58,760 INFO com.netflix.discovery.shared.resolver.aws.ConfigClusterResolver [AsyncResolver-bootstrap-executor-0] Resolving eureka endpoints via configuration
2023-01-07 12:53:58,766 INFO com.netflix.discovery.shared.resolver.aws.ConfigClusterResolver [AsyncResolver-bootstrap-executor-0] Resolving eureka endpoints via configuration
2023-01-07 12:58:58,768 INFO com.netflix.discovery.shared.resolver.aws.ConfigClusterResolver [AsyncResolver-bootstrap-executor-0] Resolving eureka endpoints via configuration
2023-01-07 13:03:58,784 INFO com.netflix.discovery.shared.resolver.aws.ConfigClusterResolver [AsyncResolver-bootstrap-executor-0] Resolving eureka endpoints via configuration
2023-01-07 13:08:58,795 INFO com.netflix.discovery.shared.resolver.aws.ConfigClusterResolver [AsyncResolver-bootstrap-executor-0] Resolving eureka endpoints via configuration
2023-01-07 13:13:58,809 INFO com.netflix.discovery.shared.resolver.aws.ConfigClusterResolver [AsyncResolver-bootstrap-executor-0] Resolving eureka endpoints via configuration
2023-01-07 13:18:58,818 INFO com.netflix.discovery.shared.resolver.aws.ConfigClusterResolver [AsyncResolver-bootstrap-executor-0] Resolving eureka endpoints via configuration
2023-01-07 13:19:05,767 INFO com.movie.controllers.MovieController [http-nio-8082-exec-2] In Controller, Retrieving
2023-01-07 13:19:05,768 INFO com.movie.service.MovieServiceImpl [http-nio-8082-exec-2] Connecting to the databaseMovieDB
2023-01-07 13:19:05,772 INFO com.movie.service.MovieServiceImpl [http-nio-8082-exec-2] MovieDBconnected
2023-01-07 13:19:05,773 INFO com.movie.service.MovieServiceImpl [http-nio-8082-exec-2] executing query
2023-01-07 13:19:05,776 INFO com.movie.service.MovieServiceImpl [http-nio-8082-exec-2] storing the resultset in a list
2023-01-07 13:20:07,474 INFO com.movie.controllers.MovieController [http-nio-8082-exec-4] In Controller, Retrieving
2023-01-07 13:20:07,475 INFO com.movie.service.MovieServiceImpl [http-nio-8082-exec-4] Connecting to the databaseMovieDB
2023-01-07 13:20:07,480 INFO com.movie.service.MovieServiceImpl [http-nio-8082-exec-4] MovieDBconnected
2023-01-07 13:20:07,480 INFO com.movie.service.MovieServiceImpl [http-nio-8082-exec-4] executing query
2023-01-07 13:20:07,485 INFO com.movie.service.MovieServiceImpl [http-nio-8082-exec-4] storing the resultset in a list
2023-01-07 13:20:12,447 INFO com.movie.controllers.MovieController [http-nio-8082-exec-6] In Controller, Paging
2023-01-07 13:20:12,448 INFO com.movie.service.MovieServiceImpl [http-nio-8082-exec-6] Performing Paging
2023-01-07 13:20:12,448 INFO com.movie.service.MovieServiceImpl [http-nio-8082-exec-6] Connecting to the databaseMovieDB
2023-01-07 13:20:12,451 INFO com.movie.service.MovieServiceImpl [http-nio-8082-exec-6] MovieDBconnected
2023-01-07 13:20:12,452 INFO com.movie.service.MovieServiceImpl [http-nio-8082-exec-6] executing query
2023-01-07 13:20:12,454 INFO com.movie.service.MovieServiceImpl [http-nio-8082-exec-6] storing the resultset in a list
2023-01-07 13:20:12,454 INFO com.movie.service.MovieServiceImpl [http-nio-8082-exec-6] Connecting to the databaseMovieDB
2023-01-07 13:20:12,456 INFO com.movie.service.MovieServiceImpl [http-nio-8082-exec-6] MovieDBconnected
2023-01-07 13:20:12,456 INFO com.movie.service.MovieServiceImpl [http-nio-8082-exec-6] executing query
2023-01-07 13:20:12,458 INFO com.movie.service.MovieServiceImpl [http-nio-8082-exec-6] storing the resultset in a list
2023-01-07 13:20:17,175 INFO com.movie.controllers.MovieController [http-nio-8082-exec-8] In Controller, Paging
2023-01-07 13:20:17,176 INFO com.movie.service.MovieServiceImpl [http-nio-8082-exec-8] Performing Paging
2023-01-07 13:20:17,176 INFO com.movie.service.MovieServiceImpl [http-nio-8082-exec-8] Connecting to the databaseMovieDB
2023-01-07 13:20:17,178 INFO com.movie.service.MovieServiceImpl [http-nio-8082-exec-8] MovieDBconnected
2023-01-07 13:20:17,179 INFO com.movie.service.MovieServiceImpl [http-nio-8082-exec-8] executing query
2023-01-07 13:20:17,181 INFO com.movie.service.MovieServiceImpl [http-nio-8082-exec-8] storing the resultset in a list
2023-01-07 13:20:17,181 INFO com.movie.service.MovieServiceImpl [http-nio-8082-exec-8] Connecting to the databaseMovieDB
2023-01-07 13:20:17,183 INFO com.movie.service.MovieServiceImpl [http-nio-8082-exec-8] MovieDBconnected
2023-01-07 13:20:17,183 INFO com.movie.service.MovieServiceImpl [http-nio-8082-exec-8] executing query
2023-01-07 13:20:17,185 INFO com.movie.service.MovieServiceImpl [http-nio-8082-exec-8] storing the resultset in a list
2023-01-07 13:20:21,866 INFO com.movie.controllers.MovieController [http-nio-8082-exec-10] In Controller, Paging
2023-01-07 13:20:21,867 INFO com.movie.service.MovieServiceImpl [http-nio-8082-exec-10] Performing Paging
2023-01-07 13:20:21,867 INFO com.movie.service.MovieServiceImpl [http-nio-8082-exec-10] Connecting to the databaseMovieDB
2023-01-07 13:20:21,870 INFO com.movie.service.MovieServiceImpl [http-nio-8082-exec-10] MovieDBconnected
2023-01-07 13:20:21,870 INFO com.movie.service.MovieServiceImpl [http-nio-8082-exec-10] executing query
2023-01-07 13:20:21,877 INFO com.movie.service.MovieServiceImpl [http-nio-8082-exec-10] storing the resultset in a list
2023-01-07 13:20:21,877 INFO com.movie.service.MovieServiceImpl [http-nio-8082-exec-10] Connecting to the databaseMovieDB
2023-01-07 13:20:21,880 INFO com.movie.service.MovieServiceImpl [http-nio-8082-exec-10] MovieDBconnected
2023-01-07 13:20:21,880 INFO com.movie.service.MovieServiceImpl [http-nio-8082-exec-10] executing query
2023-01-07 13:20:21,882 INFO com.movie.service.MovieServiceImpl [http-nio-8082-exec-10] storing the resultset in a list
2023-01-07 13:20:25,679 INFO com.movie.controllers.MovieController [http-nio-8082-exec-2] In Controller, Paging
2023-01-07 13:20:25,680 INFO com.movie.service.MovieServiceImpl [http-nio-8082-exec-2] Performing Paging
2023-01-07 13:20:25,681 INFO com.movie.service.MovieServiceImpl [http-nio-8082-exec-2] Connecting to the databaseMovieDB
2023-01-07 13:20:25,683 INFO com.movie.service.MovieServiceImpl [http-nio-8082-exec-2] MovieDBconnected
2023-01-07 13:20:25,683 INFO com.movie.service.MovieServiceImpl [http-nio-8082-exec-2] executing query
2023-01-07 13:20:25,685 INFO com.movie.service.MovieServiceImpl [http-nio-8082-exec-2] storing the resultset in a list
2023-01-07 13:20:25,686 INFO com.movie.service.MovieServiceImpl [http-nio-8082-exec-2] Connecting to the databaseMovieDB
2023-01-07 13:20:25,688 INFO com.movie.service.MovieServiceImpl [http-nio-8082-exec-2] MovieDBconnected
2023-01-07 13:20:25,688 INFO com.movie.service.MovieServiceImpl [http-nio-8082-exec-2] executing query
2023-01-07 13:20:25,690 INFO com.movie.service.MovieServiceImpl [http-nio-8082-exec-2] storing the resultset in a list
2023-01-07 13:20:28,283 INFO com.movie.controllers.MovieController [http-nio-8082-exec-4] In Controller, Paging
2023-01-07 13:20:28,283 INFO com.movie.service.MovieServiceImpl [http-nio-8082-exec-4] Performing Paging
2023-01-07 13:20:28,283 INFO com.movie.service.MovieServiceImpl [http-nio-8082-exec-4] Connecting to the databaseMovieDB
2023-01-07 13:20:28,285 INFO com.movie.service.MovieServiceImpl [http-nio-8082-exec-4] MovieDBconnected
2023-01-07 13:20:28,286 INFO com.movie.service.MovieServiceImpl [http-nio-8082-exec-4] executing query
2023-01-07 13:20:28,287 INFO com.movie.service.MovieServiceImpl [http-nio-8082-exec-4] storing the resultset in a list
2023-01-07 13:20:28,287 INFO com.movie.service.MovieServiceImpl [http-nio-8082-exec-4] Connecting to the databaseMovieDB
2023-01-07 13:20:28,289 INFO com.movie.service.MovieServiceImpl [http-nio-8082-exec-4] MovieDBconnected
2023-01-07 13:20:28,290 INFO com.movie.service.MovieServiceImpl [http-nio-8082-exec-4] executing query
2023-01-07 13:20:28,291 INFO com.movie.service.MovieServiceImpl [http-nio-8082-exec-4] storing the resultset in a list
2023-01-07 13:22:18,217 INFO com.movie.controllers.MovieController [http-nio-8082-exec-6] In Controller, Paging
2023-01-07 13:22:18,217 INFO com.movie.service.MovieServiceImpl [http-nio-8082-exec-6] Performing Paging
2023-01-07 13:22:18,217 INFO com.movie.service.MovieServiceImpl [http-nio-8082-exec-6] Connecting to the databaseMovieDB
2023-01-07 13:22:18,220 INFO com.movie.service.MovieServiceImpl [http-nio-8082-exec-6] MovieDBconnected
2023-01-07 13:22:18,220 INFO com.movie.service.MovieServiceImpl [http-nio-8082-exec-6] executing query
2023-01-07 13:22:18,222 INFO com.movie.service.MovieServiceImpl [http-nio-8082-exec-6] storing the resultset in a list
2023-01-07 13:22:18,223 INFO com.movie.service.MovieServiceImpl [http-nio-8082-exec-6] Connecting to the databaseMovieDB
2023-01-07 13:22:18,225 INFO com.movie.service.MovieServiceImpl [http-nio-8082-exec-6] MovieDBconnected
2023-01-07 13:22:18,226 INFO com.movie.service.MovieServiceImpl [http-nio-8082-exec-6] executing query
2023-01-07 13:22:18,227 INFO com.movie.service.MovieServiceImpl [http-nio-8082-exec-6] storing the resultset in a list
2023-01-07 13:22:20,120 INFO com.movie.controllers.MovieController [http-nio-8082-exec-7] In Controller, Paging
2023-01-07 13:22:20,120 INFO com.movie.service.MovieServiceImpl [http-nio-8082-exec-7] Performing Paging
2023-01-07 13:22:20,121 INFO com.movie.service.MovieServiceImpl [http-nio-8082-exec-7] Connecting to the databaseMovieDB
2023-01-07 13:22:20,122 INFO com.movie.service.MovieServiceImpl [http-nio-8082-exec-7] MovieDBconnected
2023-01-07 13:22:20,123 INFO com.movie.service.MovieServiceImpl [http-nio-8082-exec-7] executing query
2023-01-07 13:22:20,124 INFO com.movie.service.MovieServiceImpl [http-nio-8082-exec-7] storing the resultset in a list
2023-01-07 13:22:20,124 INFO com.movie.service.MovieServiceImpl [http-nio-8082-exec-7] Connecting to the databaseMovieDB
2023-01-07 13:22:20,126 INFO com.movie.service.MovieServiceImpl [http-nio-8082-exec-7] MovieDBconnected
2023-01-07 13:22:20,126 INFO com.movie.service.MovieServiceImpl [http-nio-8082-exec-7] executing query
2023-01-07 13:22:20,128 INFO com.movie.service.MovieServiceImpl [http-nio-8082-exec-7] storing the resultset in a list
2023-01-07 13:22:21,724 INFO com.movie.controllers.MovieController [http-nio-8082-exec-8] In Controller, Paging
2023-01-07 13:22:21,725 INFO com.movie.service.MovieServiceImpl [http-nio-8082-exec-8] Performing Paging
2023-01-07 13:22:21,725 INFO com.movie.service.MovieServiceImpl [http-nio-8082-exec-8] Connecting to the databaseMovieDB
2023-01-07 13:22:21,727 INFO com.movie.service.MovieServiceImpl [http-nio-8082-exec-8] MovieDBconnected
2023-01-07 13:22:21,728 INFO com.movie.service.MovieServiceImpl [http-nio-8082-exec-8] executing query
2023-01-07 13:22:21,730 INFO com.movie.service.MovieServiceImpl [http-nio-8082-exec-8] storing the resultset in a list
2023-01-07 13:22:21,731 INFO com.movie.service.MovieServiceImpl [http-nio-8082-exec-8] Connecting to the databaseMovieDB
2023-01-07 13:22:21,733 INFO com.movie.service.MovieServiceImpl [http-nio-8082-exec-8] MovieDBconnected
2023-01-07 13:22:21,733 INFO com.movie.service.MovieServiceImpl [http-nio-8082-exec-8] executing query
2023-01-07 13:22:21,735 INFO com.movie.service.MovieServiceImpl [http-nio-8082-exec-8] storing the resultset in a list
2023-01-07 13:22:22,181 INFO com.movie.controllers.MovieController [http-nio-8082-exec-9] In Controller, Paging
2023-01-07 13:22:22,181 INFO com.movie.service.MovieServiceImpl [http-nio-8082-exec-9] Performing Paging
2023-01-07 13:22:22,181 INFO com.movie.service.MovieServiceImpl [http-nio-8082-exec-9] Connecting to the databaseMovieDB
2023-01-07 13:22:22,184 INFO com.movie.service.MovieServiceImpl [http-nio-8082-exec-9] MovieDBconnected
2023-01-07 13:22:22,184 INFO com.movie.service.MovieServiceImpl [http-nio-8082-exec-9] executing query
2023-01-07 13:22:22,188 INFO com.movie.service.MovieServiceImpl [http-nio-8082-exec-9] storing the resultset in a list
2023-01-07 13:22:22,188 INFO com.movie.service.MovieServiceImpl [http-nio-8082-exec-9] Connecting to the databaseMovieDB
2023-01-07 13:22:22,190 INFO com.movie.service.MovieServiceImpl [http-nio-8082-exec-9] MovieDBconnected
2023-01-07 13:22:22,191 INFO com.movie.service.MovieServiceImpl [http-nio-8082-exec-9] executing query
2023-01-07 13:22:22,193 INFO com.movie.service.MovieServiceImpl [http-nio-8082-exec-9] storing the resultset in a list
2023-01-07 13:22:24,360 INFO com.movie.controllers.MovieController [http-nio-8082-exec-10] In Controller, Paging
2023-01-07 13:22:24,360 INFO com.movie.service.MovieServiceImpl [http-nio-8082-exec-10] Performing Paging
2023-01-07 13:22:24,361 INFO com.movie.service.MovieServiceImpl [http-nio-8082-exec-10] Connecting to the databaseMovieDB
2023-01-07 13:22:24,363 INFO com.movie.service.MovieServiceImpl [http-nio-8082-exec-10] MovieDBconnected
2023-01-07 13:22:24,364 INFO com.movie.service.MovieServiceImpl [http-nio-8082-exec-10] executing query
2023-01-07 13:22:24,373 INFO com.movie.service.MovieServiceImpl [http-nio-8082-exec-10] storing the resultset in a list
2023-01-07 13:22:24,374 INFO com.movie.service.MovieServiceImpl [http-nio-8082-exec-10] Connecting to the databaseMovieDB
2023-01-07 13:22:24,376 INFO com.movie.service.MovieServiceImpl [http-nio-8082-exec-10] MovieDBconnected
2023-01-07 13:22:24,376 INFO com.movie.service.MovieServiceImpl [http-nio-8082-exec-10] executing query
2023-01-07 13:22:24,378 INFO com.movie.service.MovieServiceImpl [http-nio-8082-exec-10] storing the resultset in a list
2023-01-07 13:22:24,715 INFO com.movie.controllers.MovieController [http-nio-8082-exec-2] In Controller, Get by ID
2023-01-07 13:22:24,715 INFO com.movie.service.MovieServiceImpl [http-nio-8082-exec-2] getting movie by id
2023-01-07 13:22:24,715 INFO com.movie.service.MovieServiceImpl [http-nio-8082-exec-2] Connecting to the databaseMovieDB
2023-01-07 13:22:24,718 INFO com.movie.service.MovieServiceImpl [http-nio-8082-exec-2] MovieDBconnected
2023-01-07 13:22:24,719 INFO com.movie.service.MovieServiceImpl [http-nio-8082-exec-2] executing query
2023-01-07 13:22:24,721 INFO com.movie.service.MovieServiceImpl [http-nio-8082-exec-2] storing the resultset in a list
2023-01-07 13:23:58,826 INFO com.netflix.discovery.shared.resolver.aws.ConfigClusterResolver [AsyncResolver-bootstrap-executor-0] Resolving eureka endpoints via configuration
2023-01-07 13:25:47,946 INFO com.movie.controllers.MovieController [http-nio-8082-exec-4] In Controller, Get by ID
2023-01-07 13:25:47,946 INFO com.movie.service.MovieServiceImpl [http-nio-8082-exec-4] getting movie by id
2023-01-07 13:25:47,946 INFO com.movie.service.MovieServiceImpl [http-nio-8082-exec-4] Connecting to the databaseMovieDB
2023-01-07 13:25:47,949 INFO com.movie.service.MovieServiceImpl [http-nio-8082-exec-4] MovieDBconnected
2023-01-07 13:25:47,950 INFO com.movie.service.MovieServiceImpl [http-nio-8082-exec-4] executing query
2023-01-07 13:25:47,952 INFO com.movie.service.MovieServiceImpl [http-nio-8082-exec-4] storing the resultset in a list
2023-01-07 13:25:52,036 INFO com.movie.controllers.MovieController [http-nio-8082-exec-5] In Controller, Get by ID
2023-01-07 13:25:52,036 INFO com.movie.service.MovieServiceImpl [http-nio-8082-exec-5] getting movie by id
2023-01-07 13:25:52,037 INFO com.movie.service.MovieServiceImpl [http-nio-8082-exec-5] Connecting to the databaseMovieDB
2023-01-07 13:25:52,043 INFO com.movie.service.MovieServiceImpl [http-nio-8082-exec-5] MovieDBconnected
2023-01-07 13:25:52,043 INFO com.movie.service.MovieServiceImpl [http-nio-8082-exec-5] executing query
2023-01-07 13:25:52,044 INFO com.movie.service.MovieServiceImpl [http-nio-8082-exec-5] storing the resultset in a list
2023-01-07 13:25:54,497 INFO com.movie.controllers.MovieController [http-nio-8082-exec-6] In Controller, Get by ID
2023-01-07 13:25:54,497 INFO com.movie.service.MovieServiceImpl [http-nio-8082-exec-6] getting movie by id
2023-01-07 13:25:54,497 INFO com.movie.service.MovieServiceImpl [http-nio-8082-exec-6] Connecting to the databaseMovieDB
2023-01-07 13:25:54,499 INFO com.movie.service.MovieServiceImpl [http-nio-8082-exec-6] MovieDBconnected
2023-01-07 13:25:54,499 INFO com.movie.service.MovieServiceImpl [http-nio-8082-exec-6] executing query
2023-01-07 13:25:54,501 INFO com.movie.service.MovieServiceImpl [http-nio-8082-exec-6] storing the resultset in a list
2023-01-07 13:25:56,785 INFO com.movie.controllers.MovieController [http-nio-8082-exec-7] In Controller, Get by ID
2023-01-07 13:25:56,786 INFO com.movie.service.MovieServiceImpl [http-nio-8082-exec-7] getting movie by id
2023-01-07 13:25:56,786 INFO com.movie.service.MovieServiceImpl [http-nio-8082-exec-7] Connecting to the databaseMovieDB
2023-01-07 13:25:56,788 INFO com.movie.service.MovieServiceImpl [http-nio-8082-exec-7] MovieDBconnected
2023-01-07 13:25:56,788 INFO com.movie.service.MovieServiceImpl [http-nio-8082-exec-7] executing query
2023-01-07 13:25:56,790 INFO com.movie.service.MovieServiceImpl [http-nio-8082-exec-7] storing the resultset in a list
2023-01-07 13:26:00,796 INFO com.movie.controllers.MovieController [http-nio-8082-exec-8] In Controller, Get by ID
2023-01-07 13:26:00,797 INFO com.movie.service.MovieServiceImpl [http-nio-8082-exec-8] getting movie by id
2023-01-07 13:26:00,797 INFO com.movie.service.MovieServiceImpl [http-nio-8082-exec-8] Connecting to the databaseMovieDB
2023-01-07 13:26:00,799 INFO com.movie.service.MovieServiceImpl [http-nio-8082-exec-8] MovieDBconnected
2023-01-07 13:26:00,799 INFO com.movie.service.MovieServiceImpl [http-nio-8082-exec-8] executing query
2023-01-07 13:26:00,800 INFO com.movie.service.MovieServiceImpl [http-nio-8082-exec-8] storing the resultset in a list
2023-01-07 13:26:13,897 INFO com.movie.controllers.MovieController [http-nio-8082-exec-9] In Controller, Get by ID
2023-01-07 13:26:13,897 INFO com.movie.service.MovieServiceImpl [http-nio-8082-exec-9] getting movie by id
2023-01-07 13:26:13,897 INFO com.movie.service.MovieServiceImpl [http-nio-8082-exec-9] Connecting to the databaseMovieDB
2023-01-07 13:26:13,899 INFO com.movie.service.MovieServiceImpl [http-nio-8082-exec-9] MovieDBconnected
2023-01-07 13:26:13,899 INFO com.movie.service.MovieServiceImpl [http-nio-8082-exec-9] executing query
2023-01-07 13:26:13,901 INFO com.movie.service.MovieServiceImpl [http-nio-8082-exec-9] storing the resultset in a list
2023-01-07 13:28:38,717 INFO com.movie.controllers.MovieController [http-nio-8082-exec-1] In Controller, Retrieving
2023-01-07 13:28:38,717 INFO com.movie.service.MovieServiceImpl [http-nio-8082-exec-1] Connecting to the databaseMovieDB
2023-01-07 13:28:38,719 INFO com.movie.service.MovieServiceImpl [http-nio-8082-exec-1] MovieDBconnected
2023-01-07 13:28:38,719 INFO com.movie.service.MovieServiceImpl [http-nio-8082-exec-1] executing query
2023-01-07 13:28:38,721 INFO com.movie.service.MovieServiceImpl [http-nio-8082-exec-1] storing the resultset in a list
2023-01-07 13:28:40,297 INFO com.movie.controllers.MovieController [http-nio-8082-exec-2] In Controller, Retrieving
2023-01-07 13:28:40,297 INFO com.movie.service.MovieServiceImpl [http-nio-8082-exec-2] Connecting to the databaseMovieDB
2023-01-07 13:28:40,299 INFO com.movie.service.MovieServiceImpl [http-nio-8082-exec-2] MovieDBconnected
2023-01-07 13:28:40,299 INFO com.movie.service.MovieServiceImpl [http-nio-8082-exec-2] executing query
2023-01-07 13:28:40,301 INFO com.movie.service.MovieServiceImpl [http-nio-8082-exec-2] storing the resultset in a list
2023-01-07 13:28:42,716 INFO com.movie.controllers.MovieController [http-nio-8082-exec-3] In Controller, Retrieving
2023-01-07 13:28:42,716 INFO com.movie.service.MovieServiceImpl [http-nio-8082-exec-3] Connecting to the databaseMovieDB
2023-01-07 13:28:42,718 INFO com.movie.service.MovieServiceImpl [http-nio-8082-exec-3] MovieDBconnected
2023-01-07 13:28:42,718 INFO com.movie.service.MovieServiceImpl [http-nio-8082-exec-3] executing query
2023-01-07 13:28:42,720 INFO com.movie.service.MovieServiceImpl [http-nio-8082-exec-3] storing the resultset in a list
2023-01-07 13:28:44,728 INFO com.movie.controllers.MovieController [http-nio-8082-exec-4] In Controller, Retrieving
2023-01-07 13:28:44,728 INFO com.movie.service.MovieServiceImpl [http-nio-8082-exec-4] Connecting to the databaseMovieDB
2023-01-07 13:28:44,732 INFO com.movie.service.MovieServiceImpl [http-nio-8082-exec-4] MovieDBconnected
2023-01-07 13:28:44,732 INFO com.movie.service.MovieServiceImpl [http-nio-8082-exec-4] executing query
2023-01-07 13:28:44,734 INFO com.movie.service.MovieServiceImpl [http-nio-8082-exec-4] storing the resultset in a list
2023-01-07 13:28:47,671 INFO com.movie.controllers.MovieController [http-nio-8082-exec-5] In Controller, Retrieving
2023-01-07 13:28:47,671 INFO com.movie.service.MovieServiceImpl [http-nio-8082-exec-5] Connecting to the databaseMovieDB
2023-01-07 13:28:47,673 INFO com.movie.service.MovieServiceImpl [http-nio-8082-exec-5] MovieDBconnected
2023-01-07 13:28:47,674 INFO com.movie.service.MovieServiceImpl [http-nio-8082-exec-5] executing query
2023-01-07 13:28:47,678 INFO com.movie.service.MovieServiceImpl [http-nio-8082-exec-5] storing the resultset in a list
2023-01-07 13:28:58,837 INFO com.netflix.discovery.shared.resolver.aws.ConfigClusterResolver [AsyncResolver-bootstrap-executor-0] Resolving eureka endpoints via configuration
2023-01-07 13:29:05,779 INFO com.movie.controllers.MovieController [http-nio-8082-exec-6] In Controller, Retrieving
2023-01-07 13:29:05,780 INFO com.movie.service.MovieServiceImpl [http-nio-8082-exec-6] Connecting to the databaseMovieDB
2023-01-07 13:29:05,782 INFO com.movie.service.MovieServiceImpl [http-nio-8082-exec-6] MovieDBconnected
2023-01-07 13:29:05,783 INFO com.movie.service.MovieServiceImpl [http-nio-8082-exec-6] executing query
2023-01-07 13:29:05,784 INFO com.movie.service.MovieServiceImpl [http-nio-8082-exec-6] storing the resultset in a list
2023-01-07 13:29:08,741 INFO com.movie.controllers.MovieController [http-nio-8082-exec-7] In Controller, Retrieving
2023-01-07 13:29:08,742 INFO com.movie.service.MovieServiceImpl [http-nio-8082-exec-7] Connecting to the databaseMovieDB
2023-01-07 13:29:08,745 INFO com.movie.service.MovieServiceImpl [http-nio-8082-exec-7] MovieDBconnected
2023-01-07 13:29:08,745 INFO com.movie.service.MovieServiceImpl [http-nio-8082-exec-7] executing query
2023-01-07 13:29:08,748 INFO com.movie.service.MovieServiceImpl [http-nio-8082-exec-7] storing the resultset in a list
2023-01-07 13:29:28,503 INFO com.movie.controllers.MovieController [http-nio-8082-exec-8] In Controller, Retrieving
2023-01-07 13:29:28,503 INFO com.movie.service.MovieServiceImpl [http-nio-8082-exec-8] Connecting to the databaseMovieDB
2023-01-07 13:29:28,505 INFO com.movie.service.MovieServiceImpl [http-nio-8082-exec-8] MovieDBconnected
2023-01-07 13:29:28,505 INFO com.movie.service.MovieServiceImpl [http-nio-8082-exec-8] executing query
2023-01-07 13:29:28,507 INFO com.movie.service.MovieServiceImpl [http-nio-8082-exec-8] storing the resultset in a list
2023-01-07 13:29:36,868 INFO com.movie.controllers.MovieController [http-nio-8082-exec-9] In Controller, Retrieving
2023-01-07 13:29:36,869 INFO com.movie.service.MovieServiceImpl [http-nio-8082-exec-9] Connecting to the databaseMovieDB
2023-01-07 13:29:36,872 INFO com.movie.service.MovieServiceImpl [http-nio-8082-exec-9] MovieDBconnected
2023-01-07 13:29:36,872 INFO com.movie.service.MovieServiceImpl [http-nio-8082-exec-9] executing query
2023-01-07 13:29:36,873 INFO com.movie.service.MovieServiceImpl [http-nio-8082-exec-9] storing the resultset in a list
2023-01-07 13:29:43,879 INFO com.movie.controllers.MovieController [http-nio-8082-exec-10] In Controller, Retrieving
2023-01-07 13:29:43,879 INFO com.movie.service.MovieServiceImpl [http-nio-8082-exec-10] Connecting to the databaseMovieDB
2023-01-07 13:29:43,882 INFO com.movie.service.MovieServiceImpl [http-nio-8082-exec-10] MovieDBconnected
2023-01-07 13:29:43,882 INFO com.movie.service.MovieServiceImpl [http-nio-8082-exec-10] executing query
2023-01-07 13:29:43,883 INFO com.movie.service.MovieServiceImpl [http-nio-8082-exec-10] storing the resultset in a list
2023-01-07 13:29:46,980 INFO com.movie.controllers.MovieController [http-nio-8082-exec-1] In Controller, Retrieving
2023-01-07 13:29:46,980 INFO com.movie.service.MovieServiceImpl [http-nio-8082-exec-1] Connecting to the databaseMovieDB
2023-01-07 13:29:46,982 INFO com.movie.service.MovieServiceImpl [http-nio-8082-exec-1] MovieDBconnected
2023-01-07 13:29:46,982 INFO com.movie.service.MovieServiceImpl [http-nio-8082-exec-1] executing query
2023-01-07 13:29:46,983 INFO com.movie.service.MovieServiceImpl [http-nio-8082-exec-1] storing the resultset in a list
2023-01-07 13:29:49,848 INFO com.movie.controllers.MovieController [http-nio-8082-exec-2] In Controller, Retrieving
2023-01-07 13:29:49,849 INFO com.movie.service.MovieServiceImpl [http-nio-8082-exec-2] Connecting to the databaseMovieDB
2023-01-07 13:29:49,851 INFO com.movie.service.MovieServiceImpl [http-nio-8082-exec-2] MovieDBconnected
2023-01-07 13:29:49,851 INFO com.movie.service.MovieServiceImpl [http-nio-8082-exec-2] executing query
2023-01-07 13:29:49,853 INFO com.movie.service.MovieServiceImpl [http-nio-8082-exec-2] storing the resultset in a list
2023-01-07 13:29:52,133 INFO com.movie.controllers.MovieController [http-nio-8082-exec-3] In Controller, Retrieving
2023-01-07 13:29:52,134 INFO com.movie.service.MovieServiceImpl [http-nio-8082-exec-3] Connecting to the databaseMovieDB
2023-01-07 13:29:52,136 INFO com.movie.service.MovieServiceImpl [http-nio-8082-exec-3] MovieDBconnected
2023-01-07 13:29:52,136 INFO com.movie.service.MovieServiceImpl [http-nio-8082-exec-3] executing query
2023-01-07 13:29:52,138 INFO com.movie.service.MovieServiceImpl [http-nio-8082-exec-3] storing the resultset in a list
2023-01-07 13:29:57,101 INFO com.movie.controllers.MovieController [http-nio-8082-exec-4] In Controller, Retrieving
2023-01-07 13:29:57,102 INFO com.movie.service.MovieServiceImpl [http-nio-8082-exec-4] Connecting to the databaseMovieDB
2023-01-07 13:29:57,110 INFO com.movie.service.MovieServiceImpl [http-nio-8082-exec-4] MovieDBconnected
2023-01-07 13:29:57,111 INFO com.movie.service.MovieServiceImpl [http-nio-8082-exec-4] executing query
2023-01-07 13:29:57,114 INFO com.movie.service.MovieServiceImpl [http-nio-8082-exec-4] storing the resultset in a list
2023-01-07 13:30:02,494 INFO com.movie.controllers.MovieController [http-nio-8082-exec-5] In Controller, Retrieving
2023-01-07 13:30:02,494 INFO com.movie.service.MovieServiceImpl [http-nio-8082-exec-5] Connecting to the databaseMovieDB
2023-01-07 13:30:02,499 INFO com.movie.service.MovieServiceImpl [http-nio-8082-exec-5] MovieDBconnected
2023-01-07 13:30:02,499 INFO com.movie.service.MovieServiceImpl [http-nio-8082-exec-5] executing query
2023-01-07 13:30:02,500 INFO com.movie.service.MovieServiceImpl [http-nio-8082-exec-5] storing the resultset in a list
2023-01-07 13:30:04,374 INFO com.movie.controllers.MovieController [http-nio-8082-exec-6] In Controller, Retrieving
2023-01-07 13:30:04,374 INFO com.movie.service.MovieServiceImpl [http-nio-8082-exec-6] Connecting to the databaseMovieDB
2023-01-07 13:30:04,376 INFO com.movie.service.MovieServiceImpl [http-nio-8082-exec-6] MovieDBconnected
2023-01-07 13:30:04,377 INFO com.movie.service.MovieServiceImpl [http-nio-8082-exec-6] executing query
2023-01-07 13:30:04,378 INFO com.movie.service.MovieServiceImpl [http-nio-8082-exec-6] storing the resultset in a list
2023-01-07 13:30:06,687 INFO com.movie.controllers.MovieController [http-nio-8082-exec-7] In Controller, Retrieving
2023-01-07 13:30:06,688 INFO com.movie.service.MovieServiceImpl [http-nio-8082-exec-7] Connecting to the databaseMovieDB
2023-01-07 13:30:06,690 INFO com.movie.service.MovieServiceImpl [http-nio-8082-exec-7] MovieDBconnected
2023-01-07 13:30:06,691 INFO com.movie.service.MovieServiceImpl [http-nio-8082-exec-7] executing query
2023-01-07 13:30:06,694 INFO com.movie.service.MovieServiceImpl [http-nio-8082-exec-7] storing the resultset in a list
2023-01-07 13:30:08,349 INFO com.movie.controllers.MovieController [http-nio-8082-exec-8] In Controller, Retrieving
2023-01-07 13:30:08,349 INFO com.movie.service.MovieServiceImpl [http-nio-8082-exec-8] Connecting to the databaseMovieDB
2023-01-07 13:30:08,351 INFO com.movie.service.MovieServiceImpl [http-nio-8082-exec-8] MovieDBconnected
2023-01-07 13:30:08,351 INFO com.movie.service.MovieServiceImpl [http-nio-8082-exec-8] executing query
2023-01-07 13:30:08,354 INFO com.movie.service.MovieServiceImpl [http-nio-8082-exec-8] storing the resultset in a list
2023-01-07 13:30:09,755 INFO com.movie.controllers.MovieController [http-nio-8082-exec-9] In Controller, Retrieving
2023-01-07 13:30:09,755 INFO com.movie.service.MovieServiceImpl [http-nio-8082-exec-9] Connecting to the databaseMovieDB
2023-01-07 13:30:09,757 INFO com.movie.service.MovieServiceImpl [http-nio-8082-exec-9] MovieDBconnected
2023-01-07 13:30:09,757 INFO com.movie.service.MovieServiceImpl [http-nio-8082-exec-9] executing query
2023-01-07 13:30:09,758 INFO com.movie.service.MovieServiceImpl [http-nio-8082-exec-9] storing the resultset in a list
2023-01-07 13:30:10,895 INFO com.movie.controllers.MovieController [http-nio-8082-exec-10] In Controller, Retrieving
2023-01-07 13:30:10,896 INFO com.movie.service.MovieServiceImpl [http-nio-8082-exec-10] Connecting to the databaseMovieDB
2023-01-07 13:30:10,897 INFO com.movie.service.MovieServiceImpl [http-nio-8082-exec-10] MovieDBconnected
2023-01-07 13:30:10,898 INFO com.movie.service.MovieServiceImpl [http-nio-8082-exec-10] executing query
2023-01-07 13:30:10,899 INFO com.movie.service.MovieServiceImpl [http-nio-8082-exec-10] storing the resultset in a list
2023-01-07 13:30:12,589 INFO com.movie.controllers.MovieController [http-nio-8082-exec-1] In Controller, Retrieving
2023-01-07 13:30:12,589 INFO com.movie.service.MovieServiceImpl [http-nio-8082-exec-1] Connecting to the databaseMovieDB
2023-01-07 13:30:12,594 INFO com.movie.service.MovieServiceImpl [http-nio-8082-exec-1] MovieDBconnected
2023-01-07 13:30:12,595 INFO com.movie.service.MovieServiceImpl [http-nio-8082-exec-1] executing query
2023-01-07 13:30:12,597 INFO com.movie.service.MovieServiceImpl [http-nio-8082-exec-1] storing the resultset in a list
2023-01-07 13:30:13,766 INFO com.movie.controllers.MovieController [http-nio-8082-exec-2] In Controller, Retrieving
2023-01-07 13:30:13,767 INFO com.movie.service.MovieServiceImpl [http-nio-8082-exec-2] Connecting to the databaseMovieDB
2023-01-07 13:30:13,770 INFO com.movie.service.MovieServiceImpl [http-nio-8082-exec-2] MovieDBconnected
2023-01-07 13:30:13,770 INFO com.movie.service.MovieServiceImpl [http-nio-8082-exec-2] executing query
2023-01-07 13:30:13,772 INFO com.movie.service.MovieServiceImpl [http-nio-8082-exec-2] storing the resultset in a list
2023-01-07 13:30:16,736 INFO com.movie.controllers.MovieController [http-nio-8082-exec-3] In Controller, Retrieving
2023-01-07 13:30:16,736 INFO com.movie.service.MovieServiceImpl [http-nio-8082-exec-3] Connecting to the databaseMovieDB
2023-01-07 13:30:16,738 INFO com.movie.service.MovieServiceImpl [http-nio-8082-exec-3] MovieDBconnected
2023-01-07 13:30:16,738 INFO com.movie.service.MovieServiceImpl [http-nio-8082-exec-3] executing query
2023-01-07 13:30:16,740 INFO com.movie.service.MovieServiceImpl [http-nio-8082-exec-3] storing the resultset in a list
2023-01-07 13:30:19,978 INFO com.movie.controllers.MovieController [http-nio-8082-exec-4] In Controller, Retrieving
2023-01-07 13:30:19,978 INFO com.movie.service.MovieServiceImpl [http-nio-8082-exec-4] Connecting to the databaseMovieDB
2023-01-07 13:30:19,982 INFO com.movie.service.MovieServiceImpl [http-nio-8082-exec-4] MovieDBconnected
2023-01-07 13:30:19,982 INFO com.movie.service.MovieServiceImpl [http-nio-8082-exec-4] executing query
2023-01-07 13:30:19,984 INFO com.movie.service.MovieServiceImpl [http-nio-8082-exec-4] storing the resultset in a list
2023-01-07 13:30:21,857 INFO com.movie.controllers.MovieController [http-nio-8082-exec-5] In Controller, Retrieving
2023-01-07 13:30:21,857 INFO com.movie.service.MovieServiceImpl [http-nio-8082-exec-5] Connecting to the databaseMovieDB
2023-01-07 13:30:21,859 INFO com.movie.service.MovieServiceImpl [http-nio-8082-exec-5] MovieDBconnected
2023-01-07 13:30:21,859 INFO com.movie.service.MovieServiceImpl [http-nio-8082-exec-5] executing query
2023-01-07 13:30:21,860 INFO com.movie.service.MovieServiceImpl [http-nio-8082-exec-5] storing the resultset in a list
2023-01-07 13:30:36,349 INFO com.movie.controllers.MovieController [http-nio-8082-exec-6] In Controller, Retrieving
2023-01-07 13:30:36,350 INFO com.movie.service.MovieServiceImpl [http-nio-8082-exec-6] Connecting to the databaseMovieDB
2023-01-07 13:30:36,352 INFO com.movie.service.MovieServiceImpl [http-nio-8082-exec-6] MovieDBconnected
2023-01-07 13:30:36,353 INFO com.movie.service.MovieServiceImpl [http-nio-8082-exec-6] executing query
2023-01-07 13:30:36,354 INFO com.movie.service.MovieServiceImpl [http-nio-8082-exec-6] storing the resultset in a list
2023-01-07 13:30:38,775 INFO com.movie.controllers.MovieController [http-nio-8082-exec-7] In Controller, Retrieving
2023-01-07 13:30:38,776 INFO com.movie.service.MovieServiceImpl [http-nio-8082-exec-7] Connecting to the databaseMovieDB
2023-01-07 13:30:38,779 INFO com.movie.service.MovieServiceImpl [http-nio-8082-exec-7] MovieDBconnected
2023-01-07 13:30:38,779 INFO com.movie.service.MovieServiceImpl [http-nio-8082-exec-7] executing query
2023-01-07 13:30:38,783 INFO com.movie.service.MovieServiceImpl [http-nio-8082-exec-7] storing the resultset in a list
2023-01-07 13:30:39,629 INFO com.movie.controllers.MovieController [http-nio-8082-exec-8] In Controller, Retrieving
2023-01-07 13:30:39,630 INFO com.movie.service.MovieServiceImpl [http-nio-8082-exec-8] Connecting to the databaseMovieDB
2023-01-07 13:30:39,632 INFO com.movie.service.MovieServiceImpl [http-nio-8082-exec-8] MovieDBconnected
2023-01-07 13:30:39,633 INFO com.movie.service.MovieServiceImpl [http-nio-8082-exec-8] executing query
2023-01-07 13:30:39,634 INFO com.movie.service.MovieServiceImpl [http-nio-8082-exec-8] storing the resultset in a list
2023-01-07 13:30:46,815 INFO com.movie.controllers.MovieController [http-nio-8082-exec-9] In Controller, Retrieving
2023-01-07 13:30:46,816 INFO com.movie.service.MovieServiceImpl [http-nio-8082-exec-9] Connecting to the databaseMovieDB
2023-01-07 13:30:46,818 INFO com.movie.service.MovieServiceImpl [http-nio-8082-exec-9] MovieDBconnected
2023-01-07 13:30:46,819 INFO com.movie.service.MovieServiceImpl [http-nio-8082-exec-9] executing query
2023-01-07 13:30:46,820 INFO com.movie.service.MovieServiceImpl [http-nio-8082-exec-9] storing the resultset in a list
2023-01-07 13:30:53,646 INFO com.movie.controllers.MovieController [http-nio-8082-exec-10] In Controller, Retrieving
2023-01-07 13:30:53,647 INFO com.movie.service.MovieServiceImpl [http-nio-8082-exec-10] Connecting to the databaseMovieDB
2023-01-07 13:30:53,648 INFO com.movie.service.MovieServiceImpl [http-nio-8082-exec-10] MovieDBconnected
2023-01-07 13:30:53,649 INFO com.movie.service.MovieServiceImpl [http-nio-8082-exec-10] executing query
2023-01-07 13:30:53,650 INFO com.movie.service.MovieServiceImpl [http-nio-8082-exec-10] storing the resultset in a list
2023-01-07 13:31:10,709 INFO com.movie.controllers.MovieController [http-nio-8082-exec-1] In Controller, Retrieving
2023-01-07 13:31:10,710 INFO com.movie.service.MovieServiceImpl [http-nio-8082-exec-1] Connecting to the databaseMovieDB
2023-01-07 13:31:10,711 INFO com.movie.service.MovieServiceImpl [http-nio-8082-exec-1] MovieDBconnected
2023-01-07 13:31:10,711 INFO com.movie.service.MovieServiceImpl [http-nio-8082-exec-1] executing query
2023-01-07 13:31:10,713 INFO com.movie.service.MovieServiceImpl [http-nio-8082-exec-1] storing the resultset in a list
2023-01-07 13:31:15,764 INFO com.movie.controllers.MovieController [http-nio-8082-exec-2] In Controller, Retrieving
2023-01-07 13:31:15,765 INFO com.movie.service.MovieServiceImpl [http-nio-8082-exec-2] Connecting to the databaseMovieDB
2023-01-07 13:31:15,767 INFO com.movie.service.MovieServiceImpl [http-nio-8082-exec-2] MovieDBconnected
2023-01-07 13:31:15,767 INFO com.movie.service.MovieServiceImpl [http-nio-8082-exec-2] executing query
2023-01-07 13:31:15,769 INFO com.movie.service.MovieServiceImpl [http-nio-8082-exec-2] storing the resultset in a list
2023-01-07 13:31:20,192 INFO com.movie.controllers.MovieController [http-nio-8082-exec-3] In Controller, Retrieving
2023-01-07 13:31:20,193 INFO com.movie.service.MovieServiceImpl [http-nio-8082-exec-3] Connecting to the databaseMovieDB
2023-01-07 13:31:20,195 INFO com.movie.service.MovieServiceImpl [http-nio-8082-exec-3] MovieDBconnected
2023-01-07 13:31:20,195 INFO com.movie.service.MovieServiceImpl [http-nio-8082-exec-3] executing query
2023-01-07 13:31:20,196 INFO com.movie.service.MovieServiceImpl [http-nio-8082-exec-3] storing the resultset in a list
2023-01-07 13:31:26,463 INFO com.movie.controllers.MovieController [http-nio-8082-exec-4] In Controller, Retrieving
2023-01-07 13:31:26,463 INFO com.movie.service.MovieServiceImpl [http-nio-8082-exec-4] Connecting to the databaseMovieDB
2023-01-07 13:31:26,465 INFO com.movie.service.MovieServiceImpl [http-nio-8082-exec-4] MovieDBconnected
2023-01-07 13:31:26,465 INFO com.movie.service.MovieServiceImpl [http-nio-8082-exec-4] executing query
2023-01-07 13:31:26,466 INFO com.movie.service.MovieServiceImpl [http-nio-8082-exec-4] storing the resultset in a list
2023-01-07 13:31:30,623 INFO com.movie.controllers.MovieController [http-nio-8082-exec-5] In Controller, Retrieving
2023-01-07 13:31:30,623 INFO com.movie.service.MovieServiceImpl [http-nio-8082-exec-5] Connecting to the databaseMovieDB
2023-01-07 13:31:30,625 INFO com.movie.service.MovieServiceImpl [http-nio-8082-exec-5] MovieDBconnected
2023-01-07 13:31:30,625 INFO com.movie.service.MovieServiceImpl [http-nio-8082-exec-5] executing query
2023-01-07 13:31:30,626 INFO com.movie.service.MovieServiceImpl [http-nio-8082-exec-5] storing the resultset in a list
2023-01-07 13:31:38,041 INFO com.movie.controllers.MovieController [http-nio-8082-exec-6] In Controller, Retrieving
2023-01-07 13:31:38,041 INFO com.movie.service.MovieServiceImpl [http-nio-8082-exec-6] Connecting to the databaseMovieDB
2023-01-07 13:31:38,044 INFO com.movie.service.MovieServiceImpl [http-nio-8082-exec-6] MovieDBconnected
2023-01-07 13:31:38,045 INFO com.movie.service.MovieServiceImpl [http-nio-8082-exec-6] executing query
2023-01-07 13:31:38,047 INFO com.movie.service.MovieServiceImpl [http-nio-8082-exec-6] storing the resultset in a list
2023-01-07 13:31:45,992 INFO com.movie.controllers.MovieController [http-nio-8082-exec-7] In Controller, Retrieving
2023-01-07 13:31:45,993 INFO com.movie.service.MovieServiceImpl [http-nio-8082-exec-7] Connecting to the databaseMovieDB
2023-01-07 13:31:45,994 INFO com.movie.service.MovieServiceImpl [http-nio-8082-exec-7] MovieDBconnected
2023-01-07 13:31:45,994 INFO com.movie.service.MovieServiceImpl [http-nio-8082-exec-7] executing query
2023-01-07 13:31:45,996 INFO com.movie.service.MovieServiceImpl [http-nio-8082-exec-7] storing the resultset in a list
2023-01-07 13:31:51,384 INFO com.movie.controllers.MovieController [http-nio-8082-exec-8] In Controller, Retrieving
2023-01-07 13:31:51,384 INFO com.movie.service.MovieServiceImpl [http-nio-8082-exec-8] Connecting to the databaseMovieDB
2023-01-07 13:31:51,387 INFO com.movie.service.MovieServiceImpl [http-nio-8082-exec-8] MovieDBconnected
2023-01-07 13:31:51,387 INFO com.movie.service.MovieServiceImpl [http-nio-8082-exec-8] executing query
2023-01-07 13:31:51,389 INFO com.movie.service.MovieServiceImpl [http-nio-8082-exec-8] storing the resultset in a list
2023-01-07 13:31:56,065 INFO com.movie.controllers.MovieController [http-nio-8082-exec-9] In Controller, Retrieving
2023-01-07 13:31:56,065 INFO com.movie.service.MovieServiceImpl [http-nio-8082-exec-9] Connecting to the databaseMovieDB
2023-01-07 13:31:56,067 INFO com.movie.service.MovieServiceImpl [http-nio-8082-exec-9] MovieDBconnected
2023-01-07 13:31:56,067 INFO com.movie.service.MovieServiceImpl [http-nio-8082-exec-9] executing query
2023-01-07 13:31:56,068 INFO com.movie.service.MovieServiceImpl [http-nio-8082-exec-9] storing the resultset in a list
2023-01-07 13:32:02,376 INFO com.movie.controllers.MovieController [http-nio-8082-exec-10] In Controller, Retrieving
2023-01-07 13:32:02,377 INFO com.movie.service.MovieServiceImpl [http-nio-8082-exec-10] Connecting to the databaseMovieDB
2023-01-07 13:32:02,379 INFO com.movie.service.MovieServiceImpl [http-nio-8082-exec-10] MovieDBconnected
2023-01-07 13:32:02,380 INFO com.movie.service.MovieServiceImpl [http-nio-8082-exec-10] executing query
2023-01-07 13:32:02,382 INFO com.movie.service.MovieServiceImpl [http-nio-8082-exec-10] storing the resultset in a list
2023-01-07 13:32:08,207 INFO com.movie.controllers.MovieController [http-nio-8082-exec-1] In Controller, Retrieving
2023-01-07 13:32:08,207 INFO com.movie.service.MovieServiceImpl [http-nio-8082-exec-1] Connecting to the databaseMovieDB
2023-01-07 13:32:08,209 INFO com.movie.service.MovieServiceImpl [http-nio-8082-exec-1] MovieDBconnected
2023-01-07 13:32:08,210 INFO com.movie.service.MovieServiceImpl [http-nio-8082-exec-1] executing query
2023-01-07 13:32:08,211 INFO com.movie.service.MovieServiceImpl [http-nio-8082-exec-1] storing the resultset in a list
2023-01-07 13:32:15,301 INFO com.movie.controllers.MovieController [http-nio-8082-exec-2] In Controller, Retrieving
2023-01-07 13:32:15,302 INFO com.movie.service.MovieServiceImpl [http-nio-8082-exec-2] Connecting to the databaseMovieDB
2023-01-07 13:32:15,305 INFO com.movie.service.MovieServiceImpl [http-nio-8082-exec-2] MovieDBconnected
2023-01-07 13:32:15,305 INFO com.movie.service.MovieServiceImpl [http-nio-8082-exec-2] executing query
2023-01-07 13:32:15,307 INFO com.movie.service.MovieServiceImpl [http-nio-8082-exec-2] storing the resultset in a list
2023-01-07 13:32:20,472 INFO com.movie.controllers.MovieController [http-nio-8082-exec-3] In Controller, Retrieving
2023-01-07 13:32:20,472 INFO com.movie.service.MovieServiceImpl [http-nio-8082-exec-3] Connecting to the databaseMovieDB
2023-01-07 13:32:20,474 INFO com.movie.service.MovieServiceImpl [http-nio-8082-exec-3] MovieDBconnected
2023-01-07 13:32:20,475 INFO com.movie.service.MovieServiceImpl [http-nio-8082-exec-3] executing query
2023-01-07 13:32:20,476 INFO com.movie.service.MovieServiceImpl [http-nio-8082-exec-3] storing the resultset in a list
2023-01-07 13:32:26,573 INFO com.movie.controllers.MovieController [http-nio-8082-exec-4] In Controller, Retrieving
2023-01-07 13:32:26,574 INFO com.movie.service.MovieServiceImpl [http-nio-8082-exec-4] Connecting to the databaseMovieDB
2023-01-07 13:32:26,576 INFO com.movie.service.MovieServiceImpl [http-nio-8082-exec-4] MovieDBconnected
2023-01-07 13:32:26,576 INFO com.movie.service.MovieServiceImpl [http-nio-8082-exec-4] executing query
2023-01-07 13:32:26,578 INFO com.movie.service.MovieServiceImpl [http-nio-8082-exec-4] storing the resultset in a list
2023-01-07 13:32:31,504 INFO com.movie.controllers.MovieController [http-nio-8082-exec-5] In Controller, Retrieving
2023-01-07 13:32:31,505 INFO com.movie.service.MovieServiceImpl [http-nio-8082-exec-5] Connecting to the databaseMovieDB
2023-01-07 13:32:31,507 INFO com.movie.service.MovieServiceImpl [http-nio-8082-exec-5] MovieDBconnected
2023-01-07 13:32:31,508 INFO com.movie.service.MovieServiceImpl [http-nio-8082-exec-5] executing query
2023-01-07 13:32:31,509 INFO com.movie.service.MovieServiceImpl [http-nio-8082-exec-5] storing the resultset in a list
2023-01-07 13:32:38,391 INFO com.movie.controllers.MovieController [http-nio-8082-exec-6] In Controller, Retrieving
2023-01-07 13:32:38,391 INFO com.movie.service.MovieServiceImpl [http-nio-8082-exec-6] Connecting to the databaseMovieDB
2023-01-07 13:32:38,393 INFO com.movie.service.MovieServiceImpl [http-nio-8082-exec-6] MovieDBconnected
2023-01-07 13:32:38,394 INFO com.movie.service.MovieServiceImpl [http-nio-8082-exec-6] executing query
2023-01-07 13:32:38,395 INFO com.movie.service.MovieServiceImpl [http-nio-8082-exec-6] storing the resultset in a list
2023-01-07 13:32:44,111 INFO com.movie.controllers.MovieController [http-nio-8082-exec-7] In Controller, Retrieving
2023-01-07 13:32:44,111 INFO com.movie.service.MovieServiceImpl [http-nio-8082-exec-7] Connecting to the databaseMovieDB
2023-01-07 13:32:44,113 INFO com.movie.service.MovieServiceImpl [http-nio-8082-exec-7] MovieDBconnected
2023-01-07 13:32:44,113 INFO com.movie.service.MovieServiceImpl [http-nio-8082-exec-7] executing query
2023-01-07 13:32:44,115 INFO com.movie.service.MovieServiceImpl [http-nio-8082-exec-7] storing the resultset in a list
2023-01-07 13:32:46,774 INFO com.movie.controllers.MovieController [http-nio-8082-exec-8] In Controller, Retrieving
2023-01-07 13:32:46,775 INFO com.movie.service.MovieServiceImpl [http-nio-8082-exec-8] Connecting to the databaseMovieDB
2023-01-07 13:32:46,777 INFO com.movie.service.MovieServiceImpl [http-nio-8082-exec-8] MovieDBconnected
2023-01-07 13:32:46,777 INFO com.movie.service.MovieServiceImpl [http-nio-8082-exec-8] executing query
2023-01-07 13:32:46,780 INFO com.movie.service.MovieServiceImpl [http-nio-8082-exec-8] storing the resultset in a list
2023-01-07 13:32:48,678 INFO com.movie.controllers.MovieController [http-nio-8082-exec-9] In Controller, Retrieving
2023-01-07 13:32:48,679 INFO com.movie.service.MovieServiceImpl [http-nio-8082-exec-9] Connecting to the databaseMovieDB
2023-01-07 13:32:48,681 INFO com.movie.service.MovieServiceImpl [http-nio-8082-exec-9] MovieDBconnected
2023-01-07 13:32:48,682 INFO com.movie.service.MovieServiceImpl [http-nio-8082-exec-9] executing query
2023-01-07 13:32:48,684 INFO com.movie.service.MovieServiceImpl [http-nio-8082-exec-9] storing the resultset in a list
2023-01-07 13:32:53,147 INFO com.movie.controllers.MovieController [http-nio-8082-exec-10] In Controller, Retrieving
2023-01-07 13:32:53,147 INFO com.movie.service.MovieServiceImpl [http-nio-8082-exec-10] Connecting to the databaseMovieDB
2023-01-07 13:32:53,150 INFO com.movie.service.MovieServiceImpl [http-nio-8082-exec-10] MovieDBconnected
2023-01-07 13:32:53,150 INFO com.movie.service.MovieServiceImpl [http-nio-8082-exec-10] executing query
2023-01-07 13:32:53,151 INFO com.movie.service.MovieServiceImpl [http-nio-8082-exec-10] storing the resultset in a list
2023-01-07 13:33:01,082 INFO com.movie.controllers.MovieController [http-nio-8082-exec-1] In Controller, Retrieving
2023-01-07 13:33:01,083 INFO com.movie.service.MovieServiceImpl [http-nio-8082-exec-1] Connecting to the databaseMovieDB
2023-01-07 13:33:01,085 INFO com.movie.service.MovieServiceImpl [http-nio-8082-exec-1] MovieDBconnected
2023-01-07 13:33:01,085 INFO com.movie.service.MovieServiceImpl [http-nio-8082-exec-1] executing query
2023-01-07 13:33:01,086 INFO com.movie.service.MovieServiceImpl [http-nio-8082-exec-1] storing the resultset in a list
2023-01-07 13:33:58,844 INFO com.netflix.discovery.shared.resolver.aws.ConfigClusterResolver [AsyncResolver-bootstrap-executor-0] Resolving eureka endpoints via configuration
2023-01-07 13:38:58,845 INFO com.netflix.discovery.shared.resolver.aws.ConfigClusterResolver [AsyncResolver-bootstrap-executor-0] Resolving eureka endpoints via configuration
2023-01-07 13:43:58,846 INFO com.netflix.discovery.shared.resolver.aws.ConfigClusterResolver [AsyncResolver-bootstrap-executor-0] Resolving eureka endpoints via configuration
2023-01-07 13:48:58,848 INFO com.netflix.discovery.shared.resolver.aws.ConfigClusterResolver [AsyncResolver-bootstrap-executor-0] Resolving eureka endpoints via configuration
2023-01-07 13:53:58,850 INFO com.netflix.discovery.shared.resolver.aws.ConfigClusterResolver [AsyncResolver-bootstrap-executor-0] Resolving eureka endpoints via configuration
2023-01-07 13:58:58,855 INFO com.netflix.discovery.shared.resolver.aws.ConfigClusterResolver [AsyncResolver-bootstrap-executor-0] Resolving eureka endpoints via configuration
2023-01-07 14:27:04,135 INFO com.netflix.discovery.shared.resolver.aws.ConfigClusterResolver [AsyncResolver-bootstrap-executor-0] Resolving eureka endpoints via configuration
2023-01-07 14:32:04,151 INFO com.netflix.discovery.shared.resolver.aws.ConfigClusterResolver [AsyncResolver-bootstrap-executor-0] Resolving eureka endpoints via configuration
2023-01-07 14:37:04,157 INFO com.netflix.discovery.shared.resolver.aws.ConfigClusterResolver [AsyncResolver-bootstrap-executor-0] Resolving eureka endpoints via configuration
2023-01-07 14:42:04,172 INFO com.netflix.discovery.shared.resolver.aws.ConfigClusterResolver [AsyncResolver-bootstrap-executor-0] Resolving eureka endpoints via configuration
2023-01-07 14:47:04,189 INFO com.netflix.discovery.shared.resolver.aws.ConfigClusterResolver [AsyncResolver-bootstrap-executor-0] Resolving eureka endpoints via configuration
2023-01-07 14:52:04,194 INFO com.netflix.discovery.shared.resolver.aws.ConfigClusterResolver [AsyncResolver-bootstrap-executor-0] Resolving eureka endpoints via configuration
2023-01-07 14:57:04,204 INFO com.netflix.discovery.shared.resolver.aws.ConfigClusterResolver [AsyncResolver-bootstrap-executor-0] Resolving eureka endpoints via configuration
2023-01-07 15:02:04,219 INFO com.netflix.discovery.shared.resolver.aws.ConfigClusterResolver [AsyncResolver-bootstrap-executor-0] Resolving eureka endpoints via configuration
2023-01-07 15:07:04,229 INFO com.netflix.discovery.shared.resolver.aws.ConfigClusterResolver [AsyncResolver-bootstrap-executor-0] Resolving eureka endpoints via configuration
2023-01-07 15:12:04,240 INFO com.netflix.discovery.shared.resolver.aws.ConfigClusterResolver [AsyncResolver-bootstrap-executor-0] Resolving eureka endpoints via configuration
2023-01-07 15:17:04,243 INFO com.netflix.discovery.shared.resolver.aws.ConfigClusterResolver [AsyncResolver-bootstrap-executor-0] Resolving eureka endpoints via configuration
2023-01-07 15:22:04,249 INFO com.netflix.discovery.shared.resolver.aws.ConfigClusterResolver [AsyncResolver-bootstrap-executor-0] Resolving eureka endpoints via configuration
2023-01-07 15:27:04,256 INFO com.netflix.discovery.shared.resolver.aws.ConfigClusterResolver [AsyncResolver-bootstrap-executor-0] Resolving eureka endpoints via configuration
2023-01-07 15:32:04,272 INFO com.netflix.discovery.shared.resolver.aws.ConfigClusterResolver [AsyncResolver-bootstrap-executor-0] Resolving eureka endpoints via configuration
2023-01-07 15:37:04,284 INFO com.netflix.discovery.shared.resolver.aws.ConfigClusterResolver [AsyncResolver-bootstrap-executor-0] Resolving eureka endpoints via configuration
2023-01-07 15:42:03,000 INFO com.netflix.discovery.shared.resolver.aws.ConfigClusterResolver [AsyncResolver-bootstrap-executor-0] Resolving eureka endpoints via configuration
2023-01-07 15:47:03,013 INFO com.netflix.discovery.shared.resolver.aws.ConfigClusterResolver [AsyncResolver-bootstrap-executor-0] Resolving eureka endpoints via configuration
2023-01-07 15:52:03,015 INFO com.netflix.discovery.shared.resolver.aws.ConfigClusterResolver [AsyncResolver-bootstrap-executor-0] Resolving eureka endpoints via configuration
2023-01-07 15:57:03,031 INFO com.netflix.discovery.shared.resolver.aws.ConfigClusterResolver [AsyncResolver-bootstrap-executor-0] Resolving eureka endpoints via configuration
2023-01-07 16:02:03,044 INFO com.netflix.discovery.shared.resolver.aws.ConfigClusterResolver [AsyncResolver-bootstrap-executor-0] Resolving eureka endpoints via configuration
2023-01-07 16:06:38,750 INFO com.movie.controllers.MovieController [http-nio-8082-exec-4] In Controller, Retrieving
2023-01-07 16:06:38,756 INFO com.movie.service.MovieServiceImpl [http-nio-8082-exec-4] Connecting to the databaseMovieDB
2023-01-07 16:06:38,907 INFO com.movie.service.MovieServiceImpl [http-nio-8082-exec-4] MovieDBconnected
2023-01-07 16:06:38,907 INFO com.movie.service.MovieServiceImpl [http-nio-8082-exec-4] executing query
2023-01-07 16:06:38,952 INFO com.movie.service.MovieServiceImpl [http-nio-8082-exec-4] storing the resultset in a list
2023-01-07 16:07:03,047 INFO com.netflix.discovery.shared.resolver.aws.ConfigClusterResolver [AsyncResolver-bootstrap-executor-0] Resolving eureka endpoints via configuration
2023-01-07 16:07:32,246 INFO com.movie.controllers.MovieController [http-nio-8082-exec-6] In Controller, Paging
2023-01-07 16:07:32,246 INFO com.movie.service.MovieServiceImpl [http-nio-8082-exec-6] Performing Paging
2023-01-07 16:07:32,247 INFO com.movie.service.MovieServiceImpl [http-nio-8082-exec-6] Connecting to the databaseMovieDB
2023-01-07 16:07:32,253 INFO com.movie.service.MovieServiceImpl [http-nio-8082-exec-6] MovieDBconnected
2023-01-07 16:07:32,253 INFO com.movie.service.MovieServiceImpl [http-nio-8082-exec-6] executing query
2023-01-07 16:07:32,258 INFO com.movie.service.MovieServiceImpl [http-nio-8082-exec-6] storing the resultset in a list
2023-01-07 16:07:32,258 INFO com.movie.service.MovieServiceImpl [http-nio-8082-exec-6] Connecting to the databaseMovieDB
2023-01-07 16:07:32,261 INFO com.movie.service.MovieServiceImpl [http-nio-8082-exec-6] MovieDBconnected
2023-01-07 16:07:32,262 INFO com.movie.service.MovieServiceImpl [http-nio-8082-exec-6] executing query
2023-01-07 16:07:32,265 INFO com.movie.service.MovieServiceImpl [http-nio-8082-exec-6] storing the resultset in a list
2023-01-07 16:10:45,307 INFO com.movie.controllers.MovieController [http-nio-8082-exec-9] In Controller, Paging
2023-01-07 16:10:45,308 INFO com.movie.service.MovieServiceImpl [http-nio-8082-exec-9] Performing Paging
2023-01-07 16:10:45,308 INFO com.movie.service.MovieServiceImpl [http-nio-8082-exec-9] Connecting to the databaseMovieDB
2023-01-07 16:10:45,313 INFO com.movie.service.MovieServiceImpl [http-nio-8082-exec-9] MovieDBconnected
2023-01-07 16:10:45,314 INFO com.movie.service.MovieServiceImpl [http-nio-8082-exec-9] executing query
2023-01-07 16:10:45,320 INFO com.movie.service.MovieServiceImpl [http-nio-8082-exec-9] storing the resultset in a list
2023-01-07 16:10:45,321 INFO com.movie.service.MovieServiceImpl [http-nio-8082-exec-9] Connecting to the databaseMovieDB
2023-01-07 16:10:45,323 INFO com.movie.service.MovieServiceImpl [http-nio-8082-exec-9] MovieDBconnected
2023-01-07 16:10:45,324 INFO com.movie.service.MovieServiceImpl [http-nio-8082-exec-9] executing query
2023-01-07 16:10:45,330 INFO com.movie.service.MovieServiceImpl [http-nio-8082-exec-9] storing the resultset in a list
2023-01-07 16:12:03,056 INFO com.netflix.discovery.shared.resolver.aws.ConfigClusterResolver [AsyncResolver-bootstrap-executor-0] Resolving eureka endpoints via configuration
2023-01-07 16:17:03,067 INFO com.netflix.discovery.shared.resolver.aws.ConfigClusterResolver [AsyncResolver-bootstrap-executor-0] Resolving eureka endpoints via configuration
2023-01-07 16:22:03,070 INFO com.netflix.discovery.shared.resolver.aws.ConfigClusterResolver [AsyncResolver-bootstrap-executor-0] Resolving eureka endpoints via configuration
2023-01-07 16:27:03,084 INFO com.netflix.discovery.shared.resolver.aws.ConfigClusterResolver [AsyncResolver-bootstrap-executor-0] Resolving eureka endpoints via configuration
2023-01-07 16:32:03,098 INFO com.netflix.discovery.shared.resolver.aws.ConfigClusterResolver [AsyncResolver-bootstrap-executor-0] Resolving eureka endpoints via configuration
2023-01-07 16:37:03,109 INFO com.netflix.discovery.shared.resolver.aws.ConfigClusterResolver [AsyncResolver-bootstrap-executor-0] Resolving eureka endpoints via configuration
2023-01-07 16:42:03,119 INFO com.netflix.discovery.shared.resolver.aws.ConfigClusterResolver [AsyncResolver-bootstrap-executor-0] Resolving eureka endpoints via configuration
2023-01-07 16:47:03,129 INFO com.netflix.discovery.shared.resolver.aws.ConfigClusterResolver [AsyncResolver-bootstrap-executor-0] Resolving eureka endpoints via configuration
2023-01-07 16:52:03,140 INFO com.netflix.discovery.shared.resolver.aws.ConfigClusterResolver [AsyncResolver-bootstrap-executor-0] Resolving eureka endpoints via configuration
2023-01-07 16:57:03,152 INFO com.netflix.discovery.shared.resolver.aws.ConfigClusterResolver [AsyncResolver-bootstrap-executor-0] Resolving eureka endpoints via configuration
2023-01-07 17:02:03,156 INFO com.netflix.discovery.shared.resolver.aws.ConfigClusterResolver [AsyncResolver-bootstrap-executor-0] Resolving eureka endpoints via configuration
2023-01-07 17:07:03,169 INFO com.netflix.discovery.shared.resolver.aws.ConfigClusterResolver [AsyncResolver-bootstrap-executor-0] Resolving eureka endpoints via configuration
2023-01-07 17:12:03,184 INFO com.netflix.discovery.shared.resolver.aws.ConfigClusterResolver [AsyncResolver-bootstrap-executor-0] Resolving eureka endpoints via configuration
2023-01-07 17:17:03,192 INFO com.netflix.discovery.shared.resolver.aws.ConfigClusterResolver [AsyncResolver-bootstrap-executor-0] Resolving eureka endpoints via configuration
2023-01-07 17:22:03,196 INFO com.netflix.discovery.shared.resolver.aws.ConfigClusterResolver [AsyncResolver-bootstrap-executor-0] Resolving eureka endpoints via configuration
2023-01-07 17:27:03,209 INFO com.netflix.discovery.shared.resolver.aws.ConfigClusterResolver [AsyncResolver-bootstrap-executor-0] Resolving eureka endpoints via configuration
2023-01-07 17:32:03,216 INFO com.netflix.discovery.shared.resolver.aws.ConfigClusterResolver [AsyncResolver-bootstrap-executor-0] Resolving eureka endpoints via configuration
2023-01-07 17:37:03,221 INFO com.netflix.discovery.shared.resolver.aws.ConfigClusterResolver [AsyncResolver-bootstrap-executor-0] Resolving eureka endpoints via configuration
2023-01-07 17:42:03,232 INFO com.netflix.discovery.shared.resolver.aws.ConfigClusterResolver [AsyncResolver-bootstrap-executor-0] Resolving eureka endpoints via configuration
2023-01-07 17:47:03,249 INFO com.netflix.discovery.shared.resolver.aws.ConfigClusterResolver [AsyncResolver-bootstrap-executor-0] Resolving eureka endpoints via configuration
2023-01-07 17:52:03,260 INFO com.netflix.discovery.shared.resolver.aws.ConfigClusterResolver [AsyncResolver-bootstrap-executor-0] Resolving eureka endpoints via configuration
2023-01-07 17:57:03,271 INFO com.netflix.discovery.shared.resolver.aws.ConfigClusterResolver [AsyncResolver-bootstrap-executor-0] Resolving eureka endpoints via configuration
2023-01-07 18:02:03,278 INFO com.netflix.discovery.shared.resolver.aws.ConfigClusterResolver [AsyncResolver-bootstrap-executor-0] Resolving eureka endpoints via configuration
2023-01-07 18:07:03,287 INFO com.netflix.discovery.shared.resolver.aws.ConfigClusterResolver [AsyncResolver-bootstrap-executor-0] Resolving eureka endpoints via configuration
2023-01-07 18:12:03,302 INFO com.netflix.discovery.shared.resolver.aws.ConfigClusterResolver [AsyncResolver-bootstrap-executor-0] Resolving eureka endpoints via configuration
2023-01-07 18:17:03,317 INFO com.netflix.discovery.shared.resolver.aws.ConfigClusterResolver [AsyncResolver-bootstrap-executor-0] Resolving eureka endpoints via configuration
2023-01-07 18:22:03,320 INFO com.netflix.discovery.shared.resolver.aws.ConfigClusterResolver [AsyncResolver-bootstrap-executor-0] Resolving eureka endpoints via configuration
2023-01-07 18:27:03,333 INFO com.netflix.discovery.shared.resolver.aws.ConfigClusterResolver [AsyncResolver-bootstrap-executor-0] Resolving eureka endpoints via configuration
2023-01-07 18:32:03,344 INFO com.netflix.discovery.shared.resolver.aws.ConfigClusterResolver [AsyncResolver-bootstrap-executor-0] Resolving eureka endpoints via configuration
2023-01-07 18:37:03,350 INFO com.netflix.discovery.shared.resolver.aws.ConfigClusterResolver [AsyncResolver-bootstrap-executor-0] Resolving eureka endpoints via configuration
2023-01-07 18:42:03,354 INFO com.netflix.discovery.shared.resolver.aws.ConfigClusterResolver [AsyncResolver-bootstrap-executor-0] Resolving eureka endpoints via configuration
2023-01-07 18:47:03,357 INFO com.netflix.discovery.shared.resolver.aws.ConfigClusterResolver [AsyncResolver-bootstrap-executor-0] Resolving eureka endpoints via configuration
2023-01-07 18:52:03,358 INFO com.netflix.discovery.shared.resolver.aws.ConfigClusterResolver [AsyncResolver-bootstrap-executor-0] Resolving eureka endpoints via configuration
2023-01-07 18:57:03,366 INFO com.netflix.discovery.shared.resolver.aws.ConfigClusterResolver [AsyncResolver-bootstrap-executor-0] Resolving eureka endpoints via configuration
2023-01-07 19:02:03,381 INFO com.netflix.discovery.shared.resolver.aws.ConfigClusterResolver [AsyncResolver-bootstrap-executor-0] Resolving eureka endpoints via configuration
2023-01-07 19:07:03,384 INFO com.netflix.discovery.shared.resolver.aws.ConfigClusterResolver [AsyncResolver-bootstrap-executor-0] Resolving eureka endpoints via configuration
2023-01-07 19:12:03,387 INFO com.netflix.discovery.shared.resolver.aws.ConfigClusterResolver [AsyncResolver-bootstrap-executor-0] Resolving eureka endpoints via configuration
2023-01-07 19:17:03,402 INFO com.netflix.discovery.shared.resolver.aws.ConfigClusterResolver [AsyncResolver-bootstrap-executor-0] Resolving eureka endpoints via configuration
2023-01-07 19:22:03,416 INFO com.netflix.discovery.shared.resolver.aws.ConfigClusterResolver [AsyncResolver-bootstrap-executor-0] Resolving eureka endpoints via configuration
2023-01-07 19:27:03,432 INFO com.netflix.discovery.shared.resolver.aws.ConfigClusterResolver [AsyncResolver-bootstrap-executor-0] Resolving eureka endpoints via configuration
2023-01-07 19:32:03,438 INFO com.netflix.discovery.shared.resolver.aws.ConfigClusterResolver [AsyncResolver-bootstrap-executor-0] Resolving eureka endpoints via configuration
2023-01-07 19:37:03,443 INFO com.netflix.discovery.shared.resolver.aws.ConfigClusterResolver [AsyncResolver-bootstrap-executor-0] Resolving eureka endpoints via configuration
2023-01-07 19:42:03,452 INFO com.netflix.discovery.shared.resolver.aws.ConfigClusterResolver [AsyncResolver-bootstrap-executor-0] Resolving eureka endpoints via configuration
2023-01-07 19:47:03,462 INFO com.netflix.discovery.shared.resolver.aws.ConfigClusterResolver [AsyncResolver-bootstrap-executor-0] Resolving eureka endpoints via configuration
2023-01-07 19:52:03,463 INFO com.netflix.discovery.shared.resolver.aws.ConfigClusterResolver [AsyncResolver-bootstrap-executor-0] Resolving eureka endpoints via configuration
2023-01-07 19:57:03,479 INFO com.netflix.discovery.shared.resolver.aws.ConfigClusterResolver [AsyncResolver-bootstrap-executor-0] Resolving eureka endpoints via configuration
2023-01-07 20:02:03,492 INFO com.netflix.discovery.shared.resolver.aws.ConfigClusterResolver [AsyncResolver-bootstrap-executor-0] Resolving eureka endpoints via configuration
2023-01-07 20:07:03,505 INFO com.netflix.discovery.shared.resolver.aws.ConfigClusterResolver [AsyncResolver-bootstrap-executor-0] Resolving eureka endpoints via configuration
2023-01-07 20:12:03,515 INFO com.netflix.discovery.shared.resolver.aws.ConfigClusterResolver [AsyncResolver-bootstrap-executor-0] Resolving eureka endpoints via configuration
2023-01-07 20:17:03,524 INFO com.netflix.discovery.shared.resolver.aws.ConfigClusterResolver [AsyncResolver-bootstrap-executor-0] Resolving eureka endpoints via configuration
2023-01-07 20:22:03,537 INFO com.netflix.discovery.shared.resolver.aws.ConfigClusterResolver [AsyncResolver-bootstrap-executor-0] Resolving eureka endpoints via configuration
2023-01-07 20:27:03,547 INFO com.netflix.discovery.shared.resolver.aws.ConfigClusterResolver [AsyncResolver-bootstrap-executor-0] Resolving eureka endpoints via configuration
2023-01-07 20:32:03,560 INFO com.netflix.discovery.shared.resolver.aws.ConfigClusterResolver [AsyncResolver-bootstrap-executor-0] Resolving eureka endpoints via configuration
2023-01-07 20:37:03,562 INFO com.netflix.discovery.shared.resolver.aws.ConfigClusterResolver [AsyncResolver-bootstrap-executor-0] Resolving eureka endpoints via configuration
2023-01-07 20:42:03,577 INFO com.netflix.discovery.shared.resolver.aws.ConfigClusterResolver [AsyncResolver-bootstrap-executor-0] Resolving eureka endpoints via configuration
2023-01-07 20:47:03,579 INFO com.netflix.discovery.shared.resolver.aws.ConfigClusterResolver [AsyncResolver-bootstrap-executor-0] Resolving eureka endpoints via configuration
2023-01-07 20:52:03,583 INFO com.netflix.discovery.shared.resolver.aws.ConfigClusterResolver [AsyncResolver-bootstrap-executor-0] Resolving eureka endpoints via configuration
2023-01-07 20:57:03,588 INFO com.netflix.discovery.shared.resolver.aws.ConfigClusterResolver [AsyncResolver-bootstrap-executor-0] Resolving eureka endpoints via configuration
2023-01-07 21:02:03,598 INFO com.netflix.discovery.shared.resolver.aws.ConfigClusterResolver [AsyncResolver-bootstrap-executor-0] Resolving eureka endpoints via configuration
2023-01-07 21:07:03,602 INFO com.netflix.discovery.shared.resolver.aws.ConfigClusterResolver [AsyncResolver-bootstrap-executor-0] Resolving eureka endpoints via configuration
2023-01-07 21:12:03,607 INFO com.netflix.discovery.shared.resolver.aws.ConfigClusterResolver [AsyncResolver-bootstrap-executor-0] Resolving eureka endpoints via configuration
2023-01-07 21:17:03,620 INFO com.netflix.discovery.shared.resolver.aws.ConfigClusterResolver [AsyncResolver-bootstrap-executor-0] Resolving eureka endpoints via configuration
2023-01-07 21:22:03,623 INFO com.netflix.discovery.shared.resolver.aws.ConfigClusterResolver [AsyncResolver-bootstrap-executor-0] Resolving eureka endpoints via configuration
2023-01-07 21:27:03,625 INFO com.netflix.discovery.shared.resolver.aws.ConfigClusterResolver [AsyncResolver-bootstrap-executor-0] Resolving eureka endpoints via configuration
2023-01-07 21:32:03,631 INFO com.netflix.discovery.shared.resolver.aws.ConfigClusterResolver [AsyncResolver-bootstrap-executor-0] Resolving eureka endpoints via configuration
2023-01-07 21:37:03,638 INFO com.netflix.discovery.shared.resolver.aws.ConfigClusterResolver [AsyncResolver-bootstrap-executor-0] Resolving eureka endpoints via configuration
2023-01-07 21:42:03,649 INFO com.netflix.discovery.shared.resolver.aws.ConfigClusterResolver [AsyncResolver-bootstrap-executor-0] Resolving eureka endpoints via configuration
2023-01-07 21:47:03,651 INFO com.netflix.discovery.shared.resolver.aws.ConfigClusterResolver [AsyncResolver-bootstrap-executor-0] Resolving eureka endpoints via configuration
